{"numFailedTestSuites":0,"numFailedTests":0,"numPassedTestSuites":67,"numPassedTests":674,"numPendingTestSuites":0,"numPendingTests":0,"numRuntimeErrorTestSuites":0,"numTodoTests":0,"numTotalTestSuites":67,"numTotalTests":674,"openHandles":[],"snapshot":{"added":0,"didUpdate":false,"failure":false,"filesAdded":0,"filesRemoved":0,"filesRemovedList":[],"filesUnmatched":0,"filesUpdated":0,"matched":0,"total":0,"unchecked":0,"uncheckedKeysByFile":[],"unmatched":0,"updated":0},"startTime":1767963239970,"success":false,"testResults":[{"assertionResults":[{"ancestorTitles":["createSecureActionProxy"],"duration":4,"failing":false,"failureDetails":[],"failureMessages":[],"fullName":"createSecureActionProxy calls target function with valid data","invocations":1,"location":null,"numPassingAsserts":2,"retryReasons":[],"startAt":1767963258732,"status":"passed","title":"calls target function with valid data"},{"ancestorTitles":["createSecureActionProxy"],"duration":1,"failing":false,"failureDetails":[],"failureMessages":[],"fullName":"createSecureActionProxy logs attempt before calling function","invocations":1,"location":null,"numPassingAsserts":1,"retryReasons":[],"startAt":1767963258737,"status":"passed","title":"logs attempt before calling function"},{"ancestorTitles":["createSecureActionProxy"],"duration":1,"failing":false,"failureDetails":[],"failureMessages":[],"fullName":"createSecureActionProxy returns null for non-object data when requiredFields is set","invocations":1,"location":null,"numPassingAsserts":3,"retryReasons":[],"startAt":1767963258738,"status":"passed","title":"returns null for non-object data when requiredFields is set"},{"ancestorTitles":["createSecureActionProxy"],"duration":1,"failing":false,"failureDetails":[],"failureMessages":[],"fullName":"createSecureActionProxy returns null for null data when requiredFields is set","invocations":1,"location":null,"numPassingAsserts":2,"retryReasons":[],"startAt":1767963258739,"status":"passed","title":"returns null for null data when requiredFields is set"},{"ancestorTitles":["createSecureActionProxy"],"duration":0,"failing":false,"failureDetails":[],"failureMessages":[],"fullName":"createSecureActionProxy returns null when required field is missing","invocations":1,"location":null,"numPassingAsserts":3,"retryReasons":[],"startAt":1767963258740,"status":"passed","title":"returns null when required field is missing"},{"ancestorTitles":["createSecureActionProxy"],"duration":0,"failing":false,"failureDetails":[],"failureMessages":[],"fullName":"createSecureActionProxy returns null when amount is below minimum","invocations":1,"location":null,"numPassingAsserts":3,"retryReasons":[],"startAt":1767963258741,"status":"passed","title":"returns null when amount is below minimum"},{"ancestorTitles":["createSecureActionProxy"],"duration":1,"failing":false,"failureDetails":[],"failureMessages":[],"fullName":"createSecureActionProxy passes when amount equals minimum","invocations":1,"location":null,"numPassingAsserts":2,"retryReasons":[],"startAt":1767963258741,"status":"passed","title":"passes when amount equals minimum"},{"ancestorTitles":["createSecureActionProxy"],"duration":0,"failing":false,"failureDetails":[],"failureMessages":[],"fullName":"createSecureActionProxy works with no rules (default)","invocations":1,"location":null,"numPassingAsserts":1,"retryReasons":[],"startAt":1767963258742,"status":"passed","title":"works with no rules (default)"},{"ancestorTitles":["createSecureActionProxy"],"duration":0,"failing":false,"failureDetails":[],"failureMessages":[],"fullName":"createSecureActionProxy checks all required fields","invocations":1,"location":null,"numPassingAsserts":2,"retryReasons":[],"startAt":1767963258742,"status":"passed","title":"checks all required fields"},{"ancestorTitles":["createSecureActionProxy"],"duration":0,"failing":false,"failureDetails":[],"failureMessages":[],"fullName":"createSecureActionProxy logs success when checks pass","invocations":1,"location":null,"numPassingAsserts":1,"retryReasons":[],"startAt":1767963258743,"status":"passed","title":"logs success when checks pass"}],"endTime":1767963258744,"message":"","name":"Z:\\DEV\\cryptoduels\\src\\utils\\securityProxy.test.js","startTime":1767963250515,"status":"passed","summary":""},{"assertionResults":[{"ancestorTitles":["GameEventEmitter","GAME_EVENTS constants"],"duration":4,"failing":false,"failureDetails":[],"failureMessages":[],"fullName":"GameEventEmitter GAME_EVENTS constants exports GAME_START","invocations":1,"location":null,"numPassingAsserts":1,"retryReasons":[],"startAt":1767963258754,"status":"passed","title":"exports GAME_START"},{"ancestorTitles":["GameEventEmitter","GAME_EVENTS constants"],"duration":1,"failing":false,"failureDetails":[],"failureMessages":[],"fullName":"GameEventEmitter GAME_EVENTS constants exports GAME_END","invocations":1,"location":null,"numPassingAsserts":1,"retryReasons":[],"startAt":1767963258759,"status":"passed","title":"exports GAME_END"},{"ancestorTitles":["GameEventEmitter","GAME_EVENTS constants"],"duration":1,"failing":false,"failureDetails":[],"failureMessages":[],"fullName":"GameEventEmitter GAME_EVENTS constants exports VICTORY","invocations":1,"location":null,"numPassingAsserts":1,"retryReasons":[],"startAt":1767963258760,"status":"passed","title":"exports VICTORY"},{"ancestorTitles":["GameEventEmitter","GAME_EVENTS constants"],"duration":2,"failing":false,"failureDetails":[],"failureMessages":[],"fullName":"GameEventEmitter GAME_EVENTS constants exports DEFEAT","invocations":1,"location":null,"numPassingAsserts":1,"retryReasons":[],"startAt":1767963258761,"status":"passed","title":"exports DEFEAT"},{"ancestorTitles":["GameEventEmitter","GAME_EVENTS constants"],"duration":0,"failing":false,"failureDetails":[],"failureMessages":[],"fullName":"GameEventEmitter GAME_EVENTS constants exports PLAYER_ACTION","invocations":1,"location":null,"numPassingAsserts":1,"retryReasons":[],"startAt":1767963258763,"status":"passed","title":"exports PLAYER_ACTION"},{"ancestorTitles":["GameEventEmitter","on()"],"duration":1,"failing":false,"failureDetails":[],"failureMessages":[],"fullName":"GameEventEmitter on() subscribes to an event","invocations":1,"location":null,"numPassingAsserts":1,"retryReasons":[],"startAt":1767963258764,"status":"passed","title":"subscribes to an event"},{"ancestorTitles":["GameEventEmitter","on()"],"duration":0,"failing":false,"failureDetails":[],"failureMessages":[],"fullName":"GameEventEmitter on() returns unsubscribe function","invocations":1,"location":null,"numPassingAsserts":1,"retryReasons":[],"startAt":1767963258765,"status":"passed","title":"returns unsubscribe function"},{"ancestorTitles":["GameEventEmitter","on()"],"duration":1,"failing":false,"failureDetails":[],"failureMessages":[],"fullName":"GameEventEmitter on() unsubscribe function works","invocations":1,"location":null,"numPassingAsserts":1,"retryReasons":[],"startAt":1767963258765,"status":"passed","title":"unsubscribe function works"},{"ancestorTitles":["GameEventEmitter","on()"],"duration":0,"failing":false,"failureDetails":[],"failureMessages":[],"fullName":"GameEventEmitter on() multiple subscribers receive event","invocations":1,"location":null,"numPassingAsserts":2,"retryReasons":[],"startAt":1767963258766,"status":"passed","title":"multiple subscribers receive event"},{"ancestorTitles":["GameEventEmitter","once()"],"duration":1,"failing":false,"failureDetails":[],"failureMessages":[],"fullName":"GameEventEmitter once() subscribes to event only once","invocations":1,"location":null,"numPassingAsserts":1,"retryReasons":[],"startAt":1767963258766,"status":"passed","title":"subscribes to event only once"},{"ancestorTitles":["GameEventEmitter","off()"],"duration":0,"failing":false,"failureDetails":[],"failureMessages":[],"fullName":"GameEventEmitter off() removes listener","invocations":1,"location":null,"numPassingAsserts":1,"retryReasons":[],"startAt":1767963258767,"status":"passed","title":"removes listener"},{"ancestorTitles":["GameEventEmitter","emit()"],"duration":2,"failing":false,"failureDetails":[],"failureMessages":[],"fullName":"GameEventEmitter emit() passes data to callback","invocations":1,"location":null,"numPassingAsserts":1,"retryReasons":[],"startAt":1767963258767,"status":"passed","title":"passes data to callback"},{"ancestorTitles":["GameEventEmitter","emit()"],"duration":0,"failing":false,"failureDetails":[],"failureMessages":[],"fullName":"GameEventEmitter emit() adds _event to data","invocations":1,"location":null,"numPassingAsserts":1,"retryReasons":[],"startAt":1767963258769,"status":"passed","title":"adds _event to data"},{"ancestorTitles":["GameEventEmitter","emit()"],"duration":1,"failing":false,"failureDetails":[],"failureMessages":[],"fullName":"GameEventEmitter emit() adds _timestamp to data","invocations":1,"location":null,"numPassingAsserts":1,"retryReasons":[],"startAt":1767963258769,"status":"passed","title":"adds _timestamp to data"},{"ancestorTitles":["GameEventEmitter","emit()"],"duration":1,"failing":false,"failureDetails":[],"failureMessages":[],"fullName":"GameEventEmitter emit() handles callback errors gracefully","invocations":1,"location":null,"numPassingAsserts":2,"retryReasons":[],"startAt":1767963258770,"status":"passed","title":"handles callback errors gracefully"},{"ancestorTitles":["GameEventEmitter","clear()"],"duration":1,"failing":false,"failureDetails":[],"failureMessages":[],"fullName":"GameEventEmitter clear() removes all listeners","invocations":1,"location":null,"numPassingAsserts":1,"retryReasons":[],"startAt":1767963258771,"status":"passed","title":"removes all listeners"},{"ancestorTitles":["GameEventEmitter","listenerCount()"],"duration":0,"failing":false,"failureDetails":[],"failureMessages":[],"fullName":"GameEventEmitter listenerCount() returns 0 for no listeners","invocations":1,"location":null,"numPassingAsserts":1,"retryReasons":[],"startAt":1767963258772,"status":"passed","title":"returns 0 for no listeners"},{"ancestorTitles":["GameEventEmitter","listenerCount()"],"duration":1,"failing":false,"failureDetails":[],"failureMessages":[],"fullName":"GameEventEmitter listenerCount() returns correct count","invocations":1,"location":null,"numPassingAsserts":1,"retryReasons":[],"startAt":1767963258772,"status":"passed","title":"returns correct count"},{"ancestorTitles":["GameEventEmitter","listenerCount()"],"duration":0,"failing":false,"failureDetails":[],"failureMessages":[],"fullName":"GameEventEmitter listenerCount() includes once listeners","invocations":1,"location":null,"numPassingAsserts":1,"retryReasons":[],"startAt":1767963258773,"status":"passed","title":"includes once listeners"}],"endTime":1767963258775,"message":"","name":"Z:\\DEV\\cryptoduels\\src\\events\\gameEvents.test.js","startTime":1767963250515,"status":"passed","summary":""},{"assertionResults":[{"ancestorTitles":["coinflipStrategy"],"duration":4,"failing":false,"failureDetails":[],"failureMessages":[],"fullName":"coinflipStrategy has correct type","invocations":1,"location":null,"numPassingAsserts":1,"retryReasons":[],"startAt":1767963258757,"status":"passed","title":"has correct type"},{"ancestorTitles":["coinflipStrategy","getInitialState"],"duration":3,"failing":false,"failureDetails":[],"failureMessages":[],"fullName":"coinflipStrategy getInitialState returns initial state object","invocations":1,"location":null,"numPassingAsserts":2,"retryReasons":[],"startAt":1767963258762,"status":"passed","title":"returns initial state object"},{"ancestorTitles":["coinflipStrategy","setup"],"duration":1,"failing":false,"failureDetails":[],"failureMessages":[],"fullName":"coinflipStrategy setup sets phase to SELECTION and assigns chooser role","invocations":1,"location":null,"numPassingAsserts":2,"retryReasons":[],"startAt":1767963258766,"status":"passed","title":"sets phase to SELECTION and assigns chooser role"},{"ancestorTitles":["coinflipStrategy","setup"],"duration":1,"failing":false,"failureDetails":[],"failureMessages":[],"fullName":"coinflipStrategy setup assigns random chooser role","invocations":1,"location":null,"numPassingAsserts":2,"retryReasons":[],"startAt":1767963258768,"status":"passed","title":"assigns random chooser role"},{"ancestorTitles":["coinflipStrategy","spin"],"duration":1,"failing":false,"failureDetails":[],"failureMessages":[],"fullName":"coinflipStrategy spin determines winner when player selects heads and result is heads","invocations":1,"location":null,"numPassingAsserts":2,"retryReasons":[],"startAt":1767963258769,"status":"passed","title":"determines winner when player selects heads and result is heads"},{"ancestorTitles":["coinflipStrategy","spin"],"duration":0,"failing":false,"failureDetails":[],"failureMessages":[],"fullName":"coinflipStrategy spin determines loser when player selects heads and result is tails","invocations":1,"location":null,"numPassingAsserts":2,"retryReasons":[],"startAt":1767963258770,"status":"passed","title":"determines loser when player selects heads and result is tails"},{"ancestorTitles":["coinflipStrategy","spin"],"duration":0,"failing":false,"failureDetails":[],"failureMessages":[],"fullName":"coinflipStrategy spin determines winner when player selects tails and result is tails","invocations":1,"location":null,"numPassingAsserts":2,"retryReasons":[],"startAt":1767963258771,"status":"passed","title":"determines winner when player selects tails and result is tails"},{"ancestorTitles":["coinflipStrategy","autoSelect"],"duration":0,"failing":false,"failureDetails":[],"failureMessages":[],"fullName":"coinflipStrategy autoSelect returns random choice heads or tails","invocations":1,"location":null,"numPassingAsserts":1,"retryReasons":[],"startAt":1767963258772,"status":"passed","title":"returns random choice heads or tails"},{"ancestorTitles":["coinflipStrategy","autoSelect"],"duration":0,"failing":false,"failureDetails":[],"failureMessages":[],"fullName":"coinflipStrategy autoSelect logs warning when auto-selecting","invocations":1,"location":null,"numPassingAsserts":1,"retryReasons":[],"startAt":1767963258773,"status":"passed","title":"logs warning when auto-selecting"},{"ancestorTitles":["coinflipStrategy","handlers"],"duration":0,"failing":false,"failureDetails":[],"failureMessages":[],"fullName":"coinflipStrategy handlers handlers object exists","invocations":1,"location":null,"numPassingAsserts":2,"retryReasons":[],"startAt":1767963258773,"status":"passed","title":"handlers object exists"}],"endTime":1767963258776,"message":"","name":"Z:\\DEV\\cryptoduels\\src\\games\\coinflip.strategy.test.js","startTime":1767963250517,"status":"passed","summary":""},{"assertionResults":[{"ancestorTitles":["diceStrategy"],"duration":5,"failing":false,"failureDetails":[],"failureMessages":[],"fullName":"diceStrategy has correct type","invocations":1,"location":null,"numPassingAsserts":1,"retryReasons":[],"startAt":1767963258765,"status":"passed","title":"has correct type"},{"ancestorTitles":["diceStrategy","getInitialState"],"duration":0,"failing":false,"failureDetails":[],"failureMessages":[],"fullName":"diceStrategy getInitialState returns initial state","invocations":1,"location":null,"numPassingAsserts":1,"retryReasons":[],"startAt":1767963258771,"status":"passed","title":"returns initial state"},{"ancestorTitles":["diceStrategy","setup"],"duration":2,"failing":false,"failureDetails":[],"failureMessages":[],"fullName":"diceStrategy setup sets phase to SPIN","invocations":1,"location":null,"numPassingAsserts":1,"retryReasons":[],"startAt":1767963258771,"status":"passed","title":"sets phase to SPIN"},{"ancestorTitles":["diceStrategy","spin"],"duration":1,"failing":false,"failureDetails":[],"failureMessages":[],"fullName":"diceStrategy spin generates dice rolls and determines winner","invocations":1,"location":null,"numPassingAsserts":2,"retryReasons":[],"startAt":1767963258773,"status":"passed","title":"generates dice rolls and determines winner"},{"ancestorTitles":["diceStrategy","spin"],"duration":0,"failing":false,"failureDetails":[],"failureMessages":[],"fullName":"diceStrategy spin player wins when roll is higher","invocations":1,"location":null,"numPassingAsserts":1,"retryReasons":[],"startAt":1767963258774,"status":"passed","title":"player wins when roll is higher"},{"ancestorTitles":["diceStrategy","spin"],"duration":0,"failing":false,"failureDetails":[],"failureMessages":[],"fullName":"diceStrategy spin player loses when roll is lower","invocations":1,"location":null,"numPassingAsserts":1,"retryReasons":[],"startAt":1767963258775,"status":"passed","title":"player loses when roll is lower"},{"ancestorTitles":["diceStrategy","spin"],"duration":0,"failing":false,"failureDetails":[],"failureMessages":[],"fullName":"diceStrategy spin handles tie by re-rolling","invocations":1,"location":null,"numPassingAsserts":1,"retryReasons":[],"startAt":1767963258775,"status":"passed","title":"handles tie by re-rolling"},{"ancestorTitles":["diceStrategy","handlers"],"duration":0,"failing":false,"failureDetails":[],"failureMessages":[],"fullName":"diceStrategy handlers handlers object exists","invocations":1,"location":null,"numPassingAsserts":1,"retryReasons":[],"startAt":1767963258776,"status":"passed","title":"handlers object exists"}],"endTime":1767963258777,"message":"","name":"Z:\\DEV\\cryptoduels\\src\\games\\dice.strategy.test.js","startTime":1767963250517,"status":"passed","summary":""},{"assertionResults":[{"ancestorTitles":["quickdrawStrategy","getInitialState"],"duration":4,"failing":false,"failureDetails":[],"failureMessages":[],"fullName":"quickdrawStrategy getInitialState returns initial state object","invocations":1,"location":null,"numPassingAsserts":2,"retryReasons":[],"startAt":1767963258771,"status":"passed","title":"returns initial state object"},{"ancestorTitles":["quickdrawStrategy","getInitialState"],"duration":0,"failing":false,"failureDetails":[],"failureMessages":[],"fullName":"quickdrawStrategy getInitialState starts in countdown state","invocations":1,"location":null,"numPassingAsserts":1,"retryReasons":[],"startAt":1767963258776,"status":"passed","title":"starts in countdown state"},{"ancestorTitles":["quickdrawStrategy","getInitialState"],"duration":1,"failing":false,"failureDetails":[],"failureMessages":[],"fullName":"quickdrawStrategy getInitialState has default countdown value","invocations":1,"location":null,"numPassingAsserts":1,"retryReasons":[],"startAt":1767963258776,"status":"passed","title":"has default countdown value"},{"ancestorTitles":["quickdrawStrategy","setup"],"duration":2,"failing":false,"failureDetails":[],"failureMessages":[],"fullName":"quickdrawStrategy setup initializes game state correctly","invocations":1,"location":null,"numPassingAsserts":3,"retryReasons":[],"startAt":1767963258777,"status":"passed","title":"initializes game state correctly"},{"ancestorTitles":["quickdrawStrategy","handlers.handleClick"],"duration":0,"failing":false,"failureDetails":[],"failureMessages":[],"fullName":"quickdrawStrategy handlers.handleClick ignores click during countdown","invocations":1,"location":null,"numPassingAsserts":1,"retryReasons":[],"startAt":1767963258779,"status":"passed","title":"ignores click during countdown"},{"ancestorTitles":["quickdrawStrategy","handlers.handleClick"],"duration":1,"failing":false,"failureDetails":[],"failureMessages":[],"fullName":"quickdrawStrategy handlers.handleClick ignores click during result","invocations":1,"location":null,"numPassingAsserts":1,"retryReasons":[],"startAt":1767963258779,"status":"passed","title":"ignores click during result"},{"ancestorTitles":["quickdrawStrategy","handlers.handleClick"],"duration":0,"failing":false,"failureDetails":[],"failureMessages":[],"fullName":"quickdrawStrategy handlers.handleClick sets penalty on false start","invocations":1,"location":null,"numPassingAsserts":1,"retryReasons":[],"startAt":1767963258780,"status":"passed","title":"sets penalty on false start"},{"ancestorTitles":["quickdrawStrategy","handlers.handleClick"],"duration":1,"failing":false,"failureDetails":[],"failureMessages":[],"fullName":"quickdrawStrategy handlers.handleClick does not set second penalty","invocations":1,"location":null,"numPassingAsserts":1,"retryReasons":[],"startAt":1767963258780,"status":"passed","title":"does not set second penalty"},{"ancestorTitles":["quickdrawStrategy","handlers.handleClick"],"duration":0,"failing":false,"failureDetails":[],"failureMessages":[],"fullName":"quickdrawStrategy handlers.handleClick finishes game on valid click during signal","invocations":1,"location":null,"numPassingAsserts":2,"retryReasons":[],"startAt":1767963258781,"status":"passed","title":"finishes game on valid click during signal"},{"ancestorTitles":["quickdrawStrategy","handlers.handleSignalTimeout"],"duration":1,"failing":false,"failureDetails":[],"failureMessages":[],"fullName":"quickdrawStrategy handlers.handleSignalTimeout ignores if not in signal state","invocations":1,"location":null,"numPassingAsserts":1,"retryReasons":[],"startAt":1767963258781,"status":"passed","title":"ignores if not in signal state"},{"ancestorTitles":["quickdrawStrategy","handlers.handleSignalTimeout"],"duration":0,"failing":false,"failureDetails":[],"failureMessages":[],"fullName":"quickdrawStrategy handlers.handleSignalTimeout handles timeout correctly","invocations":1,"location":null,"numPassingAsserts":1,"retryReasons":[],"startAt":1767963258782,"status":"passed","title":"handles timeout correctly"},{"ancestorTitles":["quickdrawStrategy","constants"],"duration":1,"failing":false,"failureDetails":[],"failureMessages":[],"fullName":"quickdrawStrategy constants exports COUNTDOWN_SECONDS","invocations":1,"location":null,"numPassingAsserts":2,"retryReasons":[],"startAt":1767963258782,"status":"passed","title":"exports COUNTDOWN_SECONDS"}],"endTime":1767963258784,"message":"","name":"Z:\\DEV\\cryptoduels\\src\\games\\quickdraw.strategy.test.js","startTime":1767963250515,"status":"passed","summary":""},{"assertionResults":[{"ancestorTitles":["blockvalidationStrategy","getInitialState"],"duration":6,"failing":false,"failureDetails":[],"failureMessages":[],"fullName":"blockvalidationStrategy getInitialState returns initial state object","invocations":1,"location":null,"numPassingAsserts":7,"retryReasons":[],"startAt":1767963258777,"status":"passed","title":"returns initial state object"},{"ancestorTitles":["blockvalidationStrategy","getInitialState"],"duration":0,"failing":false,"failureDetails":[],"failureMessages":[],"fullName":"blockvalidationStrategy getInitialState blockGrid is initially empty","invocations":1,"location":null,"numPassingAsserts":1,"retryReasons":[],"startAt":1767963258784,"status":"passed","title":"blockGrid is initially empty"},{"ancestorTitles":["blockvalidationStrategy","generateGrid"],"duration":1,"failing":false,"failureDetails":[],"failureMessages":[],"fullName":"blockvalidationStrategy generateGrid generates 25 numbers","invocations":1,"location":null,"numPassingAsserts":1,"retryReasons":[],"startAt":1767963258784,"status":"passed","title":"generates 25 numbers"},{"ancestorTitles":["blockvalidationStrategy","generateGrid"],"duration":2,"failing":false,"failureDetails":[],"failureMessages":[],"fullName":"blockvalidationStrategy generateGrid contains numbers 1-25","invocations":1,"location":null,"numPassingAsserts":25,"retryReasons":[],"startAt":1767963258785,"status":"passed","title":"contains numbers 1-25"},{"ancestorTitles":["blockvalidationStrategy","setup"],"duration":2,"failing":false,"failureDetails":[],"failureMessages":[],"fullName":"blockvalidationStrategy setup initializes game state correctly","invocations":1,"location":null,"numPassingAsserts":3,"retryReasons":[],"startAt":1767963258787,"status":"passed","title":"initializes game state correctly"},{"ancestorTitles":["blockvalidationStrategy","setup"],"duration":0,"failing":false,"failureDetails":[],"failureMessages":[],"fullName":"blockvalidationStrategy setup generates grid with 25 numbers","invocations":1,"location":null,"numPassingAsserts":1,"retryReasons":[],"startAt":1767963258789,"status":"passed","title":"generates grid with 25 numbers"},{"ancestorTitles":["blockvalidationStrategy","handlers.handleCellClick"],"duration":1,"failing":false,"failureDetails":[],"failureMessages":[],"fullName":"blockvalidationStrategy handlers.handleCellClick ignores click during countdown","invocations":1,"location":null,"numPassingAsserts":1,"retryReasons":[],"startAt":1767963258789,"status":"passed","title":"ignores click during countdown"},{"ancestorTitles":["blockvalidationStrategy","handlers.handleCellClick"],"duration":0,"failing":false,"failureDetails":[],"failureMessages":[],"fullName":"blockvalidationStrategy handlers.handleCellClick ignores invalid numbers","invocations":1,"location":null,"numPassingAsserts":1,"retryReasons":[],"startAt":1767963258790,"status":"passed","title":"ignores invalid numbers"},{"ancestorTitles":["blockvalidationStrategy","handlers.handleCellClick"],"duration":1,"failing":false,"failureDetails":[],"failureMessages":[],"fullName":"blockvalidationStrategy handlers.handleCellClick ignores numbers > 25","invocations":1,"location":null,"numPassingAsserts":1,"retryReasons":[],"startAt":1767963258790,"status":"passed","title":"ignores numbers > 25"},{"ancestorTitles":["blockvalidationStrategy","handlers.handleCellClick"],"duration":0,"failing":false,"failureDetails":[],"failureMessages":[],"fullName":"blockvalidationStrategy handlers.handleCellClick correct click advances target","invocations":1,"location":null,"numPassingAsserts":1,"retryReasons":[],"startAt":1767963258791,"status":"passed","title":"correct click advances target"},{"ancestorTitles":["blockvalidationStrategy","handlers.handleCellClick"],"duration":1,"failing":false,"failureDetails":[],"failureMessages":[],"fullName":"blockvalidationStrategy handlers.handleCellClick wrong click increases errors","invocations":1,"location":null,"numPassingAsserts":1,"retryReasons":[],"startAt":1767963258791,"status":"passed","title":"wrong click increases errors"},{"ancestorTitles":["blockvalidationStrategy","handlers.handleCellClick"],"duration":0,"failing":false,"failureDetails":[],"failureMessages":[],"fullName":"blockvalidationStrategy handlers.handleCellClick clicking 25 as last target finishes game","invocations":1,"location":null,"numPassingAsserts":2,"retryReasons":[],"startAt":1767963258792,"status":"passed","title":"clicking 25 as last target finishes game"},{"ancestorTitles":["blockvalidationStrategy","handlers.handleTimeLimit"],"duration":1,"failing":false,"failureDetails":[],"failureMessages":[],"fullName":"blockvalidationStrategy handlers.handleTimeLimit ignores if not playing","invocations":1,"location":null,"numPassingAsserts":1,"retryReasons":[],"startAt":1767963258792,"status":"passed","title":"ignores if not playing"},{"ancestorTitles":["blockvalidationStrategy","handlers.handleTimeLimit"],"duration":0,"failing":false,"failureDetails":[],"failureMessages":[],"fullName":"blockvalidationStrategy handlers.handleTimeLimit handles timeout correctly","invocations":1,"location":null,"numPassingAsserts":2,"retryReasons":[],"startAt":1767963258793,"status":"passed","title":"handles timeout correctly"},{"ancestorTitles":["blockvalidationStrategy","handlers.handleTimeLimit"],"duration":0,"failing":false,"failureDetails":[],"failureMessages":[],"fullName":"blockvalidationStrategy handlers.handleTimeLimit handles zero progress edge case","invocations":1,"location":null,"numPassingAsserts":1,"retryReasons":[],"startAt":1767963258793,"status":"passed","title":"handles zero progress edge case"},{"ancestorTitles":["blockvalidationStrategy","constants"],"duration":1,"failing":false,"failureDetails":[],"failureMessages":[],"fullName":"blockvalidationStrategy constants exports COUNTDOWN_SECONDS","invocations":1,"location":null,"numPassingAsserts":2,"retryReasons":[],"startAt":1767963258793,"status":"passed","title":"exports COUNTDOWN_SECONDS"},{"ancestorTitles":["blockvalidationStrategy","constants"],"duration":0,"failing":false,"failureDetails":[],"failureMessages":[],"fullName":"blockvalidationStrategy constants exports TIME_LIMIT_SECONDS","invocations":1,"location":null,"numPassingAsserts":2,"retryReasons":[],"startAt":1767963258794,"status":"passed","title":"exports TIME_LIMIT_SECONDS"}],"endTime":1767963258795,"message":"","name":"Z:\\DEV\\cryptoduels\\src\\games\\blockvalidation.strategy.test.js","startTime":1767963250516,"status":"passed","summary":""},{"assertionResults":[{"ancestorTitles":["rpsStrategy"],"duration":6,"failing":false,"failureDetails":[],"failureMessages":[],"fullName":"rpsStrategy has correct type","invocations":1,"location":null,"numPassingAsserts":1,"retryReasons":[],"startAt":1767963258777,"status":"passed","title":"has correct type"},{"ancestorTitles":["rpsStrategy","getInitialState"],"duration":1,"failing":false,"failureDetails":[],"failureMessages":[],"fullName":"rpsStrategy getInitialState returns initial state with drawCount 0","invocations":1,"location":null,"numPassingAsserts":3,"retryReasons":[],"startAt":1767963258784,"status":"passed","title":"returns initial state with drawCount 0"},{"ancestorTitles":["rpsStrategy","setup"],"duration":3,"failing":false,"failureDetails":[],"failureMessages":[],"fullName":"rpsStrategy setup sets player as chooser and phase to SELECTION","invocations":1,"location":null,"numPassingAsserts":3,"retryReasons":[],"startAt":1767963258785,"status":"passed","title":"sets player as chooser and phase to SELECTION"},{"ancestorTitles":["rpsStrategy","determineOutcome"],"duration":1,"failing":false,"failureDetails":[],"failureMessages":[],"fullName":"rpsStrategy determineOutcome rock beats scissors","invocations":1,"location":null,"numPassingAsserts":1,"retryReasons":[],"startAt":1767963258788,"status":"passed","title":"rock beats scissors"},{"ancestorTitles":["rpsStrategy","determineOutcome"],"duration":1,"failing":false,"failureDetails":[],"failureMessages":[],"fullName":"rpsStrategy determineOutcome scissors beats paper","invocations":1,"location":null,"numPassingAsserts":1,"retryReasons":[],"startAt":1767963258789,"status":"passed","title":"scissors beats paper"},{"ancestorTitles":["rpsStrategy","determineOutcome"],"duration":0,"failing":false,"failureDetails":[],"failureMessages":[],"fullName":"rpsStrategy determineOutcome paper beats rock","invocations":1,"location":null,"numPassingAsserts":1,"retryReasons":[],"startAt":1767963258790,"status":"passed","title":"paper beats rock"},{"ancestorTitles":["rpsStrategy","determineOutcome"],"duration":0,"failing":false,"failureDetails":[],"failureMessages":[],"fullName":"rpsStrategy determineOutcome rock loses to paper","invocations":1,"location":null,"numPassingAsserts":1,"retryReasons":[],"startAt":1767963258791,"status":"passed","title":"rock loses to paper"},{"ancestorTitles":["rpsStrategy","determineOutcome"],"duration":1,"failing":false,"failureDetails":[],"failureMessages":[],"fullName":"rpsStrategy determineOutcome scissors loses to rock","invocations":1,"location":null,"numPassingAsserts":1,"retryReasons":[],"startAt":1767963258791,"status":"passed","title":"scissors loses to rock"},{"ancestorTitles":["rpsStrategy","determineOutcome"],"duration":0,"failing":false,"failureDetails":[],"failureMessages":[],"fullName":"rpsStrategy determineOutcome paper loses to scissors","invocations":1,"location":null,"numPassingAsserts":1,"retryReasons":[],"startAt":1767963258792,"status":"passed","title":"paper loses to scissors"},{"ancestorTitles":["rpsStrategy","determineOutcome"],"duration":1,"failing":false,"failureDetails":[],"failureMessages":[],"fullName":"rpsStrategy determineOutcome same choices = draw","invocations":1,"location":null,"numPassingAsserts":3,"retryReasons":[],"startAt":1767963258792,"status":"passed","title":"same choices = draw"},{"ancestorTitles":["rpsStrategy","spin"],"duration":2,"failing":false,"failureDetails":[],"failureMessages":[],"fullName":"rpsStrategy spin handles win outcome","invocations":1,"location":null,"numPassingAsserts":2,"retryReasons":[],"startAt":1767963258793,"status":"passed","title":"handles win outcome"},{"ancestorTitles":["rpsStrategy","spin"],"duration":0,"failing":false,"failureDetails":[],"failureMessages":[],"fullName":"rpsStrategy spin handles loss outcome","invocations":1,"location":null,"numPassingAsserts":1,"retryReasons":[],"startAt":1767963258795,"status":"passed","title":"handles loss outcome"},{"ancestorTitles":["rpsStrategy","spin"],"duration":1,"failing":false,"failureDetails":[],"failureMessages":[],"fullName":"rpsStrategy spin handles draw outcome and increments drawCount","invocations":1,"location":null,"numPassingAsserts":1,"retryReasons":[],"startAt":1767963258795,"status":"passed","title":"handles draw outcome and increments drawCount"},{"ancestorTitles":["rpsStrategy","spin"],"duration":1,"failing":false,"failureDetails":[],"failureMessages":[],"fullName":"rpsStrategy spin auto-resolves after MAX_DRAW_ROUNDS","invocations":1,"location":null,"numPassingAsserts":2,"retryReasons":[],"startAt":1767963258796,"status":"passed","title":"auto-resolves after MAX_DRAW_ROUNDS"},{"ancestorTitles":["rpsStrategy","autoSelect"],"duration":1,"failing":false,"failureDetails":[],"failureMessages":[],"fullName":"rpsStrategy autoSelect returns random RPS choice","invocations":1,"location":null,"numPassingAsserts":1,"retryReasons":[],"startAt":1767963258797,"status":"passed","title":"returns random RPS choice"},{"ancestorTitles":["rpsStrategy","constants"],"duration":0,"failing":false,"failureDetails":[],"failureMessages":[],"fullName":"rpsStrategy constants exports SELECTION_TIMEOUT_MS","invocations":1,"location":null,"numPassingAsserts":2,"retryReasons":[],"startAt":1767963258798,"status":"passed","title":"exports SELECTION_TIMEOUT_MS"},{"ancestorTitles":["rpsStrategy","constants"],"duration":1,"failing":false,"failureDetails":[],"failureMessages":[],"fullName":"rpsStrategy constants exports MAX_DRAW_ROUNDS","invocations":1,"location":null,"numPassingAsserts":2,"retryReasons":[],"startAt":1767963258798,"status":"passed","title":"exports MAX_DRAW_ROUNDS"}],"endTime":1767963258800,"message":"","name":"Z:\\DEV\\cryptoduels\\src\\games\\rps.strategy.test.js","startTime":1767963250515,"status":"passed","summary":""},{"assertionResults":[{"ancestorTitles":["memoryStrategy"],"duration":4,"failing":false,"failureDetails":[],"failureMessages":[],"fullName":"memoryStrategy has correct type","invocations":1,"location":null,"numPassingAsserts":1,"retryReasons":[],"startAt":1767963258777,"status":"passed","title":"has correct type"},{"ancestorTitles":["memoryStrategy"],"duration":1,"failing":false,"failureDetails":[],"failureMessages":[],"fullName":"memoryStrategy MEMORY_ICONS has 8 crypto icons","invocations":1,"location":null,"numPassingAsserts":1,"retryReasons":[],"startAt":1767963258781,"status":"passed","title":"MEMORY_ICONS has 8 crypto icons"},{"ancestorTitles":["memoryStrategy","getInitialState"],"duration":2,"failing":false,"failureDetails":[],"failureMessages":[],"fullName":"memoryStrategy getInitialState returns initial state with empty board","invocations":1,"location":null,"numPassingAsserts":9,"retryReasons":[],"startAt":1767963258782,"status":"passed","title":"returns initial state with empty board"},{"ancestorTitles":["memoryStrategy","generateBoard"],"duration":1,"failing":false,"failureDetails":[],"failureMessages":[],"fullName":"memoryStrategy generateBoard generates 16-card board","invocations":1,"location":null,"numPassingAsserts":1,"retryReasons":[],"startAt":1767963258784,"status":"passed","title":"generates 16-card board"},{"ancestorTitles":["memoryStrategy","generateBoard"],"duration":0,"failing":false,"failureDetails":[],"failureMessages":[],"fullName":"memoryStrategy generateBoard shuffles the board","invocations":1,"location":null,"numPassingAsserts":1,"retryReasons":[],"startAt":1767963258785,"status":"passed","title":"shuffles the board"},{"ancestorTitles":["memoryStrategy","setup"],"duration":2,"failing":false,"failureDetails":[],"failureMessages":[],"fullName":"memoryStrategy setup initializes game state correctly","invocations":1,"location":null,"numPassingAsserts":4,"retryReasons":[],"startAt":1767963258785,"status":"passed","title":"initializes game state correctly"},{"ancestorTitles":["memoryStrategy","spin"],"duration":0,"failing":false,"failureDetails":[],"failureMessages":[],"fullName":"memoryStrategy spin does nothing (timer managed externally)","invocations":1,"location":null,"numPassingAsserts":1,"retryReasons":[],"startAt":1767963258787,"status":"passed","title":"does nothing (timer managed externally)"},{"ancestorTitles":["memoryStrategy","checkTimeUp"],"duration":1,"failing":false,"failureDetails":[],"failureMessages":[],"fullName":"memoryStrategy checkTimeUp returns false when time is not up","invocations":1,"location":null,"numPassingAsserts":2,"retryReasons":[],"startAt":1767963258787,"status":"passed","title":"returns false when time is not up"},{"ancestorTitles":["memoryStrategy","checkTimeUp"],"duration":0,"failing":false,"failureDetails":[],"failureMessages":[],"fullName":"memoryStrategy checkTimeUp finishes game and returns true when time is 0","invocations":1,"location":null,"numPassingAsserts":2,"retryReasons":[],"startAt":1767963258788,"status":"passed","title":"finishes game and returns true when time is 0"},{"ancestorTitles":["memoryStrategy","checkTimeUp"],"duration":1,"failing":false,"failureDetails":[],"failureMessages":[],"fullName":"memoryStrategy checkTimeUp player loses when opponent has more pairs","invocations":1,"location":null,"numPassingAsserts":1,"retryReasons":[],"startAt":1767963258788,"status":"passed","title":"player loses when opponent has more pairs"},{"ancestorTitles":["memoryStrategy","handlers.handleCardClick"],"duration":0,"failing":false,"failureDetails":[],"failureMessages":[],"fullName":"memoryStrategy handlers.handleCardClick returns false for invalid index","invocations":1,"location":null,"numPassingAsserts":1,"retryReasons":[],"startAt":1767963258789,"status":"passed","title":"returns false for invalid index"},{"ancestorTitles":["memoryStrategy","handlers.handleCardClick"],"duration":1,"failing":false,"failureDetails":[],"failureMessages":[],"fullName":"memoryStrategy handlers.handleCardClick returns false for out of range index","invocations":1,"location":null,"numPassingAsserts":2,"retryReasons":[],"startAt":1767963258789,"status":"passed","title":"returns false for out of range index"},{"ancestorTitles":["memoryStrategy","handlers.handleCardClick"],"duration":0,"failing":false,"failureDetails":[],"failureMessages":[],"fullName":"memoryStrategy handlers.handleCardClick returns false when processing","invocations":1,"location":null,"numPassingAsserts":1,"retryReasons":[],"startAt":1767963258790,"status":"passed","title":"returns false when processing"},{"ancestorTitles":["memoryStrategy","handlers.handleCardClick"],"duration":0,"failing":false,"failureDetails":[],"failureMessages":[],"fullName":"memoryStrategy handlers.handleCardClick returns false when click is too fast (rate limiting)","invocations":1,"location":null,"numPassingAsserts":1,"retryReasons":[],"startAt":1767963258790,"status":"passed","title":"returns false when click is too fast (rate limiting)"},{"ancestorTitles":["memoryStrategy","handlers.handleCardClick"],"duration":1,"failing":false,"failureDetails":[],"failureMessages":[],"fullName":"memoryStrategy handlers.handleCardClick calls updateGameState for valid click","invocations":1,"location":null,"numPassingAsserts":1,"retryReasons":[],"startAt":1767963258790,"status":"passed","title":"calls updateGameState for valid click"}],"endTime":1767963258792,"message":"","name":"Z:\\DEV\\cryptoduels\\src\\games\\memory.strategy.test.js","startTime":1767963250514,"status":"passed","summary":""},{"assertionResults":[{"ancestorTitles":["gameFactory","getGameStrategy"],"duration":7,"failing":false,"failureDetails":[],"failureMessages":[],"fullName":"gameFactory getGameStrategy returns coinflip strategy","invocations":1,"location":null,"numPassingAsserts":2,"retryReasons":[],"startAt":1767963258798,"status":"passed","title":"returns coinflip strategy"},{"ancestorTitles":["gameFactory","getGameStrategy"],"duration":1,"failing":false,"failureDetails":[],"failureMessages":[],"fullName":"gameFactory getGameStrategy returns dice strategy","invocations":1,"location":null,"numPassingAsserts":2,"retryReasons":[],"startAt":1767963258805,"status":"passed","title":"returns dice strategy"},{"ancestorTitles":["gameFactory","getGameStrategy"],"duration":0,"failing":false,"failureDetails":[],"failureMessages":[],"fullName":"gameFactory getGameStrategy returns rps strategy","invocations":1,"location":null,"numPassingAsserts":2,"retryReasons":[],"startAt":1767963258806,"status":"passed","title":"returns rps strategy"},{"ancestorTitles":["gameFactory","getGameStrategy"],"duration":1,"failing":false,"failureDetails":[],"failureMessages":[],"fullName":"gameFactory getGameStrategy returns memory strategy","invocations":1,"location":null,"numPassingAsserts":2,"retryReasons":[],"startAt":1767963258806,"status":"passed","title":"returns memory strategy"},{"ancestorTitles":["gameFactory","getGameStrategy"],"duration":1,"failing":false,"failureDetails":[],"failureMessages":[],"fullName":"gameFactory getGameStrategy returns quickdraw strategy","invocations":1,"location":null,"numPassingAsserts":2,"retryReasons":[],"startAt":1767963258807,"status":"passed","title":"returns quickdraw strategy"},{"ancestorTitles":["gameFactory","getGameStrategy"],"duration":0,"failing":false,"failureDetails":[],"failureMessages":[],"fullName":"gameFactory getGameStrategy returns blockvalidation strategy","invocations":1,"location":null,"numPassingAsserts":2,"retryReasons":[],"startAt":1767963258808,"status":"passed","title":"returns blockvalidation strategy"},{"ancestorTitles":["gameFactory","getGameStrategy"],"duration":26,"failing":false,"failureDetails":[],"failureMessages":[],"fullName":"gameFactory getGameStrategy returns null for unknown game type","invocations":1,"location":null,"numPassingAsserts":1,"retryReasons":[],"startAt":1767963258808,"status":"passed","title":"returns null for unknown game type"},{"ancestorTitles":["gameFactory","isValidGameType"],"duration":1,"failing":false,"failureDetails":[],"failureMessages":[],"fullName":"gameFactory isValidGameType returns true for valid game types","invocations":1,"location":null,"numPassingAsserts":3,"retryReasons":[],"startAt":1767963258834,"status":"passed","title":"returns true for valid game types"},{"ancestorTitles":["gameFactory","isValidGameType"],"duration":0,"failing":false,"failureDetails":[],"failureMessages":[],"fullName":"gameFactory isValidGameType returns false for invalid game types","invocations":1,"location":null,"numPassingAsserts":1,"retryReasons":[],"startAt":1767963258835,"status":"passed","title":"returns false for invalid game types"},{"ancestorTitles":["gameFactory","getAvailableGames"],"duration":1,"failing":false,"failureDetails":[],"failureMessages":[],"fullName":"gameFactory getAvailableGames returns array of game types","invocations":1,"location":null,"numPassingAsserts":2,"retryReasons":[],"startAt":1767963258835,"status":"passed","title":"returns array of game types"},{"ancestorTitles":["gameFactory","getAvailableGames"],"duration":1,"failing":false,"failureDetails":[],"failureMessages":[],"fullName":"gameFactory getAvailableGames includes all game types","invocations":1,"location":null,"numPassingAsserts":6,"retryReasons":[],"startAt":1767963258836,"status":"passed","title":"includes all game types"},{"ancestorTitles":["gameFactory","getInitialGameState"],"duration":0,"failing":false,"failureDetails":[],"failureMessages":[],"fullName":"gameFactory getInitialGameState returns initial state for coinflip","invocations":1,"location":null,"numPassingAsserts":1,"retryReasons":[],"startAt":1767963258837,"status":"passed","title":"returns initial state for coinflip"},{"ancestorTitles":["gameFactory","getInitialGameState"],"duration":4,"failing":false,"failureDetails":[],"failureMessages":[],"fullName":"gameFactory getInitialGameState returns empty object for unknown game","invocations":1,"location":null,"numPassingAsserts":1,"retryReasons":[],"startAt":1767963258837,"status":"passed","title":"returns empty object for unknown game"}],"endTime":1767963258842,"message":"","name":"Z:\\DEV\\cryptoduels\\src\\games\\gameFactory.test.js","startTime":1767963250514,"status":"passed","summary":""},{"assertionResults":[{"ancestorTitles":["validateCoinflipState"],"duration":4,"failing":false,"failureDetails":[],"failureMessages":[],"fullName":"validateCoinflipState validates valid coinflip state","invocations":1,"location":null,"numPassingAsserts":1,"retryReasons":[],"startAt":1767963258831,"status":"passed","title":"validates valid coinflip state"},{"ancestorTitles":["validateCoinflipState"],"duration":10,"failing":false,"failureDetails":[],"failureMessages":[],"fullName":"validateCoinflipState rejects invalid phase","invocations":1,"location":null,"numPassingAsserts":2,"retryReasons":[],"startAt":1767963258835,"status":"passed","title":"rejects invalid phase"},{"ancestorTitles":["validateCoinflipState"],"duration":1,"failing":false,"failureDetails":[],"failureMessages":[],"fullName":"validateCoinflipState rejects invalid playerSide","invocations":1,"location":null,"numPassingAsserts":2,"retryReasons":[],"startAt":1767963258845,"status":"passed","title":"rejects invalid playerSide"},{"ancestorTitles":["validateCoinflipState"],"duration":0,"failing":false,"failureDetails":[],"failureMessages":[],"fullName":"validateCoinflipState rejects invalid selectionTimeLeft","invocations":1,"location":null,"numPassingAsserts":2,"retryReasons":[],"startAt":1767963258846,"status":"passed","title":"rejects invalid selectionTimeLeft"},{"ancestorTitles":["validateCoinflipState"],"duration":1,"failing":false,"failureDetails":[],"failureMessages":[],"fullName":"validateCoinflipState allows null playerSide","invocations":1,"location":null,"numPassingAsserts":1,"retryReasons":[],"startAt":1767963258846,"status":"passed","title":"allows null playerSide"},{"ancestorTitles":["validateDiceState"],"duration":0,"failing":false,"failureDetails":[],"failureMessages":[],"fullName":"validateDiceState validates valid dice state","invocations":1,"location":null,"numPassingAsserts":1,"retryReasons":[],"startAt":1767963258847,"status":"passed","title":"validates valid dice state"},{"ancestorTitles":["validateDiceState"],"duration":1,"failing":false,"failureDetails":[],"failureMessages":[],"fullName":"validateDiceState validates dice result within range","invocations":1,"location":null,"numPassingAsserts":1,"retryReasons":[],"startAt":1767963258847,"status":"passed","title":"validates dice result within range"},{"ancestorTitles":["validateDiceState"],"duration":0,"failing":false,"failureDetails":[],"failureMessages":[],"fullName":"validateDiceState rejects invalid player roll","invocations":1,"location":null,"numPassingAsserts":2,"retryReasons":[],"startAt":1767963258848,"status":"passed","title":"rejects invalid player roll"},{"ancestorTitles":["validateDiceState"],"duration":0,"failing":false,"failureDetails":[],"failureMessages":[],"fullName":"validateDiceState rejects invalid opponent roll","invocations":1,"location":null,"numPassingAsserts":2,"retryReasons":[],"startAt":1767963258848,"status":"passed","title":"rejects invalid opponent roll"},{"ancestorTitles":["validateRPSState"],"duration":1,"failing":false,"failureDetails":[],"failureMessages":[],"fullName":"validateRPSState validates valid RPS state","invocations":1,"location":null,"numPassingAsserts":1,"retryReasons":[],"startAt":1767963258848,"status":"passed","title":"validates valid RPS state"},{"ancestorTitles":["validateRPSState"],"duration":0,"failing":false,"failureDetails":[],"failureMessages":[],"fullName":"validateRPSState validates all RPS choices","invocations":1,"location":null,"numPassingAsserts":4,"retryReasons":[],"startAt":1767963258849,"status":"passed","title":"validates all RPS choices"},{"ancestorTitles":["validateRPSState"],"duration":1,"failing":false,"failureDetails":[],"failureMessages":[],"fullName":"validateRPSState rejects invalid scores","invocations":1,"location":null,"numPassingAsserts":2,"retryReasons":[],"startAt":1767963258849,"status":"passed","title":"rejects invalid scores"},{"ancestorTitles":["validateMemoryState"],"duration":0,"failing":false,"failureDetails":[],"failureMessages":[],"fullName":"validateMemoryState validates valid memory state","invocations":1,"location":null,"numPassingAsserts":1,"retryReasons":[],"startAt":1767963258850,"status":"passed","title":"validates valid memory state"},{"ancestorTitles":["validateMemoryState"],"duration":1,"failing":false,"failureDetails":[],"failureMessages":[],"fullName":"validateMemoryState rejects invalid board size","invocations":1,"location":null,"numPassingAsserts":2,"retryReasons":[],"startAt":1767963258850,"status":"passed","title":"rejects invalid board size"},{"ancestorTitles":["validateMemoryState"],"duration":0,"failing":false,"failureDetails":[],"failureMessages":[],"fullName":"validateMemoryState rejects invalid memoryPhase","invocations":1,"location":null,"numPassingAsserts":2,"retryReasons":[],"startAt":1767963258851,"status":"passed","title":"rejects invalid memoryPhase"},{"ancestorTitles":["validateMemoryState"],"duration":0,"failing":false,"failureDetails":[],"failureMessages":[],"fullName":"validateMemoryState rejects invalid pair count","invocations":1,"location":null,"numPassingAsserts":2,"retryReasons":[],"startAt":1767963258851,"status":"passed","title":"rejects invalid pair count"},{"ancestorTitles":["validateQuickDrawState"],"duration":1,"failing":false,"failureDetails":[],"failureMessages":[],"fullName":"validateQuickDrawState validates valid quickdraw state","invocations":1,"location":null,"numPassingAsserts":1,"retryReasons":[],"startAt":1767963258851,"status":"passed","title":"validates valid quickdraw state"},{"ancestorTitles":["validateQuickDrawState"],"duration":0,"failing":false,"failureDetails":[],"failureMessages":[],"fullName":"validateQuickDrawState validates all quickdraw states","invocations":1,"location":null,"numPassingAsserts":4,"retryReasons":[],"startAt":1767963258852,"status":"passed","title":"validates all quickdraw states"},{"ancestorTitles":["validateQuickDrawState"],"duration":0,"failing":false,"failureDetails":[],"failureMessages":[],"fullName":"validateQuickDrawState rejects invalid countdown","invocations":1,"location":null,"numPassingAsserts":2,"retryReasons":[],"startAt":1767963258852,"status":"passed","title":"rejects invalid countdown"},{"ancestorTitles":["validateQuickDrawState"],"duration":1,"failing":false,"failureDetails":[],"failureMessages":[],"fullName":"validateQuickDrawState allows null reactionTime","invocations":1,"location":null,"numPassingAsserts":1,"retryReasons":[],"startAt":1767963258852,"status":"passed","title":"allows null reactionTime"},{"ancestorTitles":["validateBlockValidationState"],"duration":0,"failing":false,"failureDetails":[],"failureMessages":[],"fullName":"validateBlockValidationState validates valid blockvalidation state","invocations":1,"location":null,"numPassingAsserts":1,"retryReasons":[],"startAt":1767963258853,"status":"passed","title":"validates valid blockvalidation state"},{"ancestorTitles":["validateBlockValidationState"],"duration":0,"failing":false,"failureDetails":[],"failureMessages":[],"fullName":"validateBlockValidationState rejects invalid grid size","invocations":1,"location":null,"numPassingAsserts":2,"retryReasons":[],"startAt":1767963258853,"status":"passed","title":"rejects invalid grid size"},{"ancestorTitles":["validateBlockValidationState"],"duration":0,"failing":false,"failureDetails":[],"failureMessages":[],"fullName":"validateBlockValidationState rejects invalid target","invocations":1,"location":null,"numPassingAsserts":2,"retryReasons":[],"startAt":1767963258853,"status":"passed","title":"rejects invalid target"},{"ancestorTitles":["validateGameState (main validator)"],"duration":1,"failing":false,"failureDetails":[],"failureMessages":[],"fullName":"validateGameState (main validator) routes to correct validator for coinflip","invocations":1,"location":null,"numPassingAsserts":1,"retryReasons":[],"startAt":1767963258853,"status":"passed","title":"routes to correct validator for coinflip"},{"ancestorTitles":["validateGameState (main validator)"],"duration":0,"failing":false,"failureDetails":[],"failureMessages":[],"fullName":"validateGameState (main validator) routes to correct validator for dice","invocations":1,"location":null,"numPassingAsserts":1,"retryReasons":[],"startAt":1767963258854,"status":"passed","title":"routes to correct validator for dice"},{"ancestorTitles":["validateGameState (main validator)"],"duration":0,"failing":false,"failureDetails":[],"failureMessages":[],"fullName":"validateGameState (main validator) routes to correct validator for rps","invocations":1,"location":null,"numPassingAsserts":1,"retryReasons":[],"startAt":1767963258854,"status":"passed","title":"routes to correct validator for rps"},{"ancestorTitles":["validateGameState (main validator)"],"duration":0,"failing":false,"failureDetails":[],"failureMessages":[],"fullName":"validateGameState (main validator) routes to correct validator for memory","invocations":1,"location":null,"numPassingAsserts":1,"retryReasons":[],"startAt":1767963258854,"status":"passed","title":"routes to correct validator for memory"},{"ancestorTitles":["validateGameState (main validator)"],"duration":0,"failing":false,"failureDetails":[],"failureMessages":[],"fullName":"validateGameState (main validator) routes to correct validator for quickdraw","invocations":1,"location":null,"numPassingAsserts":1,"retryReasons":[],"startAt":1767963258854,"status":"passed","title":"routes to correct validator for quickdraw"},{"ancestorTitles":["validateGameState (main validator)"],"duration":0,"failing":false,"failureDetails":[],"failureMessages":[],"fullName":"validateGameState (main validator) routes to correct validator for blockvalidation","invocations":1,"location":null,"numPassingAsserts":1,"retryReasons":[],"startAt":1767963258855,"status":"passed","title":"routes to correct validator for blockvalidation"},{"ancestorTitles":["validateGameState (main validator)"],"duration":30,"failing":false,"failureDetails":[],"failureMessages":[],"fullName":"validateGameState (main validator) returns error for unknown game type","invocations":1,"location":null,"numPassingAsserts":2,"retryReasons":[],"startAt":1767963258855,"status":"passed","title":"returns error for unknown game type"}],"endTime":1767963258887,"message":"","name":"Z:\\DEV\\cryptoduels\\src\\utils\\gameStateValidator.test.js","startTime":1767963250516,"status":"passed","summary":""},{"assertionResults":[{"ancestorTitles":["secureRandomInt"],"duration":5,"failing":false,"failureDetails":[],"failureMessages":[],"fullName":"secureRandomInt returns min when min equals max","invocations":1,"location":null,"numPassingAsserts":1,"retryReasons":[],"startAt":1767963258785,"status":"passed","title":"returns min when min equals max"},{"ancestorTitles":["secureRandomInt"],"duration":2,"failing":false,"failureDetails":[],"failureMessages":[],"fullName":"secureRandomInt returns value within range","invocations":1,"location":null,"numPassingAsserts":2,"retryReasons":[],"startAt":1767963258791,"status":"passed","title":"returns value within range"},{"ancestorTitles":["secureRandomInt"],"duration":76,"failing":false,"failureDetails":[],"failureMessages":[],"fullName":"secureRandomInt throws error for non-integer min","invocations":1,"location":null,"numPassingAsserts":1,"retryReasons":[],"startAt":1767963258793,"status":"passed","title":"throws error for non-integer min"},{"ancestorTitles":["secureRandomInt"],"duration":1,"failing":false,"failureDetails":[],"failureMessages":[],"fullName":"secureRandomInt throws error for non-integer max","invocations":1,"location":null,"numPassingAsserts":1,"retryReasons":[],"startAt":1767963258869,"status":"passed","title":"throws error for non-integer max"},{"ancestorTitles":["secureRandomInt"],"duration":1,"failing":false,"failureDetails":[],"failureMessages":[],"fullName":"secureRandomInt throws error when min > max","invocations":1,"location":null,"numPassingAsserts":1,"retryReasons":[],"startAt":1767963258870,"status":"passed","title":"throws error when min > max"},{"ancestorTitles":["secureRandomInt"],"duration":0,"failing":false,"failureDetails":[],"failureMessages":[],"fullName":"secureRandomInt uses crypto.getRandomValues","invocations":1,"location":null,"numPassingAsserts":1,"retryReasons":[],"startAt":1767963258871,"status":"passed","title":"uses crypto.getRandomValues"},{"ancestorTitles":["secureShuffleArray"],"duration":0,"failing":false,"failureDetails":[],"failureMessages":[],"fullName":"secureShuffleArray throws error for non-array input","invocations":1,"location":null,"numPassingAsserts":1,"retryReasons":[],"startAt":1767963258872,"status":"passed","title":"throws error for non-array input"},{"ancestorTitles":["secureShuffleArray"],"duration":0,"failing":false,"failureDetails":[],"failureMessages":[],"fullName":"secureShuffleArray returns array with same length","invocations":1,"location":null,"numPassingAsserts":1,"retryReasons":[],"startAt":1767963258872,"status":"passed","title":"returns array with same length"},{"ancestorTitles":["secureShuffleArray"],"duration":1,"failing":false,"failureDetails":[],"failureMessages":[],"fullName":"secureShuffleArray returns array with same elements","invocations":1,"location":null,"numPassingAsserts":1,"retryReasons":[],"startAt":1767963258872,"status":"passed","title":"returns array with same elements"},{"ancestorTitles":["secureShuffleArray"],"duration":1,"failing":false,"failureDetails":[],"failureMessages":[],"fullName":"secureShuffleArray does not mutate original array","invocations":1,"location":null,"numPassingAsserts":1,"retryReasons":[],"startAt":1767963258873,"status":"passed","title":"does not mutate original array"},{"ancestorTitles":["secureShuffleArray"],"duration":0,"failing":false,"failureDetails":[],"failureMessages":[],"fullName":"secureShuffleArray handles empty array","invocations":1,"location":null,"numPassingAsserts":1,"retryReasons":[],"startAt":1767963258874,"status":"passed","title":"handles empty array"},{"ancestorTitles":["secureShuffleArray"],"duration":0,"failing":false,"failureDetails":[],"failureMessages":[],"fullName":"secureShuffleArray handles single element array","invocations":1,"location":null,"numPassingAsserts":1,"retryReasons":[],"startAt":1767963258874,"status":"passed","title":"handles single element array"},{"ancestorTitles":["validateInteger"],"duration":1,"failing":false,"failureDetails":[],"failureMessages":[],"fullName":"validateInteger validates valid integer within range","invocations":1,"location":null,"numPassingAsserts":3,"retryReasons":[],"startAt":1767963258874,"status":"passed","title":"validates valid integer within range"},{"ancestorTitles":["validateInteger"],"duration":0,"failing":false,"failureDetails":[],"failureMessages":[],"fullName":"validateInteger rejects non-number input","invocations":1,"location":null,"numPassingAsserts":2,"retryReasons":[],"startAt":1767963258875,"status":"passed","title":"rejects non-number input"},{"ancestorTitles":["validateInteger"],"duration":0,"failing":false,"failureDetails":[],"failureMessages":[],"fullName":"validateInteger rejects float input","invocations":1,"location":null,"numPassingAsserts":2,"retryReasons":[],"startAt":1767963258875,"status":"passed","title":"rejects float input"},{"ancestorTitles":["validateInteger"],"duration":1,"failing":false,"failureDetails":[],"failureMessages":[],"fullName":"validateInteger rejects value below min","invocations":1,"location":null,"numPassingAsserts":2,"retryReasons":[],"startAt":1767963258875,"status":"passed","title":"rejects value below min"},{"ancestorTitles":["validateInteger"],"duration":0,"failing":false,"failureDetails":[],"failureMessages":[],"fullName":"validateInteger rejects value above max","invocations":1,"location":null,"numPassingAsserts":2,"retryReasons":[],"startAt":1767963258876,"status":"passed","title":"rejects value above max"},{"ancestorTitles":["validateInteger"],"duration":0,"failing":false,"failureDetails":[],"failureMessages":[],"fullName":"validateInteger works with default range","invocations":1,"location":null,"numPassingAsserts":1,"retryReasons":[],"startAt":1767963258876,"status":"passed","title":"works with default range"},{"ancestorTitles":["validateEnum"],"duration":0,"failing":false,"failureDetails":[],"failureMessages":[],"fullName":"validateEnum validates value in allowed list","invocations":1,"location":null,"numPassingAsserts":2,"retryReasons":[],"startAt":1767963258876,"status":"passed","title":"validates value in allowed list"},{"ancestorTitles":["validateEnum"],"duration":1,"failing":false,"failureDetails":[],"failureMessages":[],"fullName":"validateEnum rejects value not in allowed list","invocations":1,"location":null,"numPassingAsserts":2,"retryReasons":[],"startAt":1767963258876,"status":"passed","title":"rejects value not in allowed list"},{"ancestorTitles":["validateEnum"],"duration":0,"failing":false,"failureDetails":[],"failureMessages":[],"fullName":"validateEnum throws error for non-array allowedValues","invocations":1,"location":null,"numPassingAsserts":1,"retryReasons":[],"startAt":1767963258877,"status":"passed","title":"throws error for non-array allowedValues"},{"ancestorTitles":["sanitizeString"],"duration":1,"failing":false,"failureDetails":[],"failureMessages":[],"fullName":"sanitizeString sanitizes HTML special characters","invocations":1,"location":null,"numPassingAsserts":5,"retryReasons":[],"startAt":1767963258877,"status":"passed","title":"sanitizes HTML special characters"},{"ancestorTitles":["sanitizeString"],"duration":0,"failing":false,"failureDetails":[],"failureMessages":[],"fullName":"sanitizeString sanitizes quotes","invocations":1,"location":null,"numPassingAsserts":1,"retryReasons":[],"startAt":1767963258878,"status":"passed","title":"sanitizes quotes"},{"ancestorTitles":["sanitizeString"],"duration":0,"failing":false,"failureDetails":[],"failureMessages":[],"fullName":"sanitizeString rejects non-string input","invocations":1,"location":null,"numPassingAsserts":2,"retryReasons":[],"startAt":1767963258878,"status":"passed","title":"rejects non-string input"},{"ancestorTitles":["sanitizeString"],"duration":0,"failing":false,"failureDetails":[],"failureMessages":[],"fullName":"sanitizeString rejects string exceeding max length","invocations":1,"location":null,"numPassingAsserts":2,"retryReasons":[],"startAt":1767963258878,"status":"passed","title":"rejects string exceeding max length"},{"ancestorTitles":["sanitizeString"],"duration":0,"failing":false,"failureDetails":[],"failureMessages":[],"fullName":"sanitizeString allows string within max length","invocations":1,"location":null,"numPassingAsserts":1,"retryReasons":[],"startAt":1767963258878,"status":"passed","title":"allows string within max length"},{"ancestorTitles":["validateObject"],"duration":0,"failing":false,"failureDetails":[],"failureMessages":[],"fullName":"validateObject validates object with correct schema","invocations":1,"location":null,"numPassingAsserts":2,"retryReasons":[],"startAt":1767963258879,"status":"passed","title":"validates object with correct schema"},{"ancestorTitles":["validateObject"],"duration":1,"failing":false,"failureDetails":[],"failureMessages":[],"fullName":"validateObject rejects missing property","invocations":1,"location":null,"numPassingAsserts":2,"retryReasons":[],"startAt":1767963258879,"status":"passed","title":"rejects missing property"},{"ancestorTitles":["validateObject"],"duration":0,"failing":false,"failureDetails":[],"failureMessages":[],"fullName":"validateObject rejects wrong type","invocations":1,"location":null,"numPassingAsserts":2,"retryReasons":[],"startAt":1767963258880,"status":"passed","title":"rejects wrong type"},{"ancestorTitles":["validateObject"],"duration":0,"failing":false,"failureDetails":[],"failureMessages":[],"fullName":"validateObject rejects non-object input","invocations":1,"location":null,"numPassingAsserts":2,"retryReasons":[],"startAt":1767963258880,"status":"passed","title":"rejects non-object input"},{"ancestorTitles":["validateObject"],"duration":0,"failing":false,"failureDetails":[],"failureMessages":[],"fullName":"validateObject rejects null input","invocations":1,"location":null,"numPassingAsserts":1,"retryReasons":[],"startAt":1767963258880,"status":"passed","title":"rejects null input"},{"ancestorTitles":["createRateLimiter"],"duration":3,"failing":false,"failureDetails":[],"failureMessages":[],"fullName":"createRateLimiter allows actions within limit","invocations":1,"location":null,"numPassingAsserts":3,"retryReasons":[],"startAt":1767963258881,"status":"passed","title":"allows actions within limit"},{"ancestorTitles":["createRateLimiter"],"duration":1,"failing":false,"failureDetails":[],"failureMessages":[],"fullName":"createRateLimiter blocks actions exceeding limit","invocations":1,"location":null,"numPassingAsserts":2,"retryReasons":[],"startAt":1767963258884,"status":"passed","title":"blocks actions exceeding limit"},{"ancestorTitles":["createRateLimiter"],"duration":1,"failing":false,"failureDetails":[],"failureMessages":[],"fullName":"createRateLimiter allows actions after window expires","invocations":1,"location":null,"numPassingAsserts":2,"retryReasons":[],"startAt":1767963258885,"status":"passed","title":"allows actions after window expires"},{"ancestorTitles":["secureLog"],"duration":0,"failing":false,"failureDetails":[],"failureMessages":[],"fullName":"secureLog info logs in development","invocations":1,"location":null,"numPassingAsserts":1,"retryReasons":[],"startAt":1767963258886,"status":"passed","title":"info logs in development"},{"ancestorTitles":["secureLog"],"duration":1,"failing":false,"failureDetails":[],"failureMessages":[],"fullName":"secureLog warn logs in development","invocations":1,"location":null,"numPassingAsserts":1,"retryReasons":[],"startAt":1767963258886,"status":"passed","title":"warn logs in development"},{"ancestorTitles":["secureLog"],"duration":0,"failing":false,"failureDetails":[],"failureMessages":[],"fullName":"secureLog error always logs (sanitized in prod)","invocations":1,"location":null,"numPassingAsserts":1,"retryReasons":[],"startAt":1767963258887,"status":"passed","title":"error always logs (sanitized in prod)"},{"ancestorTitles":["secureLog"],"duration":1,"failing":false,"failureDetails":[],"failureMessages":[],"fullName":"secureLog security logs warning","invocations":1,"location":null,"numPassingAsserts":1,"retryReasons":[],"startAt":1767963258887,"status":"passed","title":"security logs warning"},{"ancestorTitles":["deepFreeze"],"duration":0,"failing":false,"failureDetails":[],"failureMessages":[],"fullName":"deepFreeze returns non-object input unchanged","invocations":1,"location":null,"numPassingAsserts":3,"retryReasons":[],"startAt":1767963258888,"status":"passed","title":"returns non-object input unchanged"},{"ancestorTitles":["deepFreeze"],"duration":0,"failing":false,"failureDetails":[],"failureMessages":[],"fullName":"deepFreeze freezes object","invocations":1,"location":null,"numPassingAsserts":1,"retryReasons":[],"startAt":1767963258888,"status":"passed","title":"freezes object"},{"ancestorTitles":["deepFreeze"],"duration":0,"failing":false,"failureDetails":[],"failureMessages":[],"fullName":"deepFreeze freezes nested objects","invocations":1,"location":null,"numPassingAsserts":2,"retryReasons":[],"startAt":1767963258888,"status":"passed","title":"freezes nested objects"},{"ancestorTitles":["createReadOnlyProxy"],"duration":0,"failing":false,"failureDetails":[],"failureMessages":[],"fullName":"createReadOnlyProxy allows reading properties","invocations":1,"location":null,"numPassingAsserts":2,"retryReasons":[],"startAt":1767963258889,"status":"passed","title":"allows reading properties"},{"ancestorTitles":["createReadOnlyProxy"],"duration":0,"failing":false,"failureDetails":[],"failureMessages":[],"fullName":"createReadOnlyProxy prevents setting properties","invocations":1,"location":null,"numPassingAsserts":1,"retryReasons":[],"startAt":1767963258889,"status":"passed","title":"prevents setting properties"},{"ancestorTitles":["createReadOnlyProxy"],"duration":0,"failing":false,"failureDetails":[],"failureMessages":[],"fullName":"createReadOnlyProxy prevents deleting properties","invocations":1,"location":null,"numPassingAsserts":1,"retryReasons":[],"startAt":1767963258889,"status":"passed","title":"prevents deleting properties"}],"endTime":1767963258891,"message":"","name":"Z:\\DEV\\cryptoduels\\src\\utils\\security.test.js","startTime":1767963250516,"status":"passed","summary":""},{"assertionResults":[{"ancestorTitles":["Branded Types","UserId"],"duration":4,"failing":false,"failureDetails":[],"failureMessages":[],"fullName":"Branded Types UserId parse accepts valid user ID","invocations":1,"location":null,"numPassingAsserts":2,"retryReasons":[],"startAt":1767963258955,"status":"passed","title":"parse accepts valid user ID"},{"ancestorTitles":["Branded Types","UserId"],"duration":0,"failing":false,"failureDetails":[],"failureMessages":[],"fullName":"Branded Types UserId parse rejects empty string","invocations":1,"location":null,"numPassingAsserts":1,"retryReasons":[],"startAt":1767963258959,"status":"passed","title":"parse rejects empty string"},{"ancestorTitles":["Branded Types","UserId"],"duration":0,"failing":false,"failureDetails":[],"failureMessages":[],"fullName":"Branded Types UserId parse rejects non-string","invocations":1,"location":null,"numPassingAsserts":1,"retryReasons":[],"startAt":1767963258959,"status":"passed","title":"parse rejects non-string"},{"ancestorTitles":["Branded Types","UserId"],"duration":0,"failing":false,"failureDetails":[],"failureMessages":[],"fullName":"Branded Types UserId parse rejects too long string","invocations":1,"location":null,"numPassingAsserts":1,"retryReasons":[],"startAt":1767963258959,"status":"passed","title":"parse rejects too long string"},{"ancestorTitles":["Branded Types","UserId"],"duration":1,"failing":false,"failureDetails":[],"failureMessages":[],"fullName":"Branded Types UserId unsafe creates UserId directly","invocations":1,"location":null,"numPassingAsserts":1,"retryReasons":[],"startAt":1767963258959,"status":"passed","title":"unsafe creates UserId directly"},{"ancestorTitles":["Branded Types","UserId"],"duration":0,"failing":false,"failureDetails":[],"failureMessages":[],"fullName":"Branded Types UserId isUserId type guard works","invocations":1,"location":null,"numPassingAsserts":2,"retryReasons":[],"startAt":1767963258960,"status":"passed","title":"isUserId type guard works"},{"ancestorTitles":["Branded Types","GameId"],"duration":0,"failing":false,"failureDetails":[],"failureMessages":[],"fullName":"Branded Types GameId parse accepts valid UUID v4","invocations":1,"location":null,"numPassingAsserts":1,"retryReasons":[],"startAt":1767963258960,"status":"passed","title":"parse accepts valid UUID v4"},{"ancestorTitles":["Branded Types","GameId"],"duration":0,"failing":false,"failureDetails":[],"failureMessages":[],"fullName":"Branded Types GameId parse rejects invalid UUID","invocations":1,"location":null,"numPassingAsserts":1,"retryReasons":[],"startAt":1767963258961,"status":"passed","title":"parse rejects invalid UUID"},{"ancestorTitles":["Branded Types","GameId"],"duration":0,"failing":false,"failureDetails":[],"failureMessages":[],"fullName":"Branded Types GameId generate creates valid UUID","invocations":1,"location":null,"numPassingAsserts":1,"retryReasons":[],"startAt":1767963258961,"status":"passed","title":"generate creates valid UUID"},{"ancestorTitles":["Branded Types","GameId"],"duration":0,"failing":false,"failureDetails":[],"failureMessages":[],"fullName":"Branded Types GameId isGameId type guard works","invocations":1,"location":null,"numPassingAsserts":2,"retryReasons":[],"startAt":1767963258962,"status":"passed","title":"isGameId type guard works"},{"ancestorTitles":["Branded Types","TierId"],"duration":0,"failing":false,"failureDetails":[],"failureMessages":[],"fullName":"Branded Types TierId parse accepts valid tier IDs","invocations":1,"location":null,"numPassingAsserts":4,"retryReasons":[],"startAt":1767963258962,"status":"passed","title":"parse accepts valid tier IDs"},{"ancestorTitles":["Branded Types","TierId"],"duration":1,"failing":false,"failureDetails":[],"failureMessages":[],"fullName":"Branded Types TierId parse rejects invalid tier IDs","invocations":1,"location":null,"numPassingAsserts":3,"retryReasons":[],"startAt":1767963258962,"status":"passed","title":"parse rejects invalid tier IDs"},{"ancestorTitles":["Branded Types","TierId"],"duration":0,"failing":false,"failureDetails":[],"failureMessages":[],"fullName":"Branded Types TierId isTierId type guard works","invocations":1,"location":null,"numPassingAsserts":2,"retryReasons":[],"startAt":1767963258963,"status":"passed","title":"isTierId type guard works"},{"ancestorTitles":["Branded Types","WalletAddress"],"duration":0,"failing":false,"failureDetails":[],"failureMessages":[],"fullName":"Branded Types WalletAddress parse accepts valid Ethereum address","invocations":1,"location":null,"numPassingAsserts":1,"retryReasons":[],"startAt":1767963258963,"status":"passed","title":"parse accepts valid Ethereum address"},{"ancestorTitles":["Branded Types","WalletAddress"],"duration":0,"failing":false,"failureDetails":[],"failureMessages":[],"fullName":"Branded Types WalletAddress parse rejects address without 0x prefix","invocations":1,"location":null,"numPassingAsserts":1,"retryReasons":[],"startAt":1767963258963,"status":"passed","title":"parse rejects address without 0x prefix"},{"ancestorTitles":["Branded Types","WalletAddress"],"duration":0,"failing":false,"failureDetails":[],"failureMessages":[],"fullName":"Branded Types WalletAddress parse rejects short address","invocations":1,"location":null,"numPassingAsserts":1,"retryReasons":[],"startAt":1767963258963,"status":"passed","title":"parse rejects short address"},{"ancestorTitles":["Branded Types","WalletAddress"],"duration":1,"failing":false,"failureDetails":[],"failureMessages":[],"fullName":"Branded Types WalletAddress isWalletAddress type guard works","invocations":1,"location":null,"numPassingAsserts":2,"retryReasons":[],"startAt":1767963258963,"status":"passed","title":"isWalletAddress type guard works"},{"ancestorTitles":["Branded Types","PositiveAmount"],"duration":0,"failing":false,"failureDetails":[],"failureMessages":[],"fullName":"Branded Types PositiveAmount parse accepts positive numbers","invocations":1,"location":null,"numPassingAsserts":2,"retryReasons":[],"startAt":1767963258964,"status":"passed","title":"parse accepts positive numbers"},{"ancestorTitles":["Branded Types","PositiveAmount"],"duration":0,"failing":false,"failureDetails":[],"failureMessages":[],"fullName":"Branded Types PositiveAmount parse rejects zero","invocations":1,"location":null,"numPassingAsserts":1,"retryReasons":[],"startAt":1767963258964,"status":"passed","title":"parse rejects zero"},{"ancestorTitles":["Branded Types","PositiveAmount"],"duration":0,"failing":false,"failureDetails":[],"failureMessages":[],"fullName":"Branded Types PositiveAmount parse rejects negative","invocations":1,"location":null,"numPassingAsserts":1,"retryReasons":[],"startAt":1767963258964,"status":"passed","title":"parse rejects negative"},{"ancestorTitles":["Branded Types","PositiveAmount"],"duration":0,"failing":false,"failureDetails":[],"failureMessages":[],"fullName":"Branded Types PositiveAmount parse rejects Infinity","invocations":1,"location":null,"numPassingAsserts":1,"retryReasons":[],"startAt":1767963258964,"status":"passed","title":"parse rejects Infinity"},{"ancestorTitles":["Branded Types","PositiveAmount"],"duration":0,"failing":false,"failureDetails":[],"failureMessages":[],"fullName":"Branded Types PositiveAmount isPositiveAmount type guard works","invocations":1,"location":null,"numPassingAsserts":2,"retryReasons":[],"startAt":1767963258964,"status":"passed","title":"isPositiveAmount type guard works"},{"ancestorTitles":["Branded Types","HexColor"],"duration":1,"failing":false,"failureDetails":[],"failureMessages":[],"fullName":"Branded Types HexColor parse accepts valid hex colors","invocations":1,"location":null,"numPassingAsserts":3,"retryReasons":[],"startAt":1767963258964,"status":"passed","title":"parse accepts valid hex colors"},{"ancestorTitles":["Branded Types","HexColor"],"duration":0,"failing":false,"failureDetails":[],"failureMessages":[],"fullName":"Branded Types HexColor parse rejects invalid formats","invocations":1,"location":null,"numPassingAsserts":3,"retryReasons":[],"startAt":1767963258965,"status":"passed","title":"parse rejects invalid formats"},{"ancestorTitles":["Branded Types","HexColor"],"duration":0,"failing":false,"failureDetails":[],"failureMessages":[],"fullName":"Branded Types HexColor isHexColor type guard works","invocations":1,"location":null,"numPassingAsserts":2,"retryReasons":[],"startAt":1767963258965,"status":"passed","title":"isHexColor type guard works"}],"endTime":1767963258966,"message":"","name":"Z:\\DEV\\cryptoduels\\src\\types\\branded.test.ts","startTime":1767963250516,"status":"passed","summary":""},{"assertionResults":[{"ancestorTitles":["useGameEvents"],"duration":12,"failing":false,"failureDetails":[],"failureMessages":[],"fullName":"useGameEvents subscribes to single event","invocations":1,"location":null,"numPassingAsserts":1,"retryReasons":[],"startAt":1767963259244,"status":"passed","title":"subscribes to single event"},{"ancestorTitles":["useGameEvents"],"duration":2,"failing":false,"failureDetails":[],"failureMessages":[],"fullName":"useGameEvents subscribes to multiple events","invocations":1,"location":null,"numPassingAsserts":1,"retryReasons":[],"startAt":1767963259256,"status":"passed","title":"subscribes to multiple events"},{"ancestorTitles":["useGameEvents"],"duration":2,"failing":false,"failureDetails":[],"failureMessages":[],"fullName":"useGameEvents unsubscribes on unmount","invocations":1,"location":null,"numPassingAsserts":1,"retryReasons":[],"startAt":1767963259258,"status":"passed","title":"unsubscribes on unmount"},{"ancestorTitles":["useGameEvents"],"duration":2,"failing":false,"failureDetails":[],"failureMessages":[],"fullName":"useGameEvents updates callback reference","invocations":1,"location":null,"numPassingAsserts":1,"retryReasons":[],"startAt":1767963259260,"status":"passed","title":"updates callback reference"},{"ancestorTitles":["useGameEvents"],"duration":1,"failing":false,"failureDetails":[],"failureMessages":[],"fullName":"useGameEvents once option works","invocations":1,"location":null,"numPassingAsserts":1,"retryReasons":[],"startAt":1767963259263,"status":"passed","title":"once option works"},{"ancestorTitles":["useEmitGameEvent"],"duration":1,"failing":false,"failureDetails":[],"failureMessages":[],"fullName":"useEmitGameEvent returns emit function","invocations":1,"location":null,"numPassingAsserts":1,"retryReasons":[],"startAt":1767963259264,"status":"passed","title":"returns emit function"},{"ancestorTitles":["useEmitGameEvent"],"duration":2,"failing":false,"failureDetails":[],"failureMessages":[],"fullName":"useEmitGameEvent emit function works","invocations":1,"location":null,"numPassingAsserts":1,"retryReasons":[],"startAt":1767963259265,"status":"passed","title":"em
[...]
:{"line":86,"column":5}}},"2":{"name":"(anonymous_2)","decl":{"start":{"line":88,"column":29},"end":{"line":88,"column":38}},"loc":{"start":{"line":88,"column":40},"end":{"line":91,"column":5}}},"3":{"name":"(anonymous_3)","decl":{"start":{"line":93,"column":29},"end":{"line":93,"column":38}},"loc":{"start":{"line":93,"column":40},"end":{"line":95,"column":5}}},"4":{"name":"(anonymous_4)","decl":{"start":{"line":98,"column":14},"end":{"line":98,"column":17}},"loc":{"start":{"line":98,"column":19},"end":{"line":100,"column":5}}},"5":{"name":"(anonymous_5)","decl":{"start":{"line":103,"column":14},"end":{"line":103,"column":17}},"loc":{"start":{"line":103,"column":19},"end":{"line":114,"column":5}}},"6":{"name":"(anonymous_6)","decl":{"start":{"line":106,"column":28},"end":{"line":106,"column":37}},"loc":{"start":{"line":106,"column":40},"end":{"line":106,"column":46}}},"7":{"name":"(anonymous_7)","decl":{"start":{"line":110,"column":15},"end":{"line":110,"column":18}},"loc":{"start":{"line":110,"column":20},"end":{"line":113,"column":9}}},"8":{"name":"(anonymous_8)","decl":{"start":{"line":117,"column":14},"end":{"line":117,"column":17}},"loc":{"start":{"line":117,"column":19},"end":{"line":140,"column":5}}},"9":{"name":"(anonymous_9)","decl":{"start":{"line":120,"column":35},"end":{"line":120,"column":36}},"loc":{"start":{"line":120,"column":72},"end":{"line":127,"column":9}}},"10":{"name":"(anonymous_10)","decl":{"start":{"line":130,"column":33},"end":{"line":130,"column":36}},"loc":{"start":{"line":130,"column":38},"end":{"line":133,"column":9}}},"11":{"name":"(anonymous_11)","decl":{"start":{"line":135,"column":15},"end":{"line":135,"column":18}},"loc":{"start":{"line":135,"column":20},"end":{"line":139,"column":9}}},"12":{"name":"(anonymous_12)","decl":{"start":{"line":142,"column":42},"end":{"line":142,"column":43}},"loc":{"start":{"line":142,"column":94},"end":{"line":151,"column":5}}},"13":{"name":"(anonymous_13)","decl":{"start":{"line":178,"column":27},"end":{"line":178,"column":28}},"loc":{"start":{"line":178,"column":34},"end":{"line":178,"column":75}}}},"branchMap":{"0":{"loc":{"start":{"line":37,"column":62},"end":{"line":37,"column":78}},"type":"default-arg","locations":[{"start":{"line":37,"column":73},"end":{"line":37,"column":78}}]},"1":{"loc":{"start":{"line":37,"column":80},"end":{"line":37,"column":94}},"type":"default-arg","locations":[{"start":{"line":37,"column":91},"end":{"line":37,"column":94}}]},"2":{"loc":{"start":{"line":45,"column":8},"end":{"line":45,"column":40}},"type":"if","locations":[{"start":{"line":45,"column":8},"end":{"line":45,"column":40}},{"start":{},"end":{}}]},"3":{"loc":{"start":{"line":55,"column":8},"end":{"line":65,"column":9}},"type":"switch","locations":[{"start":{"line":56,"column":12},"end":{"line":59,"column":22}},{"start":{"line":60,"column":12},"end":{"line":60,"column":23}},{"start":{"line":61,"column":12},"end":{"line":64,"column":22}}]},"4":{"loc":{"start":{"line":70,"column":8},"end":{"line":72,"column":9}},"type":"if","locations":[{"start":{"line":70,"column":8},"end":{"line":72,"column":9}},{"start":{},"end":{}}]},"5":{"loc":{"start":{"line":73,"column":8},"end":{"line":75,"column":9}},"type":"if","locations":[{"start":{"line":73,"column":8},"end":{"line":75,"column":9}},{"start":{},"end":{}}]},"6":{"loc":{"start":{"line":78,"column":8},"end":{"line":80,"column":9}},"type":"if","locations":[{"start":{"line":78,"column":8},"end":{"line":80,"column":9}},{"start":{},"end":{}}]},"7":{"loc":{"start":{"line":78,"column":12},"end":{"line":78,"column":42}},"type":"binary-expr","locations":[{"start":{"line":78,"column":12},"end":{"line":78,"column":30}},{"start":{"line":78,"column":34},"end":{"line":78,"column":42}}]},"8":{"loc":{"start":{"line":81,"column":8},"end":{"line":83,"column":9}},"type":"if","locations":[{"start":{"line":81,"column":8},"end":{"line":83,"column":9}},{"start":{},"end":{}}]},"9":{"loc":{"start":{"line":104,"column":8},"end":{"line":104,"column":31}},"type":"if","locations":[{"start":{"line":104,"column":8},"end":{"line":104,"column":31}},{"start":{},"end":{}}]},"10":{"loc":{"start":{"line":118,"column":8},"end":{"line":118,"column":31}},"type":"if","locations":[{"start":{"line":118,"column":8},"end":{"line":118,"column":31}},{"start":{},"end":{}}]},"11":{"loc":{"start":{"line":121,"column":12},"end":{"line":126,"column":13}},"type":"if","locations":[{"start":{"line":121,"column":12},"end":{"line":126,"column":13}},{"start":{},"end":{}}]},"12":{"loc":{"start":{"line":122,"column":16},"end":{"line":123,"column":84}},"type":"binary-expr","locations":[{"start":{"line":122,"column":16},"end":{"line":122,"column":34}},{"start":{"line":122,"column":38},"end":{"line":122,"column":84}},{"start":{"line":123,"column":16},"end":{"line":123,"column":34}},{"start":{"line":123,"column":38},"end":{"line":123,"column":84}}]},"13":{"loc":{"start":{"line":146,"column":8},"end":{"line":150,"column":9}},"type":"if","locations":[{"start":{"line":146,"column":8},"end":{"line":150,"column":9}},{"start":{"line":148,"column":15},"end":{"line":150,"column":9}}]},"14":{"loc":{"start":{"line":153,"column":27},"end":{"line":167,"column":12}},"type":"cond-expr","locations":[{"start":{"line":153,"column":39},"end":{"line":166,"column":null}},{"start":{"line":167,"column":8},"end":{"line":167,"column":12}}]},"15":{"loc":{"start":{"line":175,"column":30},"end":{"line":175,"column":71}},"type":"cond-expr","locations":[{"start":{"line":175,"column":55},"end":{"line":175,"column":59}},{"start":{"line":175,"column":62},"end":{"line":175,"column":71}}]},"16":{"loc":{"start":{"line":176,"column":30},"end":{"line":176,"column":71}},"type":"cond-expr","locations":[{"start":{"line":176,"column":55},"end":{"line":176,"column":59}},{"start":{"line":176,"column":62},"end":{"line":176,"column":71}}]},"17":{"loc":{"start":{"line":178,"column":34},"end":{"line":178,"column":75}},"type":"binary-expr","locations":[{"start":{"line":178,"column":34},"end":{"line":178,"column":51}},{"start":{"line":178,"column":55},"end":{"line":178,"column":75}}]}},"s":{"0":0,"1":0,"2":0,"3":0,"4":0,"5":0,"6":0,"7":0,"8":0,"9":0,"10":0,"11":0,"12":0,"13":0,"14":0,"15":0,"16":0,"17":0,"18":0,"19":0,"20":0,"21":0,"22":0,"23":0,"24":0,"25":0,"26":0,"27":0,"28":0,"29":0,"30":0,"31":0,"32":0,"33":0,"34":0,"35":0,"36":0,"37":0,"38":0,"39":0,"40":0,"41":0,"42":0,"43":0,"44":0,"45":0,"46":0,"47":0,"48":0,"49":0,"50":0,"51":0,"52":0,"53":0,"54":0,"55":0,"56":0,"57":0,"58":0,"59":0,"60":0,"61":0,"62":0,"63":0,"64":0,"65":0,"66":0,"67":0,"68":0,"69":0,"70":0,"71":0,"72":0},"f":{"0":0,"1":0,"2":0,"3":0,"4":0,"5":0,"6":0,"7":0,"8":0,"9":0,"10":0,"11":0,"12":0,"13":0},"b":{"0":[0],"1":[0],"2":[0,0],"3":[0,0,0],"4":[0,0],"5":[0,0],"6":[0,0],"7":[0,0],"8":[0,0],"9":[0,0],"10":[0,0],"11":[0,0],"12":[0,0,0,0],"13":[0,0],"14":[0,0],"15":[0,0],"16":[0,0],"17":[0,0]}},"Z:\\DEV\\cryptoduels\\src\\components\\layout\\Navbar.tsx":{"path":"Z:\\DEV\\cryptoduels\\src\\components\\layout\\Navbar.tsx","statementMap":{"0":{"start":{"line":1,"column":0},"end":{"line":1,"column":40}},"1":{"start":{"line":2,"column":0},"end":{"line":2,"column":60}},"2":{"start":{"line":3,"column":0},"end":{"line":3,"column":39}},"3":{"start":{"line":4,"column":0},"end":{"line":4,"column":41}},"4":{"start":{"line":5,"column":0},"end":{"line":5,"column":56}},"5":{"start":{"line":6,"column":0},"end":{"line":6,"column":49}},"6":{"start":{"line":7,"column":0},"end":{"line":7,"column":42}},"7":{"start":{"line":8,"column":0},"end":{"line":8,"column":44}},"8":{"start":{"line":10,"column":25},"end":{"line":220,"column":1}},"9":{"start":{"line":11,"column":32},"end":{"line":11,"column":56}},"10":{"start":{"line":12,"column":58},"end":{"line":12,"column":82}},"11":{"start":{"line":13,"column":21},"end":{"line":13,"column":34}},"12":{"start":{"line":14,"column":21},"end":{"line":14,"column":34}},"13":{"start":{"line":17,"column":37},"end":{"line":17,"column":48}},"14":{"start":{"line":20,"column":30},"end":{"line":45,"column":5}},"15":{"start":{"line":21,"column":23},"end":{"line":21,"column":75}},"16":{"start":{"line":22,"column":8},"end":{"line":22,"column":33}},"17":{"start":{"line":22,"column":26},"end":{"line":22,"column":33}},"18":{"start":{"line":24,"column":24},"end":{"line":24,"column":25}},"19":{"start":{"line":25,"column":25},"end":{"line":25,"column":41}},"20":{"start":{"line":26,"column":25},"end":{"line":26,"column":29}},"21":{"start":{"line":27,"column":35},"end":{"line":27,"column":39}},"22":{"start":{"line":29,"column":31},"end":{"line":29,"column":119}},"23":{"start":{"line":29,"column":54},"end":{"line":29,"column":119}},"24":{"start":{"line":31,"column":21},"end":{"line":42,"column":9}},"25":{"start":{"line":32,"column":12},"end":{"line":32,"column":42}},"26":{"start":{"line":32,"column":24},"end":{"line":32,"column":42}},"27":{"start":{"line":33,"column":29},"end":{"line":33,"column":46}},"28":{"start":{"line":34,"column":31},"end":{"line":34,"column":63}},"29":{"start":{"line":36,"column":26},"end":{"line":36,"column":74}},"30":{"start":{"line":37,"column":12},"end":{"line":37,"column":38}},"31":{"start":{"line":39,"column":12},"end":{"line":41,"column":13}},"32":{"start":{"line":40,"column":16},"end":{"line":40,"column":51}},"33":{"start":{"line":44,"column":8},"end":{"line":44,"column":43}},"34":{"start":{"line":48,"column":19},"end":{"line":56,"column":5}},"35":{"start":{"line":49,"column":8},"end":{"line":54,"column":9}},"36":{"start":{"line":50,"column":12},"end":{"line":50,"column":32}},"37":{"start":{"line":52,"column":12},"end":{"line":52,"column":26}},"38":{"start":{"line":53,"column":12},"end":{"line":53,"column":47}},"39":{"start":{"line":55,"column":8},"end":{"line":55,"column":25}},"40":{"start":{"line":58,"column":23},"end":{"line":78,"column":5}},"41":{"start":{"line":59,"column":8},"end":{"line":59,"column":45}},"42":{"start":{"line":61,"column":8},"end":{"line":76,"column":9}},"43":{"start":{"line":62,"column":12},"end":{"line":73,"column":13}},"44":{"start":{"line":63,"column":16},"end":{"line":63,"column":30}},"45":{"start":{"line":65,"column":16},"end":{"line":70,"column":24}},"46":{"start":{"line":66,"column":20},"end":{"line":66,"column":47}},"47":{"start":{"line":68,"column":36},"end":{"line":68,"column":63}},"48":{"start":{"line":69,"column":20},"end":{"line":69,"column":80}},"49":{"start":{"line":69,"column":33},"end":{"line":69,"column":80}},"50":{"start":{"line":72,"column":16},"end":{"line":72,"column":43}},"51":{"start":{"line":75,"column":12},"end":{"line":75,"column":39}},"52":{"start":{"line":77,"column":8},"end":{"line":77,"column":25}},"53":{"start":{"line":80,"column":4},"end":{"line":219,"column":6}},"54":{"start":{"line":91,"column":39},"end":{"line":91,"column":67}},"55":{"start":{"line":95,"column":42},"end":{"line":95,"column":91}},"56":{"start":{"line":107,"column":44},"end":{"line":107,"column":72}},"57":{"start":{"line":108,"column":44},"end":{"line":108,"column":73}},"58":{"start":{"line":129,"column":43},"end":{"line":129,"column":72}},"59":{"start":{"line":136,"column":39},"end":{"line":139,"column":26}},"60":{"start":{"line":137,"column":28},"end":{"line":137,"column":55}},"61":{"start":{"line":138,"column":28},"end":{"line":138,"column":45}},"62":{"start":{"line":148,"column":39},"end":{"line":148,"column":86}},"63":{"start":{"line":148,"column":66},"end":{"line":148,"column":85}},"64":{"start":{"line":164,"column":39},"end":{"line":164,"column":57}},"65":{"start":{"line":187,"column":39},"end":{"line":187,"column":67}},"66":{"start":{"line":195,"column":39},"end":{"line":198,"column":26}},"67":{"start":{"line":196,"column":28},"end":{"line":196,"column":55}},"68":{"start":{"line":197,"column":28},"end":{"line":197,"column":45}},"69":{"start":{"line":206,"column":39},"end":{"line":206,"column":86}},"70":{"start":{"line":206,"column":66},"end":{"line":206,"column":85}},"71":{"start":{"line":222,"column":0},"end":{"line":222,"column":22}}},"fnMap":{"0":{"name":"(anonymous_0)","decl":{"start":{"line":10,"column":25},"end":{"line":10,"column":28}},"loc":{"start":{"line":10,"column":30},"end":{"line":220,"column":1}}},"1":{"name":"(anonymous_1)","decl":{"start":{"line":20,"column":30},"end":{"line":20,"column":39}},"loc":{"start":{"line":20,"column":41},"end":{"line":45,"column":5}}},"2":{"name":"(anonymous_2)","decl":{"start":{"line":29,"column":31},"end":{"line":29,"column":32}},"loc":{"start":{"line":29,"column":54},"end":{"line":29,"column":119}}},"3":{"name":"(anonymous_3)","decl":{"start":{"line":31,"column":21},"end":{"line":31,"column":22}},"loc":{"start":{"line":31,"column":49},"end":{"line":42,"column":9}}},"4":{"name":"(anonymous_4)","decl":{"start":{"line":48,"column":19},"end":{"line":48,"column":28}},"loc":{"start":{"line":48,"column":30},"end":{"line":56,"column":5}}},"5":{"name":"(anonymous_5)","decl":{"start":{"line":58,"column":23},"end":{"line":58,"column":24}},"loc":{"start":{"line":58,"column":45},"end":{"line":78,"column":5}}},"6":{"name":"(anonymous_6)","decl":{"start":{"line":65,"column":27},"end":{"line":65,"column":30}},"loc":{"start":{"line":65,"column":32},"end":{"line":70,"column":17}}},"7":{"name":"(anonymous_7)","decl":{"start":{"line":91,"column":33},"end":{"line":91,"column":36}},"loc":{"start":{"line":91,"column":39},"end":{"line":91,"column":67}}},"8":{"name":"(anonymous_8)","decl":{"start":{"line":95,"column":35},"end":{"line":95,"column":36}},"loc":{"start":{"line":95,"column":42},"end":{"line":95,"column":91}}},"9":{"name":"(anonymous_9)","decl":{"start":{"line":107,"column":38},"end":{"line":107,"column":41}},"loc":{"start":{"line":107,"column":44},"end":{"line":107,"column":72}}},"10":{"name":"(anonymous_10)","decl":{"start":{"line":108,"column":38},"end":{"line":108,"column":41}},"loc":{"start":{"line":108,"column":44},"end":{"line":108,"column":73}}},"11":{"name":"(anonymous_11)","decl":{"start":{"line":129,"column":37},"end":{"line":129,"column":40}},"loc":{"start":{"line":129,"column":43},"end":{"line":129,"column":72}}},"12":{"name":"(anonymous_12)","decl":{"start":{"line":136,"column":33},"end":{"line":136,"column":36}},"loc":{"start":{"line":136,"column":39},"end":{"line":139,"column":26}}},"13":{"name":"(anonymous_13)","decl":{"start":{"line":136,"column":60},"end":{"line":136,"column":63}},"loc":{"start":{"line":136,"column":65},"end":{"line":139,"column":25}}},"14":{"name":"(anonymous_14)","decl":{"start":{"line":148,"column":33},"end":{"line":148,"column":36}},"loc":{"start":{"line":148,"column":39},"end":{"line":148,"column":86}}},"15":{"name":"(anonymous_15)","decl":{"start":{"line":148,"column":60},"end":{"line":148,"column":63}},"loc":{"start":{"line":148,"column":66},"end":{"line":148,"column":85}}},"16":{"name":"(anonymous_16)","decl":{"start":{"line":164,"column":33},"end":{"line":164,"column":36}},"loc":{"start":{"line":164,"column":39},"end":{"line":164,"column":57}}},"17":{"name":"(anonymous_17)","decl":{"start":{"line":187,"column":33},"end":{"line":187,"column":36}},"loc":{"start":{"line":187,"column":39},"end":{"line":187,"column":67}}},"18":{"name":"(anonymous_18)","decl":{"start":{"line":195,"column":33},"end":{"line":195,"column":36}},"loc":{"start":{"line":195,"column":39},"end":{"line":198,"column":26}}},"19":{"name":"(anonymous_19)","decl":{"start":{"line":195,"column":60},"end":{"line":195,"column":63}},"loc":{"start":{"line":195,"column":65},"end":{"line":198,"column":25}}},"20":{"name":"(anonymous_20)","decl":{"start":{"line":206,"column":33},"end":{"line":206,"column":36}},"loc":{"start":{"line":206,"column":39},"end":{"line":206,"column":86}}},"21":{"name":"(anonymous_21)","decl":{"start":{"line":206,"column":60},"end":{"line":206,"column":63}},"loc":{"start":{"line":206,"column":66},"end":{"line":206,"column":85}}}},"branchMap":{"0":{"loc":{"start":{"line":21,"column":23},"end":{"line":21,"column":75}},"type":"binary-expr","locations":[{"start":{"line":21,"column":23},"end":{"line":21,"column":37}},{"start":{"line":21,"column":41},"end":{"line":21,"column":75}}]},"1":{"loc":{"start":{"line":22,"column":8},"end":{"line":22,"column":33}},"type":"if","locations":[{"start":{"line":22,"column":8},"end":{"line":22,"column":33}},{"start":{},"end":{}}]},"2":{"loc":{"start":{"line":29,"column":54},"end":{"line":29,"column":119}},"type":"cond-expr","locations":[{"start":{"line":29,"column":64},"end":{"line":29,"column":77}},{"start":{"line":29,"column":80},"end":{"line":29,"column":119}}]},"3":{"loc":{"start":{"line":32,"column":12},"end":{"line":32,"column":42}},"type":"if","locations":[{"start":{"line":32,"column":12},"end":{"line":32,"column":42}},{"start":{},"end":{}}]},"4":{"loc":{"start":{"line":39,"column":12},"end":{"line":41,"column":13}},"type":"if","locations":[{"start":{"line":39,"column":12},"end":{"line":41,"column":13}},{"start":{},"end":{}}]},"5":{"loc":{"start":{"line":49,"column":8},"end":{"line":54,"column":9}},"type":"if","locations":[{"start":{"line":49,"column":8},"end":{"line":54,"column":9}},{"start":{"line":51,"column":15},"end":{"line":54,"column":9}}]},"6":{"loc":{"start":{"line":61,"column":8},"end":{"line":76,"column":9}},"type":"if","locations":[{"start":{"line":61,"column":8},"end":{"line":76,"column":9}},{"start":{"line":74,"column":15},"end":{"line":76,"column":9}}]},"7":{"loc":{"start":{"line":62,"column":12},"end":{"line":73,"column":13}},"type":"if","locations":[{"start":{"line":62,"column":12},"end":{"line":73,"column":13}},{"start":{"line":71,"column":19},"end":{"line":73,"column":13}}]},"8":{"loc":{"start":{"line":69,"column":20},"end":{"line":69,"column":80}},"type":"if","locations":[{"start":{"line":69,"column":20},"end":{"line":69,"column":80}},{"start":{},"end":{}}]},"9":{"loc":{"start":{"line":95,"column":42},"end":{"line":95,"column":91}},"type":"binary-expr","locations":[{"start":{"line":95,"column":42},"end":{"line":95,"column":59}},{"start":{"line":95,"column":63},"end":{"line":95,"column":91}}]},"10":{"loc":{"start":{"line":112,"column":51},"end":{"line":112,"column":86}},"type":"cond-expr","locations":[{"start":{"line":112,"column":73},"end":{"line":112,"column":81}},{"start":{"line":112,"column":84},"end":{"line":112,"column":86}}]},"11":{"loc":{"start":{"line":120,"column":51},"end":{"line":120,"column":80}},"type":"cond-expr","locations":[{"start":{"line":120,"column":73},"end":{"line":120,"column":76}},{"start":{"line":120,"column":79},"end":{"line":120,"column":80}}]},"12":{"loc":{"start":{"line":165,"column":36},"end":{"line":165,"column":73}},"type":"cond-expr","locations":[{"start":{"line":165,"column":45},"end":{"line":165,"column":58}},{"start":{"line":165,"column":61},"end":{"line":165,"column":73}}]},"13":{"loc":{"start":{"line":169,"column":53},"end":{"line":169,"column":73}},"type":"cond-expr","locations":[{"start":{"line":169,"column":62},"end":{"line":169,"column":68}},{"start":{"line":169,"column":71},"end":{"line":169,"column":73}}]},"14":{"loc":{"start":{"line":180,"column":42},"end":{"line":180,"column":62}},"type":"cond-expr","locations":[{"start":{"line":180,"column":51},"end":{"line":180,"column":57}},{"start":{"line":180,"column":60},"end":{"line":180,"column":62}}]}},"s":{"0":0,"1":0,"2":0,"3":0,"4":0,"5":0,"6":0,"7":0,"8":0,"9":0,"10":0,"11":0,"12":0,"13":0,"14":0,"15":0,"16":0,"17":0,"18":0,"19":0,"20":0,"21":0,"22":0,"23":0,"24":0,"25":0,"26":0,"27":0,"28":0,"29":0,"30":0,"31":0,"32":0,"33":0,"34":0,"35":0,"36":0,"37":0,"38":0,"39":0,"40":0,"41":0,"42":0,"43":0,"44":0,"45":0,"46":0,"47":0,"48":0,"49":0,"50":0,"51":0,"52":0,"53":0,"54":0,"55":0,"56":0,"57":0,"58":0,"59":0,"60":0,"61":0,"62":0,"63":0,"64":0,"65":0,"66":0,"67":0,"68":0,"69":0,"70":0,"71":0},"f":{"0":0,"1":0,"2":0,"3":0,"4":0,"5":0,"6":0,"7":0,"8":0,"9":0,"10":0,"11":0,"12":0,"13":0,"14":0,"15":0,"16":0,"17":0,"18":0,"19":0,"20":0,"21":0},"b":{"0":[0,0],"1":[0,0],"2":[0,0],"3":[0,0],"4":[0,0],"5":[0,0],"6":[0,0],"7":[0,0],"8":[0,0],"9":[0,0],"10":[0,0],"11":[0,0],"12":[0,0],"13":[0,0],"14":[0,0]}}}}
