{"numFailedTestSuites":21,"numFailedTests":51,"numPassedTestSuites":61,"numPassedTests":740,"numPendingTestSuites":0,"numPendingTests":0,"numRuntimeErrorTestSuites":9,"numTodoTests":0,"numTotalTestSuites":82,"numTotalTests":791,"openHandles":[],"snapshot":{"added":0,"didUpdate":false,"failure":false,"filesAdded":0,"filesRemoved":0,"filesRemovedList":[],"filesUnmatched":0,"filesUpdated":0,"matched":0,"total":0,"unchecked":0,"uncheckedKeysByFile":[],"unmatched":0,"updated":0},"startTime":1767814863407,"success":false,"testResults":[{"assertionResults":[{"ancestorTitles":["diceStrategy"],"duration":3,"failing":false,"failureDetails":[],"failureMessages":[],"fullName":"diceStrategy has correct type","invocations":1,"location":null,"numPassingAsserts":1,"retryReasons":[],"startAt":1767814865885,"status":"passed","title":"has correct type"},{"ancestorTitles":["diceStrategy","getInitialState"],"duration":0,"failing":false,"failureDetails":[],"failureMessages":[],"fullName":"diceStrategy getInitialState returns initial state","invocations":1,"location":null,"numPassingAsserts":1,"retryReasons":[],"startAt":1767814865889,"status":"passed","title":"returns initial state"},{"ancestorTitles":["diceStrategy","setup"],"duration":1,"failing":false,"failureDetails":[],"failureMessages":[],"fullName":"diceStrategy setup sets phase to SPIN","invocations":1,"location":null,"numPassingAsserts":1,"retryReasons":[],"startAt":1767814865890,"status":"passed","title":"sets phase to SPIN"},{"ancestorTitles":["diceStrategy","spin"],"duration":1,"failing":false,"failureDetails":[],"failureMessages":[],"fullName":"diceStrategy spin generates dice rolls and determines winner","invocations":1,"location":null,"numPassingAsserts":2,"retryReasons":[],"startAt":1767814865891,"status":"passed","title":"generates dice rolls and determines winner"},{"ancestorTitles":["diceStrategy","spin"],"duration":1,"failing":false,"failureDetails":[],"failureMessages":[],"fullName":"diceStrategy spin player wins when roll is higher","invocations":1,"location":null,"numPassingAsserts":1,"retryReasons":[],"startAt":1767814865892,"status":"passed","title":"player wins when roll is higher"},{"ancestorTitles":["diceStrategy","spin"],"duration":0,"failing":false,"failureDetails":[],"failureMessages":[],"fullName":"diceStrategy spin player loses when roll is lower","invocations":1,"location":null,"numPassingAsserts":1,"retryReasons":[],"startAt":1767814865893,"status":"passed","title":"player loses when roll is lower"},{"ancestorTitles":["diceStrategy","spin"],"duration":1,"failing":false,"failureDetails":[],"failureMessages":[],"fullName":"diceStrategy spin handles tie by re-rolling","invocations":1,"location":null,"numPassingAsserts":1,"retryReasons":[],"startAt":1767814865893,"status":"passed","title":"handles tie by re-rolling"},{"ancestorTitles":["diceStrategy","handlers"],"duration":0,"failing":false,"failureDetails":[],"failureMessages":[],"fullName":"diceStrategy handlers handlers object exists","invocations":1,"location":null,"numPassingAsserts":1,"retryReasons":[],"startAt":1767814865894,"status":"passed","title":"handlers object exists"}],"endTime":1767814865895,"message":"","name":"Z:\\DEV\\cryptoduels\\src\\games\\dice.strategy.test.js","startTime":1767814864900,"status":"passed","summary":""},{"assertionResults":[{"ancestorTitles":["rpsStrategy"],"duration":5,"failing":false,"failureDetails":[],"failureMessages":[],"fullName":"rpsStrategy has correct type","invocations":1,"location":null,"numPassingAsserts":1,"retryReasons":[],"startAt":1767814865908,"status":"passed","title":"has correct type"},{"ancestorTitles":["rpsStrategy","getInitialState"],"duration":2,"failing":false,"failureDetails":[],"failureMessages":[],"fullName":"rpsStrategy getInitialState returns initial state with drawCount 0","invocations":1,"location":null,"numPassingAsserts":3,"retryReasons":[],"startAt":1767814865913,"status":"passed","title":"returns initial state with drawCount 0"},{"ancestorTitles":["rpsStrategy","setup"],"duration":2,"failing":false,"failureDetails":[],"failureMessages":[],"fullName":"rpsStrategy setup sets player as chooser and phase to SELECTION","invocations":1,"location":null,"numPassingAsserts":3,"retryReasons":[],"startAt":1767814865915,"status":"passed","title":"sets player as chooser and phase to SELECTION"},{"ancestorTitles":["rpsStrategy","determineOutcome"],"duration":1,"failing":false,"failureDetails":[],"failureMessages":[],"fullName":"rpsStrategy determineOutcome rock beats scissors","invocations":1,"location":null,"numPassingAsserts":1,"retryReasons":[],"startAt":1767814865917,"status":"passed","title":"rock beats scissors"},{"ancestorTitles":["rpsStrategy","determineOutcome"],"duration":0,"failing":false,"failureDetails":[],"failureMessages":[],"fullName":"rpsStrategy determineOutcome scissors beats paper","invocations":1,"location":null,"numPassingAsserts":1,"retryReasons":[],"startAt":1767814865918,"status":"passed","title":"scissors beats paper"},{"ancestorTitles":["rpsStrategy","determineOutcome"],"duration":0,"failing":false,"failureDetails":[],"failureMessages":[],"fullName":"rpsStrategy determineOutcome paper beats rock","invocations":1,"location":null,"numPassingAsserts":1,"retryReasons":[],"startAt":1767814865919,"status":"passed","title":"paper beats rock"},{"ancestorTitles":["rpsStrategy","determineOutcome"],"duration":1,"failing":false,"failureDetails":[],"failureMessages":[],"fullName":"rpsStrategy determineOutcome rock loses to paper","invocations":1,"location":null,"numPassingAsserts":1,"retryReasons":[],"startAt":1767814865919,"status":"passed","title":"rock loses to paper"},{"ancestorTitles":["rpsStrategy","determineOutcome"],"duration":0,"failing":false,"failureDetails":[],"failureMessages":[],"fullName":"rpsStrategy determineOutcome scissors loses to rock","invocations":1,"location":null,"numPassingAsserts":1,"retryReasons":[],"startAt":1767814865920,"status":"passed","title":"scissors loses to rock"},{"ancestorTitles":["rpsStrategy","determineOutcome"],"duration":1,"failing":false,"failureDetails":[],"failureMessages":[],"fullName":"rpsStrategy determineOutcome paper loses to scissors","invocations":1,"location":null,"numPassingAsserts":1,"retryReasons":[],"startAt":1767814865920,"status":"passed","title":"paper loses to scissors"},{"ancestorTitles":["rpsStrategy","determineOutcome"],"duration":0,"failing":false,"failureDetails":[],"failureMessages":[],"fullName":"rpsStrategy determineOutcome same choices = draw","invocations":1,"location":null,"numPassingAsserts":3,"retryReasons":[],"startAt":1767814865921,"status":"passed","title":"same choices = draw"},{"ancestorTitles":["rpsStrategy","spin"],"duration":1,"failing":false,"failureDetails":[],"failureMessages":[],"fullName":"rpsStrategy spin handles win outcome","invocations":1,"location":null,"numPassingAsserts":2,"retryReasons":[],"startAt":1767814865922,"status":"passed","title":"handles win outcome"},{"ancestorTitles":["rpsStrategy","spin"],"duration":1,"failing":false,"failureDetails":[],"failureMessages":[],"fullName":"rpsStrategy spin handles loss outcome","invocations":1,"location":null,"numPassingAsserts":1,"retryReasons":[],"startAt":1767814865923,"status":"passed","title":"handles loss outcome"},{"ancestorTitles":["rpsStrategy","spin"],"duration":0,"failing":false,"failureDetails":[],"failureMessages":[],"fullName":"rpsStrategy spin handles draw outcome and increments drawCount","invocations":1,"location":null,"numPassingAsserts":1,"retryReasons":[],"startAt":1767814865924,"status":"passed","title":"handles draw outcome and increments drawCount"},{"ancestorTitles":["rpsStrategy","spin"],"duration":1,"failing":false,"failureDetails":[],"failureMessages":[],"fullName":"rpsStrategy spin auto-resolves after MAX_DRAW_ROUNDS","invocations":1,"location":null,"numPassingAsserts":2,"retryReasons":[],"startAt":1767814865924,"status":"passed","title":"auto-resolves after MAX_DRAW_ROUNDS"},{"ancestorTitles":["rpsStrategy","autoSelect"],"duration":1,"failing":false,"failureDetails":[],"failureMessages":[],"fullName":"rpsStrategy autoSelect returns random RPS choice","invocations":1,"location":null,"numPassingAsserts":1,"retryReasons":[],"startAt":1767814865925,"status":"passed","title":"returns random RPS choice"},{"ancestorTitles":["rpsStrategy","constants"],"duration":1,"failing":false,"failureDetails":[],"failureMessages":[],"fullName":"rpsStrategy constants exports SELECTION_TIMEOUT_MS","invocations":1,"location":null,"numPassingAsserts":2,"retryReasons":[],"startAt":1767814865926,"status":"passed","title":"exports SELECTION_TIMEOUT_MS"},{"ancestorTitles":["rpsStrategy","constants"],"duration":1,"failing":false,"failureDetails":[],"failureMessages":[],"fullName":"rpsStrategy constants exports MAX_DRAW_ROUNDS","invocations":1,"location":null,"numPassingAsserts":2,"retryReasons":[],"startAt":1767814865927,"status":"passed","title":"exports MAX_DRAW_ROUNDS"}],"endTime":1767814865929,"message":"","name":"Z:\\DEV\\cryptoduels\\src\\games\\rps.strategy.test.js","startTime":1767814864898,"status":"passed","summary":""},{"assertionResults":[{"ancestorTitles":["coinflipStrategy"],"duration":3,"failing":false,"failureDetails":[],"failureMessages":[],"fullName":"coinflipStrategy has correct type","invocations":1,"location":null,"numPassingAsserts":1,"retryReasons":[],"startAt":1767814865927,"status":"passed","title":"has correct type"},{"ancestorTitles":["coinflipStrategy","getInitialState"],"duration":1,"failing":false,"failureDetails":[],"failureMessages":[],"fullName":"coinflipStrategy getInitialState returns initial state object","invocations":1,"location":null,"numPassingAsserts":2,"retryReasons":[],"startAt":1767814865931,"status":"passed","title":"returns initial state object"},{"ancestorTitles":["coinflipStrategy","setup"],"duration":1,"failing":false,"failureDetails":[],"failureMessages":[],"fullName":"coinflipStrategy setup sets phase to SELECTION and assigns chooser role","invocations":1,"location":null,"numPassingAsserts":2,"retryReasons":[],"startAt":1767814865932,"status":"passed","title":"sets phase to SELECTION and assigns chooser role"},{"ancestorTitles":["coinflipStrategy","setup"],"duration":1,"failing":false,"failureDetails":[],"failureMessages":[],"fullName":"coinflipStrategy setup assigns random chooser role","invocations":1,"location":null,"numPassingAsserts":2,"retryReasons":[],"startAt":1767814865933,"status":"passed","title":"assigns random chooser role"},{"ancestorTitles":["coinflipStrategy","spin"],"duration":1,"failing":false,"failureDetails":[],"failureMessages":[],"fullName":"coinflipStrategy spin determines winner when player selects heads and result is heads","invocations":1,"location":null,"numPassingAsserts":2,"retryReasons":[],"startAt":1767814865934,"status":"passed","title":"determines winner when player selects heads and result is heads"},{"ancestorTitles":["coinflipStrategy","spin"],"duration":0,"failing":false,"failureDetails":[],"failureMessages":[],"fullName":"coinflipStrategy spin determines loser when player selects heads and result is tails","invocations":1,"location":null,"numPassingAsserts":2,"retryReasons":[],"startAt":1767814865935,"status":"passed","title":"determines loser when player selects heads and result is tails"},{"ancestorTitles":["coinflipStrategy","spin"],"duration":1,"failing":false,"failureDetails":[],"failureMessages":[],"fullName":"coinflipStrategy spin determines winner when player selects tails and result is tails","invocations":1,"location":null,"numPassingAsserts":2,"retryReasons":[],"startAt":1767814865935,"status":"passed","title":"determines winner when player selects tails and result is tails"},{"ancestorTitles":["coinflipStrategy","autoSelect"],"duration":0,"failing":false,"failureDetails":[],"failureMessages":[],"fullName":"coinflipStrategy autoSelect returns random choice heads or tails","invocations":1,"location":null,"numPassingAsserts":1,"retryReasons":[],"startAt":1767814865936,"status":"passed","title":"returns random choice heads or tails"},{"ancestorTitles":["coinflipStrategy","autoSelect"],"duration":1,"failing":false,"failureDetails":[],"failureMessages":[],"fullName":"coinflipStrategy autoSelect logs warning when auto-selecting","invocations":1,"location":null,"numPassingAsserts":1,"retryReasons":[],"startAt":1767814865936,"status":"passed","title":"logs warning when auto-selecting"},{"ancestorTitles":["coinflipStrategy","handlers"],"duration":0,"failing":false,"failureDetails":[],"failureMessages":[],"fullName":"coinflipStrategy handlers handlers object exists","invocations":1,"location":null,"numPassingAsserts":2,"retryReasons":[],"startAt":1767814865937,"status":"passed","title":"handlers object exists"}],"endTime":1767814865938,"message":"","name":"Z:\\DEV\\cryptoduels\\src\\games\\coinflip.strategy.test.js","startTime":1767814864900,"status":"passed","summary":""},{"assertionResults":[{"ancestorTitles":["memoryStrategy"],"duration":4,"failing":false,"failureDetails":[],"failureMessages":[],"fullName":"memoryStrategy has correct type","invocations":1,"location":null,"numPassingAsserts":1,"retryReasons":[],"startAt":1767814865991,"status":"passed","title":"has correct type"},{"ancestorTitles":["memoryStrategy"],"duration":1,"failing":false,"failureDetails":[],"failureMessages":[],"fullName":"memoryStrategy MEMORY_ICONS has 8 crypto icons","invocations":1,"location":null,"numPassingAsserts":1,"retryReasons":[],"startAt":1767814865995,"status":"passed","title":"MEMORY_ICONS has 8 crypto icons"},{"ancestorTitles":["memoryStrategy","getInitialState"],"duration":2,"failing":false,"failureDetails":[],"failureMessages":[],"fullName":"memoryStrategy getInitialState returns initial state with empty board","invocations":1,"location":null,"numPassingAsserts":9,"retryReasons":[],"startAt":1767814865996,"status":"passed","title":"returns initial state with empty board"},{"ancestorTitles":["memoryStrategy","generateBoard"],"duration":0,"failing":false,"failureDetails":[],"failureMessages":[],"fullName":"memoryStrategy generateBoard generates 16-card board","invocations":1,"location":null,"numPassingAsserts":1,"retryReasons":[],"startAt":1767814865998,"status":"passed","title":"generates 16-card board"},{"ancestorTitles":["memoryStrategy","generateBoard"],"duration":1,"failing":false,"failureDetails":[],"failureMessages":[],"fullName":"memoryStrategy generateBoard shuffles the board","invocations":1,"location":null,"numPassingAsserts":1,"retryReasons":[],"startAt":1767814865998,"status":"passed","title":"shuffles the board"},{"ancestorTitles":["memoryStrategy","setup"],"duration":1,"failing":false,"failureDetails":[],"failureMessages":[],"fullName":"memoryStrategy setup initializes game state correctly","invocations":1,"location":null,"numPassingAsserts":4,"retryReasons":[],"startAt":1767814865999,"status":"passed","title":"initializes game state correctly"},{"ancestorTitles":["memoryStrategy","spin"],"duration":1,"failing":false,"failureDetails":[],"failureMessages":[],"fullName":"memoryStrategy spin does nothing (timer managed externally)","invocations":1,"location":null,"numPassingAsserts":1,"retryReasons":[],"startAt":1767814866000,"status":"passed","title":"does nothing (timer managed externally)"},{"ancestorTitles":["memoryStrategy","checkTimeUp"],"duration":0,"failing":false,"failureDetails":[],"failureMessages":[],"fullName":"memoryStrategy checkTimeUp returns false when time is not up","invocations":1,"location":null,"numPassingAsserts":2,"retryReasons":[],"startAt":1767814866001,"status":"passed","title":"returns false when time is not up"},{"ancestorTitles":["memoryStrategy","checkTimeUp"],"duration":1,"failing":false,"failureDetails":[],"failureMessages":[],"fullName":"memoryStrategy checkTimeUp finishes game and returns true when time is 0","invocations":1,"location":null,"numPassingAsserts":2,"retryReasons":[],"startAt":1767814866001,"status":"passed","title":"finishes game and returns true when time is 0"},{"ancestorTitles":["memoryStrategy","checkTimeUp"],"duration":0,"failing":false,"failureDetails":[],"failureMessages":[],"fullName":"memoryStrategy checkTimeUp player loses when opponent has more pairs","invocations":1,"location":null,"numPassingAsserts":1,"retryReasons":[],"startAt":1767814866002,"status":"passed","title":"player loses when opponent has more pairs"},{"ancestorTitles":["memoryStrategy","handlers.handleCardClick"],"duration":1,"failing":false,"failureDetails":[],"failureMessages":[],"fullName":"memoryStrategy handlers.handleCardClick returns false for invalid index","invocations":1,"location":null,"numPassingAsserts":1,"retryReasons":[],"startAt":1767814866002,"status":"passed","title":"returns false for invalid index"},{"ancestorTitles":["memoryStrategy","handlers.handleCardClick"],"duration":0,"failing":false,"failureDetails":[],"failureMessages":[],"fullName":"memoryStrategy handlers.handleCardClick returns false for out of range index","invocations":1,"location":null,"numPassingAsserts":2,"retryReasons":[],"startAt":1767814866003,"status":"passed","title":"returns false for out of range index"},{"ancestorTitles":["memoryStrategy","handlers.handleCardClick"],"duration":0,"failing":false,"failureDetails":[],"failureMessages":[],"fullName":"memoryStrategy handlers.handleCardClick returns false when processing","invocations":1,"location":null,"numPassingAsserts":1,"retryReasons":[],"startAt":1767814866003,"status":"passed","title":"returns false when processing"},{"ancestorTitles":["memoryStrategy","handlers.handleCardClick"],"duration":1,"failing":false,"failureDetails":[],"failureMessages":[],"fullName":"memoryStrategy handlers.handleCardClick returns false when click is too fast (rate limiting)","invocations":1,"location":null,"numPassingAsserts":1,"retryReasons":[],"startAt":1767814866003,"status":"passed","title":"returns false when click is too fast (rate limiting)"},{"ancestorTitles":["memoryStrategy","handlers.handleCardClick"],"duration":0,"failing":false,"failureDetails":[],"failureMessages":[],"fullName":"memoryStrategy handlers.handleCardClick calls updateGameState for valid click","invocations":1,"location":null,"numPassingAsserts":1,"retryReasons":[],"startAt":1767814866004,"status":"passed","title":"calls updateGameState for valid click"}],"endTime":1767814866006,"message":"","name":"Z:\\DEV\\cryptoduels\\src\\games\\memory.strategy.test.js","startTime":1767814864872,"status":"passed","summary":""},{"assertionResults":[{"ancestorTitles":["useBehaviorAnalysis"],"duration":15,"failing":false,"failureDetails":[],"failureMessages":[],"fullName":"useBehaviorAnalysis returns required functions","invocations":1,"location":null,"numPassingAsserts":5,"retryReasons":[],"startAt":1767814865978,"status":"passed","title":"returns required functions"},{"ancestorTitles":["useBehaviorAnalysis"],"duration":2,"failing":false,"failureDetails":[],"failureMessages":[],"fullName":"useBehaviorAnalysis initializes with suspicionScore of 0","invocations":1,"location":null,"numPassingAsserts":1,"retryReasons":[],"startAt":1767814865994,"status":"passed","title":"initializes with suspicionScore of 0"},{"ancestorTitles":["useBehaviorAnalysis"],"duration":2,"failing":false,"failureDetails":[],"failureMessages":[],"fullName":"useBehaviorAnalysis initializes with null lastAnalysis","invocations":1,"location":null,"numPassingAsserts":1,"retryReasons":[],"startAt":1767814865996,"status":"passed","title":"initializes with null lastAnalysis"},{"ancestorTitles":["useBehaviorAnalysis"],"duration":2,"failing":false,"failureDetails":[],"failureMessages":[],"fullName":"useBehaviorAnalysis recordAction records timestamps","invocations":1,"location":null,"numPassingAsserts":1,"retryReasons":[],"startAt":1767814865998,"status":"passed","title":"recordAction records timestamps"},{"ancestorTitles":["useBehaviorAnalysis"],"duration":2,"failing":false,"failureDetails":[],"failureMessages":[],"fullName":"useBehaviorAnalysis recordReactionTime records reaction times","invocations":1,"location":null,"numPassingAsserts":1,"retryReasons":[],"startAt":1767814866001,"status":"passed","title":"recordReactionTime records reaction times"},{"ancestorTitles":["useBehaviorAnalysis"],"duration":2,"failing":false,"failureDetails":[],"failureMessages":[],"fullName":"useBehaviorAnalysis recordClickPosition records x,y coordinates","invocations":1,"location":null,"numPassingAsserts":1,"retryReasons":[],"startAt":1767814866003,"status":"passed","title":"recordClickPosition records x,y coordinates"},{"ancestorTitles":["useBehaviorAnalysis"],"duration":2,"failing":false,"failureDetails":[],"failureMessages":[],"fullName":"useBehaviorAnalysis analyze returns analysis object","invocations":1,"location":null,"numPassingAsserts":3,"retryReasons":[],"startAt":1767814866005,"status":"passed","title":"analyze returns analysis object"},{"ancestorTitles":["useBehaviorAnalysis"],"duration":1,"failing":false,"failureDetails":[],"failureMessages":[],"fullName":"useBehaviorAnalysis analyze detects suspicious patterns with many rapid actions","invocations":1,"location":null,"numPassingAsserts":1,"retryReasons":[],"startAt":1767814866007,"status":"passed","title":"analyze detects suspicious patterns with many rapid actions"},{"ancestorTitles":["useBehaviorAnalysis"],"duration":1,"failing":false,"failureDetails":[],"failureMessages":[],"fullName":"useBehaviorAnalysis analyze detects superhuman reactions","invocations":1,"location":null,"numPassingAsserts":1,"retryReasons":[],"startAt":1767814866009,"status":"passed","title":"analyze detects superhuman reactions"},{"ancestorTitles":["useBehaviorAnalysis"],"duration":1,"failing":false,"failureDetails":[],"failureMessages":[],"fullName":"useBehaviorAnalysis reset clears all recorded data","invocations":1,"location":null,"numPassingAsserts":2,"retryReasons":[],"startAt":1767814866010,"status":"passed","title":"reset clears all recorded data"}],"endTime":1767814866013,"message":"","name":"Z:\\DEV\\cryptoduels\\src\\hooks\\useBehaviorAnalysis.test.js","startTime":1767814864849,"status":"passed","summary":""},{"assertionResults":[{"ancestorTitles":["validateCoinflipState"],"duration":4,"failing":false,"failureDetails":[],"failureMessages":[],"fullName":"validateCoinflipState validates valid coinflip state","invocations":1,"location":null,"numPassingAsserts":1,"retryReasons":[],"startAt":1767814866057,"status":"passed","title":"validates valid coinflip state"},{"ancestorTitles":["validateCoinflipState"],"duration":1,"failing":false,"failureDetails":[],"failureMessages":[],"fullName":"validateCoinflipState rejects invalid phase","invocations":1,"location":null,"numPassingAsserts":2,"retryReasons":[],"startAt":1767814866061,"status":"passed","title":"rejects invalid phase"},{"ancestorTitles":["validateCoinflipState"],"duration":20,"failing":false,"failureDetails":[],"failureMessages":[],"fullName":"validateCoinflipState rejects invalid playerSide","invocations":1,"location":null,"numPassingAsserts":2,"retryReasons":[],"startAt":1767814866062,"status":"passed","title":"rejects invalid playerSide"},{"ancestorTitles":["validateCoinflipState"],"duration":0,"failing":false,"failureDetails":[],"failureMessages":[],"fullName":"validateCoinflipState rejects invalid selectionTimeLeft","invocations":1,"location":null,"numPassingAsserts":2,"retryReasons":[],"startAt":1767814866083,"status":"passed","title":"rejects invalid selectionTimeLeft"},{"ancestorTitles":["validateCoinflipState"],"duration":0,"failing":false,"failureDetails":[],"failureMessages":[],"fullName":"validateCoinflipState allows null playerSide","invocations":1,"location":null,"numPassingAsserts":1,"retryReasons":[],"startAt":1767814866083,"status":"passed","title":"allows null playerSide"},{"ancestorTitles":["validateDiceState"],"duration":0,"failing":false,"failureDetails":[],"failureMessages":[],"fullName":"validateDiceState validates valid dice state","invocations":1,"location":null,"numPassingAsserts":1,"retryReasons":[],"startAt":1767814866084,"status":"passed","title":"validates valid dice state"},{"ancestorTitles":["validateDiceState"],"duration":0,"failing":false,"failureDetails":[],"failureMessages":[],"fullName":"validateDiceState validates dice result within range","invocations":1,"location":null,"numPassingAsserts":1,"retryReasons":[],"startAt":1767814866084,"status":"passed","title":"validates dice result within range"},{"ancestorTitles":["validateDiceState"],"duration":0,"failing":false,"failureDetails":[],"failureMessages":[],"fullName":"validateDiceState rejects invalid player roll","invocations":1,"location":null,"numPassingAsserts":2,"retryReasons":[],"startAt":1767814866084,"status":"passed","title":"rejects invalid player roll"},{"ancestorTitles":["validateDiceState"],"duration":0,"failing":false,"failureDetails":[],"failureMessages":[],"fullName":"validateDiceState rejects invalid opponent roll","invocations":1,"location":null,"numPassingAsserts":2,"retryReasons":[],"startAt":1767814866085,"status":"passed","title":"rejects invalid opponent roll"},{"ancestorTitles":["validateRPSState"],"duration":0,"failing":false,"failureDetails":[],"failureMessages":[],"fullName":"validateRPSState validates valid RPS state","invocations":1,"location":null,"numPassingAsserts":1,"retryReasons":[],"startAt":1767814866085,"status":"passed","title":"validates valid RPS state"},{"ancestorTitles":["validateRPSState"],"duration":1,"failing":false,"failureDetails":[],"failureMessages":[],"fullName":"validateRPSState validates all RPS choices","invocations":1,"location":null,"numPassingAsserts":4,"retryReasons":[],"startAt":1767814866085,"status":"passed","title":"validates all RPS choices"},{"ancestorTitles":["validateRPSState"],"duration":1,"failing":false,"failureDetails":[],"failureMessages":[],"fullName":"validateRPSState rejects invalid scores","invocations":1,"location":null,"numPassingAsserts":2,"retryReasons":[],"startAt":1767814866086,"status":"passed","title":"rejects invalid scores"},{"ancestorTitles":["validateMemoryState"],"duration":1,"failing":false,"failureDetails":[],"failureMessages":[],"fullName":"validateMemoryState validates valid memory state","invocations":1,"location":null,"numPassingAsserts":1,"retryReasons":[],"startAt":1767814866087,"status":"passed","title":"validates valid memory state"},{"ancestorTitles":["validateMemoryState"],"duration":0,"failing":false,"failureDetails":[],"failureMessages":[],"fullName":"validateMemoryState rejects invalid board size","invocations":1,"location":null,"numPassingAsserts":2,"retryReasons":[],"startAt":1767814866088,"status":"passed","title":"rejects invalid board size"},{"ancestorTitles":["validateMemoryState"],"duration":0,"failing":false,"failureDetails":[],"failureMessages":[],"fullName":"validateMemoryState rejects invalid memoryPhase","invocations":1,"location":null,"numPassingAsserts":2,"retryReasons":[],"startAt":1767814866088,"status":"passed","title":"rejects invalid memoryPhase"},{"ancestorTitles":["validateMemoryState"],"duration":1,"failing":false,"failureDetails":[],"failureMessages":[],"fullName":"validateMemoryState rejects invalid pair count","invocations":1,"location":null,"numPassingAsserts":2,"retryReasons":[],"startAt":1767814866088,"status":"passed","title":"rejects invalid pair count"},{"ancestorTitles":["validateQuickDrawState"],"duration":0,"failing":false,"failureDetails":[],"failureMessages":[],"fullName":"validateQuickDrawState validates valid quickdraw state","invocations":1,"location":null,"numPassingAsserts":1,"retryReasons":[],"startAt":1767814866089,"status":"passed","title":"validates valid quickdraw state"},{"ancestorTitles":["validateQuickDrawState"],"duration":0,"failing":false,"failureDetails":[],"failureMessages":[],"fullName":"validateQuickDrawState validates all quickdraw states","invocations":1,"location":null,"numPassingAsserts":4,"retryReasons":[],"startAt":1767814866089,"status":"passed","title":"validates all quickdraw states"},{"ancestorTitles":["validateQuickDrawState"],"duration":0,"failing":false,"failureDetails":[],"failureMessages":[],"fullName":"validateQuickDrawState rejects invalid countdown","invocations":1,"location":null,"numPassingAsserts":2,"retryReasons":[],"startAt":1767814866089,"status":"passed","title":"rejects invalid countdown"},{"ancestorTitles":["validateQuickDrawState"],"duration":0,"failing":false,"failureDetails":[],"failureMessages":[],"fullName":"validateQuickDrawState allows null reactionTime","invocations":1,"location":null,"numPassingAsserts":1,"retryReasons":[],"startAt":1767814866090,"status":"passed","title":"allows null reactionTime"},{"ancestorTitles":["validateBlockValidationState"],"duration":0,"failing":false,"failureDetails":[],"failureMessages":[],"fullName":"validateBlockValidationState validates valid blockvalidation state","invocations":1,"location":null,"numPassingAsserts":1,"retryReasons":[],"startAt":1767814866090,"status":"passed","title":"validates valid blockvalidation state"},{"ancestorTitles":["validateBlockValidationState"],"duration":0,"failing":false,"failureDetails":[],"failureMessages":[],"fullName":"validateBlockValidationState rejects invalid grid size","invocations":1,"location":null,"numPassingAsserts":2,"retryReasons":[],"startAt":1767814866090,"status":"passed","title":"rejects invalid grid size"},{"ancestorTitles":["validateBlockValidationState"],"duration":1,"failing":false,"failureDetails":[],"failureMessages":[],"fullName":"validateBlockValidationState rejects invalid target","invocations":1,"location":null,"numPassingAsserts":2,"retryReasons":[],"startAt":1767814866090,"status":"passed","title":"rejects invalid target"},{"ancestorTitles":["validateGameState (main validator)"],"duration":0,"failing":false,"failureDetails":[],"failureMessages":[],"fullName":"validateGameState (main validator) routes to correct validator for coinflip","invocations":1,"location":null,"numPassingAsserts":1,"retryReasons":[],"startAt":1767814866091,"status":"passed","title":"routes to correct validator for coinflip"},{"ancestorTitles":["validateGameState (main validator)"],"duration":0,"failing":false,"failureDetails":[],"failureMessages":[],"fullName":"validateGameState (main validator) routes to correct validator for dice","invocations":1,"location":null,"numPassingAsserts":1,"retryReasons":[],"startAt":1767814866091,"status":"passed","title":"routes to correct validator for dice"},{"ancestorTitles":["validateGameState (main validator)"],"duration":0,"failing":false,"failureDetails":[],"failureMessages":[],"fullName":"validateGameState (main validator) routes to correct validator for rps","invocations":1,"location":null,"numPassingAsserts":1,"retryReasons":[],"startAt":1767814866091,"status":"passed","title":"routes to correct validator for rps"},{"ancestorTitles":["validateGameState (main validator)"],"duration":1,"failing":false,"failureDetails":[],"failureMessages":[],"fullName":"validateGameState (main validator) routes to correct validator for memory","invocations":1,"location":null,"numPassingAsserts":1,"retryReasons":[],"startAt":1767814866091,"status":"passed","title":"routes to correct validator for memory"},{"ancestorTitles":["validateGameState (main validator)"],"duration":0,"failing":false,"failureDetails":[],"failureMessages":[],"fullName":"validateGameState (main validator) routes to correct validator for quickdraw","invocations":1,"location":null,"numPassingAsserts":1,"retryReasons":[],"startAt":1767814866092,"status":"passed","title":"routes to correct validator for quickdraw"},{"ancestorTitles":["validateGameState (main validator)"],"duration":0,"failing":false,"failureDetails":[],"failureMessages":[],"fullName":"validateGameState (main validator) routes to correct validator for blockvalidation","invocations":1,"location":null,"numPassingAsserts":1,"retryReasons":[],"startAt":1767814866092,"status":"passed","title":"routes to correct validator for blockvalidation"},{"ancestorTitles":["validateGameState (main validator)"],"duration":28,"failing":false,"failureDetails":[],"failureMessages":[],"fullName":"validateGameState (main validator) returns error for unknown game type","invocations":1,"location":null,"numPassingAsserts":2,"retryReasons":[],"startAt":1767814866092,"status":"passed","title":"returns error for unknown game type"}],"endTime":1767814866121,"message":"","name":"Z:\\DEV\\cryptoduels\\src\\utils\\gameStateValidator.test.js","startTime":1767814864932,"status":"passed","summary":""},{"assertionResults":[{"ancestorTitles":["Game Strategies","coinflipStrategy"],"duration":4,"failing":false,"failureDetails":[],"failureMessages":[],"fullName":"Game Strategies coinflipStrategy has correct type","invocations":1,"location":null,"numPassingAsserts":1,"retryReasons":[],"startAt":1767814866186,"status":"passed","title":"has correct type"},{"ancestorTitles":["Game Strategies","coinflipStrategy"],"duration":3,"failing":false,"failureDetails":[{"matcherResult":{"actual":10,"expected":15,"message":"expect(received).toBe(expected) // Object.is equality\n\nExpected: 15\nReceived: 10","name":"toBe","pass":false}}],"failureMessages":["Error: expect(received).toBe(expected) // Object.is equality\n\nExpected: 15\nReceived: 10\n    at Object.toBe (Z:\\DEV\\cryptoduels\\src\\games\\strategies.test.js:39:45)\n    at Promise.finally.completed (Z:\\DEV\\cryptoduels\\node_modules\\jest-circus\\build\\jestAdapterInit.js:1557:28)\n    at new Promise (<anonymous>)\n    at callAsyncCircusFn (Z:\\DEV\\cryptoduels\\node_modules\\jest-circus\\build\\jestAdapterInit.js:1497:10)\n    at _callCircusTest (Z:\\DEV\\cryptoduels\\node_modules\\jest-circus\\build\\jestAdapterInit.js:1007:40)\n    at processTicksAndRejections (node:internal/process/task_queues:103:5)\n    at _runTest (Z:\\DEV\\cryptoduels\\node_modules\\jest-circus\\build\\jestAdapterInit.js:947:3)\n    at Z:\\DEV\\cryptoduels\\node_modules\\jest-circus\\build\\jestAdapterInit.js:849:7\n    at _runTestsForDescribeBlock (Z:\\DEV\\cryptoduels\\node_modules\\jest-circus\\build\\jestAdapterInit.js:862:11)\n    at _runTestsForDescribeBlock (Z:\\DEV\\cryptoduels\\node_modules\\jest-circus\\build\\jestAdapterInit.js:857:11)\n    at _runTestsForDescribeBlock (Z:\\DEV\\cryptoduels\\node_modules\\jest-circus\\build\\jestAdapterInit.js:857:11)\n    at run (Z:\\DEV\\cryptoduels\\node_modules\\jest-circus\\build\\jestAdapterInit.js:761:3)\n    at runAndTransformResultsToJestFormat (Z:\\DEV\\cryptoduels\\node_modules\\jest-circus\\build\\jestAdapterInit.js:1918:21)\n    at jestAdapter (Z:\\DEV\\cryptoduels\\node_modules\\jest-circus\\build\\runner.js:101:19)\n    at runTestInternal (Z:\\DEV\\cryptoduels\\node_modules\\jest-runner\\build\\testWorker.js:275:16)\n    at runTest (Z:\\DEV\\cryptoduels\\node_modules\\jest-runner\\build\\testWorker.js:343:7)\n    at Object.worker (Z:\\DEV\\cryptoduels\\node_modules\\jest-runner\\build\\testWorker.js:497:12)"],"fullName":"Game Strategies coinflipStrategy getInitialState returns selection time","invocations":1,"location":null,"numPassingAsserts":1,"retryReasons":[],"startAt":1767814866190,"status":"failed","title":"getInitialState returns selection time"},{"ancestorTitles":["Game Strategies","coinflipStrategy"],"duration":3,"failing":false,"failureDetails":[],"failureMessages":[],"fullName":"Game Strategies coinflipStrategy setup sets chooser and phase","invocations":1,"location":null,"numPassingAsserts":2,"retryReasons":[],"startAt":1767814866202,"status":"passed","title":"setup sets chooser and phase"},{"ancestorTitles":["Game Strategies","coinflipStrategy"],"duration":1,"failing":false,"failureDetails":[],"failureMessages":[],"fullName":"Game Strategies coinflipStrategy spin determines winner correctly","invocations":1,"location":null,"numPassingAsserts":2,"retryReasons":[],"startAt":1767814866205,"status":"passed","title":"spin determines winner correctly"},{"ancestorTitles":["Game Strategies","coinflipStrategy"],"duration":0,"failing":false,"failureDetails":[],"failureMessages":[],"fullName":"Game Strategies coinflipStrategy autoSelect returns random choice","invocations":1,"location":null,"numPassingAsserts":1,"retryReasons":[],"startAt":1767814866206,"status":"passed","title":"autoSelect returns random choice"},{"ancestorTitles":["Game Strategies","diceStrategy"],"duration":0,"failing":false,"failureDetails":[],"failureMessages":[],"fullName":"Game Strategies diceStrategy has correct type","invocations":1,"location":null,"numPassingAsserts":1,"retryReasons":[],"startAt":1767814866207,"status":"passed","title":"has correct type"},{"ancestorTitles":["Game Strategies","diceStrategy"],"duration":0,"failing":false,"failureDetails":[],"failureMessages":[],"fullName":"Game Strategies diceStrategy getInitialState returns empty or selection state","invocations":1,"location":null,"numPassingAsserts":1,"retryReasons":[],"startAt":1767814866207,"status":"passed","title":"getInitialState returns empty or selection state"},{"ancestorTitles":["Game Strategies","diceStrategy"],"duration":0,"failing":false,"failureDetails":[],"failureMessages":[],"fullName":"Game Strategies diceStrategy has setup method","invocations":1,"location":null,"numPassingAsserts":1,"retryReasons":[],"startAt":1767814866207,"status":"passed","title":"has setup method"},{"ancestorTitles":["Game Strategies","diceStrategy"],"duration":0,"failing":false,"failureDetails":[],"failureMessages":[],"fullName":"Game Strategies diceStrategy has spin method","invocations":1,"location":null,"numPassingAsserts":1,"retryReasons":[],"startAt":1767814866208,"status":"passed","title":"has spin method"},{"ancestorTitles":["Game Strategies","rpsStrategy"],"duration":0,"failing":false,"failureDetails":[],"failureMessages":[],"fullName":"Game Strategies rpsStrategy has correct type","invocations":1,"location":null,"numPassingAsserts":1,"retryReasons":[],"startAt":1767814866208,"status":"passed","title":"has correct type"},{"ancestorTitles":["Game Strategies","rpsStrategy"],"duration":1,"failing":false,"failureDetails":[],"failureMessages":[],"fullName":"Game Strategies rpsStrategy getInitialState includes scores and draw count","invocations":1,"location":null,"numPassingAsserts":2,"retryReasons":[],"startAt":1767814866208,"status":"passed","title":"getInitialState includes scores and draw count"},{"ancestorTitles":["Game Strategies","rpsStrategy"],"duration":0,"failing":false,"failureDetails":[],"failureMessages":[],"fullName":"Game Strategies rpsStrategy setup sets chooser to true (RPS always picks)","invocations":1,"location":null,"numPassingAsserts":1,"retryReasons":[],"startAt":1767814866209,"status":"passed","title":"setup sets chooser to true (RPS always picks)"},{"ancestorTitles":["Game Strategies","rpsStrategy"],"duration":1,"failing":false,"failureDetails":[],"failureMessages":[],"fullName":"Game Strategies rpsStrategy autoSelect returns valid RPS choice","invocations":1,"location":null,"numPassingAsserts":1,"retryReasons":[],"startAt":1767814866211,"status":"passed","title":"autoSelect returns valid RPS choice"},{"ancestorTitles":["Game Strategies","memoryStrategy"],"duration":0,"failing":false,"failureDetails":[],"failureMessages":[],"fullName":"Game Strategies memoryStrategy has correct type","invocations":1,"location":null,"numPassingAsserts":1,"retryReasons":[],"startAt":1767814866212,"status":"passed","title":"has correct type"},{"ancestorTitles":["Game Strategies","memoryStrategy"],"duration":1,"failing":false,"failureDetails":[],"failureMessages":[],"fullName":"Game Strategies memoryStrategy getInitialState includes board and scores","invocations":1,"location":null,"numPassingAsserts":5,"retryReasons":[],"startAt":1767814866212,"status":"passed","title":"getInitialState includes board and scores"},{"ancestorTitles":["Game Strategies","memoryStrategy"],"duration":0,"failing":false,"failureDetails":[],"failureMessages":[],"fullName":"Game Strategies memoryStrategy board is initialized (may be shuffled)","invocations":1,"location":null,"numPassingAsserts":2,"retryReasons":[],"startAt":1767814866213,"status":"passed","title":"board is initialized (may be shuffled)"},{"ancestorTitles":["Game Strategies","memoryStrategy"],"duration":1,"failing":false,"failureDetails":[],"failureMessages":[],"fullName":"Game Strategies memoryStrategy has handlers for card clicks","invocations":1,"location":null,"numPassingAsserts":2,"retryReasons":[],"startAt":1767814866213,"status":"passed","title":"has handlers for card clicks"},{"ancestorTitles":["Game Strategies","quickdrawStrategy"],"duration":0,"failing":false,"failureDetails":[],"failureMessages":[],"fullName":"Game Strategies quickdrawStrategy has correct type","invocations":1,"location":null,"numPassingAsserts":1,"retryReasons":[],"startAt":1767814866214,"status":"passed","title":"has correct type"},{"ancestorTitles":["Game Strategies","quickdrawStrategy"],"duration":0,"failing":false,"failureDetails":[],"failureMessages":[],"fullName":"Game Strategies quickdrawStrategy getInitialState includes quickdraw state","invocations":1,"location":null,"numPassingAsserts":2,"retryReasons":[],"startAt":1767814866214,"status":"passed","title":"getInitialState includes quickdraw state"},{"ancestorTitles":["Game Strategies","quickdrawStrategy"],"duration":1,"failing":false,"failureDetails":[],"failureMessages":[],"fullName":"Game Strategies quickdrawStrategy has handlers for click and timeout","invocations":1,"location":null,"numPassingAsserts":2,"retryReasons":[],"startAt":1767814866214,"status":"passed","title":"has handlers for click and timeout"},{"ancestorTitles":["Game Strategies","blockvalidationStrategy"],"duration":0,"failing":false,"failureDetails":[],"failureMessages":[],"fullName":"Game Strategies blockvalidationStrategy has correct type","invocations":1,"location":null,"numPassingAsserts":1,"retryReasons":[],"startAt":1767814866215,"status":"passed","title":"has correct type"},{"ancestorTitles":["Game Strategies","blockvalidationStrategy"],"duration":0,"failing":false,"failureDetails":[],"failureMessages":[],"fullName":"Game Strategies blockvalidationStrategy getInitialState includes grid and targets","invocations":1,"location":null,"numPassingAsserts":4,"retryReasons":[],"startAt":1767814866215,"status":"passed","title":"getInitialState includes grid and targets"},{"ancestorTitles":["Game Strategies","blockvalidationStrategy"],"duration":0,"failing":false,"failureDetails":[],"failureMessages":[],"fullName":"Game Strategies blockvalidationStrategy grid is initialized","invocations":1,"location":null,"numPassingAsserts":2,"retryReasons":[],"startAt":1767814866216,"status":"passed","title":"grid is initialized"},{"ancestorTitles":["Game Strategies","blockvalidationStrategy"],"duration":0,"failing":false,"failureDetails":[],"failureMessages":[],"fullName":"Game Strategies blockvalidationStrategy has handlers for cell clicks","invocations":1,"location":null,"numPassingAsserts":2,"retryReasons":[],"startAt":1767814866216,"status":"passed","title":"has handlers for cell clicks"},{"ancestorTitles":["Game Strategies","All strategies have required interface"],"duration":0,"failing":false,"failureDetails":[],"failureMessages":[],"fullName":"Game Strategies All strategies have required interface coinflip has type property","invocations":1,"location":null,"numPassingAsserts":1,"retryReasons":[],"startAt":1767814866216,"status":"passed","title":"coinflip has type property"},{"ancestorTitles":["Game Strategies","All strategies have required interface"],"duration":1,"failing":false,"failureDetails":[],"failureMessages":[],"fullName":"Game Strategies All strategies have required interface coinflip has getInitialState method","invocations":1,"location":null,"numPassingAsserts":1,"retryReasons":[],"startAt":1767814866216,"status":"passed","title":"coinflip has getInitialState method"},{"ancestorTitles":["Game Strategies","All strategies have required interface"],"duration":0,"failing":false,"failureDetails":[],"failureMessages":[],"fullName":"Game Strategies All strategies have required interface coinflip has setup method","invocations":1,"location":null,"numPassingAsserts":1,"retryReasons":[],"startAt":1767814866217,"status":"passed","title":"coinflip has setup method"},{"ancestorTitles":["Game Strategies","All strategies have required interface"],"duration":0,"failing":false,"failureDetails":[],"failureMessages":[],"fullName":"Game Strategies All strategies have required interface coinflip getInitialState returns object","invocations":1,"location":null,"numPassingAsserts":1,"retryReasons":[],"startAt":1767814866217,"status":"passed","title":"coinflip getInitialState returns object"},{"ancestorTitles":["Game Strategies","All strategies have required interface"],"duration":0,"failing":false,"failureDetails":[],"failureMessages":[],"fullName":"Game Strategies All strategies have required interface dice has type property","invocations":1,"location":null,"numPassingAsserts":1,"retryReasons":[],"startAt":1767814866217,"status":"passed","title":"dice has type property"},{"ancestorTitles":["Game Strategies","All strategies have required interface"],"duration":0,"failing":false,"failureDetails":[],"failureMessages":[],"fullName":"Game Strategies All strategies have required interface dice has getInitialState method","invocations":1,"location":null,"numPassingAsserts":1,"retryReasons":[],"startAt":1767814866217,"status":"passed","title":"dice has getInitialState method"},{"ancestorTitles":["Game Strategies","All strategies have required interface"],"duration":0,"failing":false,"failureDetails":[],"failureMessages":[],"fullName":"Game Strategies All strategies have required interface dice has setup method","invocations":1,"location":null,"numPassingAsserts":1,"retryReasons":[],"startAt":1767814866217,"status":"passed","title":"dice has setup method"},{"ancestorTitles":["Game Strategies","All strategies have required interface"],"duration":1,"failing":false,"failureDetails":[],"failureMessages":[],"fullName":"Game Strategies All strategies have required interface dice getInitialState returns object","invocations":1,"location":null,"numPassingAsserts":1,"retryReasons":[],"startAt":1767814866217,"status":"passed","title":"dice getInitialState returns object"},{"ancestorTitles":["Game Strategies","All strategies have required interface"],"duration":0,"failing":false,"failureDetails":[],"failureMessages":[],"fullName":"Game Strategies All strategies have required interface rps has type property","invocations":1,"location":null,"numPassingAsserts":1,"retryReasons":[],"startAt":1767814866218,"status":"passed","title":"rps has type property"},{"ancestorTitles":["Game Strategies","All strategies have required interface"],"duration":0,"failing":false,"failureDetails":[],"failureMessages":[],"fullName":"Game Strategies All strategies have required interface rps has getInitialState method","invocations":1,"location":null,"numPassingAsserts":1,"retryReasons":[],"startAt":1767814866218,"status":"passed","title":"rps has getInitialState method"},{"ancestorTitles":["Game Strategies","All strategies have required interface"],"duration":0,"failing":false,"failureDetails":[],"failureMessages":[],"fullName":"Game Strategies All strategies have required interface rps has setup method","invocations":1,"location":null,"numPassingAsserts":1,"retryReasons":[],"startAt":1767814866218,"status":"passed","title":"rps has setup method"},{"ancestorTitles":["Game Strategies","All strategies have required interface"],"duration":0,"failing":false,"failureDetails":[],"failureMessages":[],"fullName":"Game Strategies All strategies have required interface rps getInitialState returns object","invocations":1,"location":null,"numPassingAsserts":1,"retryReasons":[],"startAt":1767814866218,"status":"passed","title":"rps getInitialState returns object"},{"ancestorTitles":["Game Strategies","All strategies have required interface"],"duration":0,"failing":false,"failureDetails":[],"failureMessages":[],"fullName":"Game Strategies All strategies have required interface memory has type property","invocations":1,"location":null,"numPassingAsserts":1,"retryReasons":[],"startAt":1767814866218,"status":"passed","title":"memory has type property"},{"ancestorTitles":["Game Strategies","All strategies have required interface"],"duration":0,"failing":false,"failureDetails":[],"failureMessages":[],"fullName":"Game Strategies All strategies have required interface memory has getInitialState method","invocations":1,"location":null,"numPassingAsserts":1,"retryReasons":[],"startAt":1767814866219,"status":"passed","title":"memory has getInitialState method"},{"ancestorTitles":["Game Strategies","All strategies have required interface"],"duration":0,"failing":false,"failureDetails":[],"failureMessages":[],"fullName":"Game Strategies All strategies have required interface memory has setup method","invocations":1,"location":null,"numPassingAsserts":1,"retryReasons":[],"startAt":1767814866219,"status":"passed","title":"memory has setup method"},{"ancestorTitles":["Game Strategies","All strategies have required interface"],"duration":0,"failing":false,"failureDetails":[],"failureMessages":[],"fullName":"Game Strategies All strategies have required interface memory getInitialState returns object","invocations":1,"location":null,"numPassingAsserts":1,"retryReasons":[],"startAt":1767814866219,"status":"passed","title":"memory getInitialState returns object"},{"ancestorTitles":["Game Strategies","All strategies have required interface"],"duration":0,"failing":false,"failureDetails":[],"failureMessages":[],"fullName":"Game Strategies All strategies have required interface quickdraw has type property","invocations":1,"location":null,"numPassingAsserts":1,"retryReasons":[],"startAt":1767814866219,"status":"passed","title":"quickdraw has type property"},{"ancestorTitles":["Game Strategies","All strategies have required interface"],"duration":0,"failing":false,"failureDetails":[],"failureMessages":[],"fullName":"Game Strategies All strategies have required interface quickdraw has getInitialState method","invocations":1,"location":null,"numPassingAsserts":1,"retryReasons":[],"startAt":1767814866219,"status":"passed","title":"quickdraw has getInitialState method"},{"ancestorTitles":["Game Strategies","All strategies have required interface"],"duration":1,"failing":false,"failureDetails":[],"failureMessages":[],"fullName":"Game Strategies All strategies have required interface quickdraw has setup method","invocations":1,"location":null,"numPassingAsserts":1,"retryReasons":[],"startAt":1767814866219,"status":"passed","title":"quickdraw has setup method"},{"ancestorTitles":["Game Strategies","All strategies have required interface"],"duration":0,"failing":false,"failureDetails":[],"failureMessages":[],"fullName":"Game Strategies All strategies have required interface quickdraw getInitialState returns object","invocations":1,"location":null,"numPassingAsserts":1,"retryReasons":[],"startAt":1767814866220,"status":"passed","title":"quickdraw getInitialState returns object"},{"ancestorTitles":["Game Strategies","All strategies have required interface"],"duration":0,"failing":false,"failureDetails":[],"failureMessages":[],"fullName":"Game Strategies All strategies have required interface blockvalidation has type property","invocations":1,"location":null,"numPassingAsserts":1,"retryReasons":[],"startAt":1767814866220,"status":"passed","title":"blockvalidation has type property"},{"ancestorTitles":["Game Strategies","All strategies have required interface"],"duration":0,"failing":false,"failureDetails":[],"failureMessages":[],"fullName":"Game Strategies All strategies have required interface blockvalidation has getInitialState method","invocations":1,"location":null,"numPassingAsserts":1,"retryReasons":[],"startAt":1767814866220,"status":"passed","title":"blockvalidation has getInitialState method"},{"ancestorTitles":["Game Strategies","All strategies have required interface"],"duration":0,"failing":false,"failureDetails":[],"failureMessages":[],"fullName":"Game Strategies All strategies have required interface blockvalidation has setup method","invocations":1,"location":null,"numPassingAsserts":1,"retryReasons":[],"startAt":1767814866220,"status":"passed","title":"blockvalidation has setup method"},{"ancestorTitles":["Game Strategies","All strategies have required interface"],"duration":0,"failing":false,"failureDetails":[],"failureMessages":[],"fullName":"Game Strategies All strategies have required interface blockvalidation getInitialState returns object","invocations":1,"location":null,"numPassingAsserts":1,"retryReasons":[],"startAt":1767814866221,"status":"passed","title":"blockvalidation getInitialState returns object"}],"endTime":1767814866239,"message":"  ● Game Strategies › coinflipStrategy › getInitialState returns selection time\n\n    expect(received).toBe(expected) // Object.is equality\n\n    Expected: 15\n    Received: 10\n\n    \u001b[0m \u001b[90m 37 |\u001b[39m             \u001b[36mconst\u001b[39m state \u001b[33m=\u001b[39m coinflipStrategy\u001b[33m.\u001b[39mgetInitialState()\u001b[33m;\u001b[39m\n     \u001b[90m 38 |\u001b[39m             expect(state)\u001b[33m.\u001b[39mtoHaveProperty(\u001b[32m'selectionTimeLeft'\u001b[39m)\u001b[33m;\u001b[39m\n    \u001b[31m\u001b[1m>\u001b[22m\u001b[39m\u001b[90m 39 |\u001b[39m             expect(state\u001b[33m.\u001b[39mselectionTimeLeft)\u001b[33m.\u001b[39mtoBe(\u001b[35m15\u001b[39m)\u001b[33m;\u001b[39m\n     \u001b[90m    |\u001b[39m                                             \u001b[31m\u001b[1m^\u001b[22m\u001b[39m\n     \u001b[90m 40 |\u001b[39m         })\u001b[33m;\u001b[39m\n     \u001b[90m 41 |\u001b[39m\n     \u001b[90m 42 |\u001b[39m         test(\u001b[32m'setup sets chooser and phase'\u001b[39m\u001b[33m,\u001b[39m () \u001b[33m=>\u001b[39m {\u001b[0m\n\n      at Object.toBe (src/games/strategies.test.js:39:45)\n","name":"Z:\\DEV\\cryptoduels\\src\\games\\strategies.test.js","startTime":1767814864921,"status":"failed","summary":""},{"assertionResults":[{"ancestorTitles":["CyberCheckbox"],"duration":79,"failing":false,"failureDetails":[],"failureMessages":[],"fullName":"CyberCheckbox renders label when provided","invocations":1,"location":null,"numPassingAsserts":1,"retryReasons":[],"startAt":1767814866000,"status":"passed","title":"renders label when provided"},{"ancestorTitles":["CyberCheckbox"],"duration":4,"failing":false,"failureDetails":[],"failureMessages":[],"fullName":"CyberCheckbox renders without label","invocations":1,"location":null,"numPassingAsserts":1,"retryReasons":[],"startAt":1767814866080,"status":"passed","title":"renders without label"},{"ancestorTitles":["CyberCheckbox"],"duration":127,"failing":false,"failureDetails":[],"failureMessages":[],"fullName":"CyberCheckbox checkbox is unchecked when checked prop is false","invocations":1,"location":null,"numPassingAsserts":1,"retryReasons":[],"startAt":1767814866084,"status":"passed","title":"checkbox is unchecked when checked prop is false"},{"ancestorTitles":["CyberCheckbox"],"duration":6,"failing":false,"failureDetails":[],"failureMessages":[],"fullName":"CyberCheckbox checkbox is checked when checked prop is true","invocations":1,"location":null,"numPassingAsserts":1,"retryReasons":[],"startAt":1767814866212,"status":"passed","title":"checkbox is checked when checked prop is true"},{"ancestorTitles":["CyberCheckbox"],"duration":11,"failing":false,"failureDetails":[],"failureMessages":[],"fullName":"CyberCheckbox calls onChange when clicked","invocations":1,"location":null,"numPassingAsserts":1,"retryReasons":[],"startAt":1767814866218,"status":"passed","title":"calls onChange when clicked"},{"ancestorTitles":["CyberCheckbox"],"duration":4,"failing":false,"failureDetails":[],"failureMessages":[],"fullName":"CyberCheckbox does not call onChange when disabled","invocations":1,"location":null,"numPassingAsserts":1,"retryReasons":[],"startAt":1767814866229,"status":"passed","title":"does not call onChange when disabled"},{"ancestorTitles":["CyberCheckbox"],"duration":3,"failing":false,"failureDetails":[],"failureMessages":[],"fullName":"CyberCheckbox applies disabled class when disabled","invocations":1,"location":null,"numPassingAsserts":1,"retryReasons":[],"startAt":1767814866233,"status":"passed","title":"applies disabled class when disabled"},{"ancestorTitles":["CyberCheckbox"],"duration":5,"failing":false,"failureDetails":[],"failureMessages":[],"fullName":"CyberCheckbox uses id prop for input","invocations":1,"location":null,"numPassingAsserts":1,"retryReasons":[],"startAt":1767814866236,"status":"passed","title":"uses id prop for input"}],"endTime":1767814866242,"message":"","name":"Z:\\DEV\\cryptoduels\\src\\components\\ui\\CyberCheckbox.test.jsx","startTime":1767814864891,"status":"passed","summary":""},{"assertionResults":[{"ancestorTitles":["secureRandomInt"],"duration":5,"failing":false,"failureDetails":[],"failureMessages":[],"fullName":"secureRandomInt returns min when min equals max","invocations":1,"location":null,"numPassingAsserts":1,"retryReasons":[],"startAt":1767814866134,"status":"passed","title":"returns min when min equals max"},{"ancestorTitles":["secureRandomInt"],"duration":1,"failing":false,"failureDetails":[],"failureMessages":[],"fullName":"secureRandomInt returns value within range","invocations":1,"location":null,"numPassingAsserts":2,"retryReasons":[],"startAt":1767814866139,"status":"passed","title":"returns value within range"},{"ancestorTitles":["secureRandomInt"],"duration":100,"failing":false,"failureDetails":[],"failureMessages":[],"fullName":"secureRandomInt throws error for non-integer min","invocations":1,"location":null,"numPassingAsserts":1,"retryReasons":[],"startAt":1767814866140,"status":"passed","title":"throws error for non-integer min"},{"ancestorTitles":["secureRandomInt"],"duration":1,"failing":false,"failureDetails":[],"failureMessages":[],"fullName":"secureRandomInt throws error for non-integer max","invocations":1,"location":null,"numPassingAsserts":1,"retryReasons":[],"startAt":1767814866240,"status":"passed","title":"throws error for non-integer max"},{"ancestorTitles":["secureRandomInt"],"duration":17,"failing":false,"failureDetails":[],"failureMessages":[],"fullName":"secureRandomInt throws error when min > max","invocations":1,"location":null,"numPassingAsserts":1,"retryReasons":[],"startAt":1767814866241,"status":"passed","title":"throws error when min > max"},{"ancestorTitles":["secureRandomInt"],"duration":0,"failing":false,"failureDetails":[],"failureMessages":[],"fullName":"secureRandomInt uses crypto.getRandomValues","invocations":1,"location":null,"numPassingAsserts":1,"retryReasons":[],"startAt":1767814866259,"status":"passed","title":"uses crypto.getRandomValues"},{"ancestorTitles":["secureShuffleArray"],"duration":1,"failing":false,"failureDetails":[],"failureMessages":[],"fullName":"secureShuffleArray throws error for non-array input","invocations":1,"location":null,"numPassingAsserts":1,"retryReasons":[],"startAt":1767814866259,"status":"passed","title":"throws error for non-array input"},{"ancestorTitles":["secureShuffleArray"],"duration":0,"failing":false,"failureDetails":[],"failureMessages":[],"fullName":"secureShuffleArray returns array with same length","invocations":1,"location":null,"numPassingAsserts":1,"retryReasons":[],"startAt":1767814866260,"status":"passed","title":"returns array with same length"},{"ancestorTitles":["secureShuffleArray"],"duration":1,"failing":false,"failureDetails":[],"failureMessages":[],"fullName":"secureShuffleArray returns array with same elements","invocations":1,"location":null,"numPassingAsserts":1,"retryReasons":[],"startAt":1767814866260,"status":"passed","title":"returns array with same elements"},{"ancestorTitles":["secureShuffleArray"],"duration":1,"failing":false,"failureDetails":[],"failureMessages":[],"fullName":"secureShuffleArray does not mutate original array","invocations":1,"location":null,"numPassingAsserts":1,"retryReasons":[],"startAt":1767814866261,"status":"passed","title":"does not mutate original array"},{"ancestorTitles":["secureShuffleArray"],"duration":0,"failing":false,"failureDetails":[],"failureMessages":[],"fullName":"secureShuffleArray handles empty array","invocations":1,"location":null,"numPassingAsserts":1,"retryReasons":[],"startAt":1767814866262,"status":"passed","title":"handles empty array"},{"ancestorTitles":["secureShuffleArray"],"duration":0,"failing":false,"failureDetails":[],"failureMessages":[],"fullName":"secureShuffleArray handles single element array","invocations":1,"location":null,"numPassingAsserts":1,"retryReasons":[],"startAt":1767814866262,"status":"passed","title":"handles single element array"},{"ancestorTitles":["validateInteger"],"duration":1,"failing":false,"failureDetails":[],"failureMessages":[],"fullName":"validateInteger validates valid integer within range","invocations":1,"location":null,"numPassingAsserts":3,"retryReasons":[],"startAt":1767814866262,"status":"passed","title":"validates valid integer within range"},{"ancestorTitles":["validateInteger"],"duration":0,"failing":false,"failureDetails":[],"failureMessages":[],"fullName":"validateInteger rejects non-number input","invocations":1,"location":null,"numPassingAsserts":2,"retryReasons":[],"startAt":1767814866263,"status":"passed","title":"rejects non-number input"},{"ancestorTitles":["validateInteger"],"duration":0,"failing":false,"failureDetails":[],"failureMessages":[],"fullName":"validateInteger rejects float input","invocations":1,"location":null,"numPassingAsserts":2,"retryReasons":[],"startAt":1767814866263,"status":"passed","title":"rejects float input"},{"ancestorTitles":["validateInteger"],"duration":1,"failing":false,"failureDetails":[],"failureMessages":[],"fullName":"validateInteger rejects value below min","invocations":1,"location":null,"numPassingAsserts":2,"retryReasons":[],"startAt":1767814866263,"status":"passed","title":"rejects value below min"},{"ancestorTitles":["validateInteger"],"duration":0,"failing":false,"failureDetails":[],"failureMessages":[],"fullName":"validateInteger rejects value above max","invocations":1,"location":null,"numPassingAsserts":2,"retryReasons":[],"startAt":1767814866264,"status":"passed","title":"rejects value above max"},{"ancestorTitles":["validateInteger"],"duration":0,"failing":false,"failureDetails":[],"failureMessages":[],"fullName":"validateInteger works with default range","invocations":1,"location":null,"numPassingAsserts":1,"retryReasons":[],"startAt":1767814866264,"status":"passed","title":"works with default range"},{"ancestorTitles":["validateEnum"],"duration":1,"failing":false,"failureDetails":[],"failureMessages":[],"fullName":"validateEnum validates value in allowed list","invocations":1,"location":null,"numPassingAsserts":2,"retryReasons":[],"startAt":1767814866264,"status":"passed","title":"validates value in allowed list"},{"ancestorTitles":["validateEnum"],"duration":0,"failing":false,"failureDetails":[],"failureMessages":[],"fullName":"validateEnum rejects value not in allowed list","invocations":1,"location":null,"numPassingAsserts":2,"retryReasons":[],"startAt":1767814866265,"status":"passed","title":"rejects value not in allowed list"},{"ancestorTitles":["validateEnum"],"duration":0,"failing":false,"failureDetails":[],"failureMessages":[],"fullName":"validateEnum throws error for non-array allowedValues","invocations":1,"location":null,"numPassingAsserts":1,"retryReasons":[],"startAt":1767814866265,"status":"passed","title":"throws error for non-array allowedValues"},{"ancestorTitles":["sanitizeString"],"duration":0,"failing":false,"failureDetails":[],"failureMessages":[],"fullName":"sanitizeString sanitizes HTML special characters","invocations":1,"location":null,"numPassingAsserts":5,"retryReasons":[],"startAt":1767814866266,"status":"passed","title":"sanitizes HTML special characters"},{"ancestorTitles":["sanitizeString"],"duration":0,"failing":false,"failureDetails":[],"failureMessages":[],"fullName":"sanitizeString sanitizes quotes","invocations":1,"location":null,"numPassingAsserts":1,"retryReasons":[],"startAt":1767814866266,"status":"passed","title":"sanitizes quotes"},{"ancestorTitles":["sanitizeString"],"duration":1,"failing":false,"failureDetails":[],"failureMessages":[],"fullName":"sanitizeString rejects non-string input","invocations":1,"location":null,"numPassingAsserts":2,"retryReasons":[],"startAt":1767814866266,"status":"passed","title":"rejects non-string input"},{"ancestorTitles":["sanitizeString"],"duration":0,"failing":false,"failureDetails":[],"failureMessages":[],"fullName":"sanitizeString rejects string exceeding max length","invocations":1,"location":null,"numPassingAsserts":2,"retryReasons":[],"startAt":1767814866267,"status":"passed","title":"rejects string exceeding max length"},{"ancestorTitles":["sanitizeString"],"duration":0,"failing":false,"failureDetails":[],"failureMessages":[],"fullName":"sanitizeString allows string within max length","invocations":1,"location":null,"numPassingAsserts":1,"retryReasons":[],"startAt":1767814866267,"status":"passed","title":"allows string within max length"},{"ancestorTitles":["validateObject"],"duration":0,"failing":false,"failureDetails":[],"failureMessages":[],"fullName":"validateObject validates object with correct schema","invocations":1,"location":null,"numPassingAsserts":2,"retryReasons":[],"startAt":1767814866267,"status":"passed","title":"validates object with correct schema"},{"ancestorTitles":["validateObject"],"duration":1,"failing":false,"failureDetails":[],"failureMessages":[],"fullName":"validateObject rejects missing property","invocations":1,"location":null,"numPassingAsserts":2,"retryReasons":[],"startAt":1767814866267,"status":"passed","title":"rejects missing property"},{"ancestorTitles":["validateObject"],"duration":0,"failing":false,"failureDetails":[],"failureMessages":[],"fullName":"validateObject rejects wrong type","invocations":1,"location":null,"numPassingAsserts":2,"retryReasons":[],"startAt":1767814866268,"status":"passed","title":"rejects wrong type"},{"ancestorTitles":["validateObject"],"duration":0,"failing":false,"failureDetails":[],"failureMessages":[],"fullName":"validateObject rejects non-object input","invocations":1,"location":null,"numPassingAsserts":2,"retryReasons":[],"startAt":1767814866268,"status":"passed","title":"rejects non-object input"},{"ancestorTitles":["validateObject"],"duration":0,"failing":false,"failureDetails":[],"failureMessages":[],"fullName":"validateObject rejects null input","invocations":1,"location":null,"numPassingAsserts":1,"retryReasons":[],"startAt":1767814866268,"status":"passed","title":"rejects null input"},{"ancestorTitles":["createRateLimiter"],"duration":1,"failing":false,"failureDetails":[],"failureMessages":[],"fullName":"createRateLimiter allows actions within limit","invocations":1,"location":null,"numPassingAsserts":3,"retryReasons":[],"startAt":1767814866269,"status":"passed","title":"allows actions within limit"},{"ancestorTitles":["createRateLimiter"],"duration":1,"failing":false,"failureDetails":[],"failureMessages":[],"fullName":"createRateLimiter blocks actions exceeding limit","invocations":1,"location":null,"numPassingAsserts":2,"retryReasons":[],"startAt":1767814866270,"status":"passed","title":"blocks actions exceeding limit"},{"ancestorTitles":["createRateLimiter"],"duration":1,"failing":false,"failureDetails":[],"failureMessages":[],"fullName":"createRateLimiter allows actions after window expires","invocations":1,"location":null,"numPassingAsserts":2,"retryReasons":[],"startAt":1767814866271,"status":"passed","title":"allows actions after window expires"},{"ancestorTitles":["secureLog"],"duration":1,"failing":false,"failureDetails":[],"failureMessages":[],"fullName":"secureLog info logs in development","invocations":1,"location":null,"numPassingAsserts":1,"retryReasons":[],"startAt":1767814866272,"status":"passed","title":"info logs in development"},{"ancestorTitles":["secureLog"],"duration":0,"failing":false,"failureDetails":[],"failureMessages":[],"fullName":"secureLog warn logs in development","invocations":1,"location":null,"numPassingAsserts":1,"retryReasons":[],"startAt":1767814866273,"status":"passed","title":"warn logs in development"},{"ancestorTitles":["secureLog"],"duration":0,"failing":false,"failureDetails":[],"failureMessages":[],"fullName":"secureLog error always logs (sanitized in prod)","invocations":1,"location":null,"numPassingAsserts":1,"retryReasons":[],"startAt":1767814866273,"status":"passed","title":"error always logs (sanitized in prod)"},{"ancestorTitles":["secureLog"],"duration":0,"failing":false,"failureDetails":[],"failureMessages":[],"fullName":"secureLog security logs warning","invocations":1,"location":null,"numPassingAsserts":1,"retryReasons":[],"startAt":1767814866274,"status":"passed","title":"security logs warning"},{"ancestorTitles":["deepFreeze"],"duration":0,"failing":false,"failureDetails":[],"failureMessages":[],"fullName":"deepFreeze returns non-object input unchanged","invocations":1,"location":null,"numPassingAsserts":3,"retryReasons":[],"startAt":1767814866274,"status":"passed","title":"returns non-object input unchanged"},{"ancestorTitles":["deepFreeze"],"duration":0,"failing":false,"failureDetails":[],"failureMessages":[],"fullName":"deepFreeze freezes object","invocations":1,"location":null,"numPassingAsserts":1,"retryReasons":[],"startAt":1767814866274,"status":"passed","title":"freezes object"},{"ancestorTitles":["deepFreeze"],"duration":0,"failing":false,"failureDetails":[],"failureMessages":[],"fullName":"deepFreeze freezes nested objects","invocations":1,"location":null,"numPassingAsserts":2,"retryReasons":[],"startAt":1767814866275,"status":"passed","title":"freezes nested objects"},{"ancestorTitles":["createReadOnlyProxy"],"duration":0,"failing":false,"failureDetails":[],"failureMessages":[],"fullName":"createReadOnlyProxy allows reading properties","invocations":1,"location":null,"numPassingAsserts":2,"retryReasons":[],"startAt":1767814866275,"status":"passed","title":"allows reading properties"},{"ancestorTitles":["createReadOnlyProxy"],"duration":0,"failing":false,"failureDetails":[],"failureMessages":[],"fullName":"createReadOnlyProxy prevents setting properties","invocations":1,"location":null,"numPassingAsserts":1,"retryReasons":[],"startAt":1767814866275,"status":"passed","title":"prevents setting properties"},{"ancestorTitles":["createReadOnlyProxy"],"duration":1,"failing":false,"failureDetails":[],"failureMessages":[],"fullName":"createReadOnlyProxy prevents deleting properties","invocations":1,"location":null,"numPassingAsserts":1,"retryReasons":[],"startAt":1767814866275,"status":"passed","title":"prevents deleting properties"}],"endTime":1767814866277,"message":"","name":"Z:\\DEV\\cryptoduels\\src\\utils\\security.test.js","startTime":1767814864935,"status":"passed","summary":""},{"assertionResults":[{"ancestorTitles":["ThemeContext","THEMES"],"duration":3,"failing":false,"failureDetails":[{}],"failureMessages":["TypeError: Cannot read properties of undefined (reading 'LIGHT')\n    at Object.LIGHT (Z:\\DEV\\cryptoduels\\src\\context\\ThemeContext.test.jsx:28:27)\n    at Promise.finally.completed (Z:\\DEV\\cryptoduels\\node_modules\\jest-circus\\build\\jestAdapterInit.js:1557:28)\n    at new Promise (<anonymous>)\n    at callAsyncCircusFn (Z:\\DEV\\cryptoduels\\node_modules\\jest-circus\\build\\jestAdapterInit.js:1497:10)\n    at _callCircusTest (Z:\\DEV\\cryptoduels\\node_modules\\jest-circus\\build\\jestAdapterInit.js:1007:40)\n    at processTicksAndRejections (node:internal/process/task_queues:103:5)\n    at _runTest (Z:\\DEV\\cryptoduels\\node_modules\\jest-circus\\build\\jestAdapterInit.js:947:3)\n    at Z:\\DEV\\cryptoduels\\node_modules\\jest-circus\\build\\jestAdapterInit.js:849:7\n    at _runTestsForDescribeBlock (Z:\\DEV\\cryptoduels\\node_modules\\jest-circus\\build\\jestAdapterInit.js:862:11)\n    at _runTestsForDescribeBlock (Z:\\DEV\\cryptoduels\\node_modules\\jest-circus\\build\\jestAdapterInit.js:857:11)\n    at _runTestsForDescribeBlock (Z:\\DEV\\cryptoduels\\node_modules\\jest-circus\\build\\jestAdapterInit.js:857:11)\n    at run (Z:\\DEV\\cryptoduels\\node_modules\\jest-circus\\build\\jestAdapterInit.js:761:3)\n    at runAndTransformResultsToJestFormat (Z:\\DEV\\cryptoduels\\node_modules\\jest-circus\\build\\jestAdapterInit.js:1918:21)\n    at jestAdapter (Z:\\DEV\\cryptoduels\\node_modules\\jest-circus\\build\\runner.js:101:19)\n    at runTestInternal (Z:\\DEV\\cryptoduels\\node_modules\\jest-runner\\build\\testWorker.js:275:16)\n    at runTest (Z:\\DEV\\cryptoduels\\node_modules\\jest-runner\\build\\testWorker.js:343:7)\n    at Object.worker (Z:\\DEV\\cryptoduels\\node_modules\\jest-runner\\build\\testWorker.js:497:12)"],"fullName":"ThemeContext THEMES exports LIGHT theme","invocations":1,"location":null,"numPassingAsserts":0,"retryReasons":[],"startAt":1767814866121,"status":"failed","title":"exports LIGHT theme"},{"ancestorTitles":["ThemeContext","THEMES"],"duration":0,"failing":false,"failureDetails":[{}],"failureMessages":["TypeError: Cannot read properties of undefined (reading 'DARK')\n    at Object.DARK (Z:\\DEV\\cryptoduels\\src\\context\\ThemeContext.test.jsx:32:27)\n    at Promise.finally.completed (Z:\\DEV\\cryptoduels\\node_modules\\jest-circus\\build\\jestAdapterInit.js:1557:28)\n    at new Promise (<anonymous>)\n    at callAsyncCircusFn (Z:\\DEV\\cryptoduels\\node_modules\\jest-circus\\build\\jestAdapterInit.js:1497:10)\n    at _callCircusTest (Z:\\DEV\\cryptoduels\\node_modules\\jest-circus\\build\\jestAdapterInit.js:1007:40)\n    at processTicksAndRejections (node:internal/process/task_queues:103:5)\n    at _runTest (Z:\\DEV\\cryptoduels\\node_modules\\jest-circus\\build\\jestAdapterInit.js:947:3)\n    at Z:\\DEV\\cryptoduels\\node_modules\\jest-circus\\build\\jestAdapterInit.js:849:7\n    at _runTestsForDescribeBlock (Z:\\DEV\\cryptoduels\\node_modules\\jest-circus\\build\\jestAdapterInit.js:862:11)\n    at _runTestsForDescribeBlock (Z:\\DEV\\cryptoduels\\node_modules\\jest-circus\\build\\jestAdapterInit.js:857:11)\n    at _runTestsForDescribeBlock (Z:\\DEV\\cryptoduels\\node_modules\\jest-circus\\build\\jestAdapterInit.js:857:11)\n    at run (Z:\\DEV\\cryptoduels\\node_modules\\jest-circus\\build\\jestAdapterInit.js:761:3)\n    at runAndTransformResultsToJestFormat (Z:\\DEV\\cryptoduels\\node_modules\\jest-circus\\build\\jestAdapterInit.js:1918:21)\n    at jestAdapter (Z:\\DEV\\cryptoduels\\node_modules\\jest-circus\\build\\runner.js:101:19)\n    at runTestInternal (Z:\\DEV\\cryptoduels\\node_modules\\jest-runner\\build\\testWorker.js:275:16)\n    at runTest (Z:\\DEV\\cryptoduels\\node_modules\\jest-runner\\build\\testWorker.js:343:7)\n    at Object.worker (Z:\\DEV\\cryptoduels\\node_modules\\jest-runner\\build\\testWorker.js:497:12)"],"fullName":"ThemeContext THEMES exports DARK theme","invocations":1,"location":null,"numPassingAsserts":0,"retryReasons":[],"startAt":1767814866130,"status":"failed","title":"exports DARK theme"},{"ancestorTitles":["ThemeContext","ThemeProvider"],"duration":37,"failing":false,"failureDetails":[],"failureMessages":[],"fullName":"ThemeContext ThemeProvider provides theme context","invocations":1,"location":null,"numPassingAsserts":2,"retryReasons":[],"startAt":1767814866131,"status":"passed","title":"provides theme context"},{"ancestorTitles":["ThemeContext","ThemeProvider"],"duration":3,"failing":false,"failureDetails":[],"failureMessages":[],"fullName":"ThemeContext ThemeProvider defaults to dark theme","invocations":1,"location":null,"numPassingAsserts":2,"retryReasons":[],"startAt":1767814866168,"status":"passed","title":"defaults to dark theme"},{"ancestorTitles":["ThemeContext","ThemeProvider"],"duration":4,"failing":false,"failureDetails":[],"failureMessages":[],"fullName":"ThemeContext ThemeProvider toggleTheme switches theme","invocations":1,"location":null,"numPassingAsserts":2,"retryReasons":[],"startAt":1767814866171,"status":"passed","title":"toggleTheme switches theme"},{"ancestorTitles":["ThemeContext","ThemeProvider"],"duration":2,"failing":false,"failureDetails":[],"failureMessages":[],"fullName":"ThemeContext ThemeProvider persists theme to localStorage","invocations":1,"location":null,"numPassingAsserts":1,"retryReasons":[],"startAt":1767814866175,"status":"passed","title":"persists theme to localStorage"},{"ancestorTitles":["ThemeContext","ThemeProvider"],"duration":2,"failing":false,"failureDetails":[],"failureMessages":[],"fullName":"ThemeContext ThemeProvider applies theme to document","invocations":1,"location":null,"numPassingAsserts":1,"retryReasons":[],"startAt":1767814866178,"status":"passed","title":"applies theme to document"},{"ancestorTitles":["ThemeContext","useTheme"],"duration":92,"failing":false,"failureDetails":[],"failureMessages":[],"fullName":"ThemeContext useTheme throws error when used outside provider","invocations":1,"location":null,"numPassingAsserts":1,"retryReasons":[],"startAt":1767814866180,"status":"passed","title":"throws error when used outside provider"},{"ancestorTitles":["ThemeContext","useTheme"],"duration":2,"failing":false,"failureDetails":[],"failureMessages":[],"fullName":"ThemeContext useTheme returns isTransitioning state","invocations":1,"location":null,"numPassingAsserts":1,"retryReasons":[],"startAt":1767814866272,"status":"passed","title":"returns isTransitioning state"}],"endTime":1767814866294,"message":"  ● ThemeContext › THEMES › exports LIGHT theme\n\n    TypeError: Cannot read properties of undefined (reading 'LIGHT')\n\n    \u001b[0m \u001b[90m 26 |\u001b[39m     describe(\u001b[32m'THEMES'\u001b[39m\u001b[33m,\u001b[39m () \u001b[33m=>\u001b[39m {\n     \u001b[90m 27 |\u001b[39m         test(\u001b[32m'exports LIGHT theme'\u001b[39m\u001b[33m,\u001b[39m () \u001b[33m=>\u001b[39m {\n    \u001b[31m\u001b[1m>\u001b[22m\u001b[39m\u001b[90m 28 |\u001b[39m             expect(\u001b[33mTHEMES\u001b[39m\u001b[33m.\u001b[39m\u001b[33mLIGHT\u001b[39m)\u001b[33m.\u001b[39mtoBe(\u001b[32m'light'\u001b[39m)\u001b[33m;\u001b[39m\n     \u001b[90m    |\u001b[39m                           \u001b[31m\u001b[1m^\u001b[22m\u001b[39m\n     \u001b[90m 29 |\u001b[39m         })\u001b[33m;\u001b[39m\n     \u001b[90m 30 |\u001b[39m\n     \u001b[90m 31 |\u001b[39m         test(\u001b[32m'exports DARK theme'\u001b[39m\u001b[33m,\u001b[39m () \u001b[33m=>\u001b[39m {\u001b[0m\n\n      at Object.LIGHT (src/context/ThemeContext.test.jsx:28:27)\n\n  ● ThemeContext › THEMES › exports DARK theme\n\n    TypeError: Cannot read properties of undefined (reading 'DARK')\n\n    \u001b[0m \u001b[90m 30 |\u001b[39m\n     \u001b[90m 31 |\u001b[39m         test(\u001b[32m'exports DARK theme'\u001b[39m\u001b[33m,\u001b[39m () \u001b[33m=>\u001b[39m {\n    \u001b[31m\u001b[1m>\u001b[22m\u001b[39m\u001b[90m 32 |\u001b[39m             expect(\u001b[33mTHEMES\u001b[39m\u001b[33m.\u001b[39m\u001b[33mDARK\u001b[39m)\u001b[33m.\u001b[39mtoBe(\u001b[32m'dark'\u001b[39m)\u001b[33m;\u001b[39m\n     \u001b[90m    |\u001b[39m                           \u001b[31m\u001b[1m^\u001b[22m\u001b[39m\n     \u001b[90m 33 |\u001b[39m         })\u001b[33m;\u001b[39m\n     \u001b[90m 34 |\u001b[39m     })\u001b[33m;\u001b[39m\n     \u001b[90m 35 |\u001b[39m\u001b[0m\n\n      at Object.DARK (src/context/ThemeContext.test.jsx:32:27)\n","name":"Z:\\DEV\\cryptoduels\\src\\context\\ThemeContext.test.jsx","startTime":1767814864957,"status":"failed","summary":""},{"assertionResults":[{"ancestorTitles":["StatCard Component"],"duration":143,"failing":false,"failureDetails":[],"failureMessages":[],"fullName":"StatCard Component renders standard number with formatted value","invocations":1,"location":null,"numPassingAsserts":2,"retryReasons
[...]
{ ref } { ...props } />),\n    \u001b[7m  \u001b[0m \u001b[91m                                                                                                ~\u001b[0m\n    \u001b[96msrc/__mocks__/framer-motion.ts\u001b[0m:\u001b[93m17\u001b[0m:\u001b[93m98\u001b[0m - \u001b[91merror\u001b[0m\u001b[90m TS1109: \u001b[0mExpression expected.\n\n    \u001b[7m17\u001b[0m     rect: React.forwardRef<SVGRectElement, any>((props, ref) => <rect ref={ ref } { ...props } />),\n    \u001b[7m  \u001b[0m \u001b[91m                                                                                                 ~\u001b[0m\n    \u001b[96msrc/__mocks__/framer-motion.ts\u001b[0m:\u001b[93m21\u001b[0m:\u001b[93m92\u001b[0m - \u001b[91merror\u001b[0m\u001b[90m TS1110: \u001b[0mType expected.\n\n    \u001b[7m21\u001b[0m export const AnimatePresence: React.FC<{ children: React.ReactNode }> = ({ children }) => <>{ children } </>;\n    \u001b[7m  \u001b[0m \u001b[91m                                                                                           ~\u001b[0m\n    \u001b[96msrc/__mocks__/framer-motion.ts\u001b[0m:\u001b[93m21\u001b[0m:\u001b[93m107\u001b[0m - \u001b[91merror\u001b[0m\u001b[90m TS1161: \u001b[0mUnterminated regular expression literal.\n\n    \u001b[7m21\u001b[0m export const AnimatePresence: React.FC<{ children: React.ReactNode }> = ({ children }) => <>{ children } </>;\n    \u001b[7m  \u001b[0m \u001b[91m                                                                                                          ~~\u001b[0m\n","name":"Z:\\DEV\\cryptoduels\\src\\App.test.jsx","startTime":1767814867343,"status":"failed","summary":""},{"assertionResults":[],"coverage":{},"endTime":1767814867343,"message":"  ● Test suite failed to run\n\n    \u001b[96msrc/__mocks__/framer-motion.ts\u001b[0m:\u001b[93m10\u001b[0m:\u001b[93m69\u001b[0m - \u001b[91merror\u001b[0m\u001b[90m TS1005: \u001b[0m'>' expected.\n\n    \u001b[7m10\u001b[0m     div: React.forwardRef<HTMLDivElement, any>((props, ref) => <div ref={ ref } { ...props } />),\n    \u001b[7m  \u001b[0m \u001b[91m                                                                    ~~~\u001b[0m\n    \u001b[96msrc/__mocks__/framer-motion.ts\u001b[0m:\u001b[93m10\u001b[0m:\u001b[93m72\u001b[0m - \u001b[91merror\u001b[0m\u001b[90m TS1005: \u001b[0m',' expected.\n\n    \u001b[7m10\u001b[0m     div: React.forwardRef<HTMLDivElement, any>((props, ref) => <div ref={ ref } { ...props } />),\n    \u001b[7m  \u001b[0m \u001b[91m                                                                       ~\u001b[0m\n    \u001b[96msrc/__mocks__/framer-motion.ts\u001b[0m:\u001b[93m10\u001b[0m:\u001b[93m81\u001b[0m - \u001b[91merror\u001b[0m\u001b[90m TS1005: \u001b[0m',' expected.\n\n    \u001b[7m10\u001b[0m     div: React.forwardRef<HTMLDivElement, any>((props, ref) => <div ref={ ref } { ...props } />),\n    \u001b[7m  \u001b[0m \u001b[91m                                                                                ~\u001b[0m\n    \u001b[96msrc/__mocks__/framer-motion.ts\u001b[0m:\u001b[93m10\u001b[0m:\u001b[93m95\u001b[0m - \u001b[91merror\u001b[0m\u001b[90m TS1109: \u001b[0mExpression expected.\n\n    \u001b[7m10\u001b[0m     div: React.forwardRef<HTMLDivElement, any>((props, ref) => <div ref={ ref } { ...props } />),\n    \u001b[7m  \u001b[0m \u001b[91m                                                                                              ~\u001b[0m\n    \u001b[96msrc/__mocks__/framer-motion.ts\u001b[0m:\u001b[93m10\u001b[0m:\u001b[93m96\u001b[0m - \u001b[91merror\u001b[0m\u001b[90m TS1109: \u001b[0mExpression expected.\n\n    \u001b[7m10\u001b[0m     div: React.forwardRef<HTMLDivElement, any>((props, ref) => <div ref={ ref } { ...props } />),\n    \u001b[7m  \u001b[0m \u001b[91m                                                                                               ~\u001b[0m\n    \u001b[96msrc/__mocks__/framer-motion.ts\u001b[0m:\u001b[93m11\u001b[0m:\u001b[93m72\u001b[0m - \u001b[91merror\u001b[0m\u001b[90m TS1005: \u001b[0m'>' expected.\n\n    \u001b[7m11\u001b[0m     span: React.forwardRef<HTMLSpanElement, any>((props, ref) => <span ref={ ref } { ...props } />),\n    \u001b[7m  \u001b[0m \u001b[91m                                                                       ~~~\u001b[0m\n    \u001b[96msrc/__mocks__/framer-motion.ts\u001b[0m:\u001b[93m11\u001b[0m:\u001b[93m75\u001b[0m - \u001b[91merror\u001b[0m\u001b[90m TS1005: \u001b[0m',' expected.\n\n    \u001b[7m11\u001b[0m     span: React.forwardRef<HTMLSpanElement, any>((props, ref) => <span ref={ ref } { ...props } />),\n    \u001b[7m  \u001b[0m \u001b[91m                                                                          ~\u001b[0m\n    \u001b[96msrc/__mocks__/framer-motion.ts\u001b[0m:\u001b[93m11\u001b[0m:\u001b[93m84\u001b[0m - \u001b[91merror\u001b[0m\u001b[90m TS1005: \u001b[0m',' expected.\n\n    \u001b[7m11\u001b[0m     span: React.forwardRef<HTMLSpanElement, any>((props, ref) => <span ref={ ref } { ...props } />),\n    \u001b[7m  \u001b[0m \u001b[91m                                                                                   ~\u001b[0m\n    \u001b[96msrc/__mocks__/framer-motion.ts\u001b[0m:\u001b[93m11\u001b[0m:\u001b[93m98\u001b[0m - \u001b[91merror\u001b[0m\u001b[90m TS1109: \u001b[0mExpression expected.\n\n    \u001b[7m11\u001b[0m     span: React.forwardRef<HTMLSpanElement, any>((props, ref) => <span ref={ ref } { ...props } />),\n    \u001b[7m  \u001b[0m \u001b[91m                                                                                                 ~\u001b[0m\n    \u001b[96msrc/__mocks__/framer-motion.ts\u001b[0m:\u001b[93m11\u001b[0m:\u001b[93m99\u001b[0m - \u001b[91merror\u001b[0m\u001b[90m TS1109: \u001b[0mExpression expected.\n\n    \u001b[7m11\u001b[0m     span: React.forwardRef<HTMLSpanElement, any>((props, ref) => <span ref={ ref } { ...props } />),\n    \u001b[7m  \u001b[0m \u001b[91m                                                                                                  ~\u001b[0m\n    \u001b[96msrc/__mocks__/framer-motion.ts\u001b[0m:\u001b[93m12\u001b[0m:\u001b[93m78\u001b[0m - \u001b[91merror\u001b[0m\u001b[90m TS1005: \u001b[0m'>' expected.\n\n    \u001b[7m12\u001b[0m     button: React.forwardRef<HTMLButtonElement, any>((props, ref) => <button ref={ ref } { ...props } />),\n    \u001b[7m  \u001b[0m \u001b[91m                                                                             ~~~\u001b[0m\n    \u001b[96msrc/__mocks__/framer-motion.ts\u001b[0m:\u001b[93m12\u001b[0m:\u001b[93m81\u001b[0m - \u001b[91merror\u001b[0m\u001b[90m TS1005: \u001b[0m',' expected.\n\n    \u001b[7m12\u001b[0m     button: React.forwardRef<HTMLButtonElement, any>((props, ref) => <button ref={ ref } { ...props } />),\n    \u001b[7m  \u001b[0m \u001b[91m                                                                                ~\u001b[0m\n    \u001b[96msrc/__mocks__/framer-motion.ts\u001b[0m:\u001b[93m12\u001b[0m:\u001b[93m90\u001b[0m - \u001b[91merror\u001b[0m\u001b[90m TS1005: \u001b[0m',' expected.\n\n    \u001b[7m12\u001b[0m     button: React.forwardRef<HTMLButtonElement, any>((props, ref) => <button ref={ ref } { ...props } />),\n    \u001b[7m  \u001b[0m \u001b[91m                                                                                         ~\u001b[0m\n    \u001b[96msrc/__mocks__/framer-motion.ts\u001b[0m:\u001b[93m12\u001b[0m:\u001b[93m104\u001b[0m - \u001b[91merror\u001b[0m\u001b[90m TS1109: \u001b[0mExpression expected.\n\n    \u001b[7m12\u001b[0m     button: React.forwardRef<HTMLButtonElement, any>((props, ref) => <button ref={ ref } { ...props } />),\n    \u001b[7m  \u001b[0m \u001b[91m                                                                                                       ~\u001b[0m\n    \u001b[96msrc/__mocks__/framer-motion.ts\u001b[0m:\u001b[93m12\u001b[0m:\u001b[93m105\u001b[0m - \u001b[91merror\u001b[0m\u001b[90m TS1109: \u001b[0mExpression expected.\n\n    \u001b[7m12\u001b[0m     button: React.forwardRef<HTMLButtonElement, any>((props, ref) => <button ref={ ref } { ...props } />),\n    \u001b[7m  \u001b[0m \u001b[91m                                                                                                        ~\u001b[0m\n    \u001b[96msrc/__mocks__/framer-motion.ts\u001b[0m:\u001b[93m13\u001b[0m:\u001b[93m68\u001b[0m - \u001b[91merror\u001b[0m\u001b[90m TS1005: \u001b[0m'>' expected.\n\n    \u001b[7m13\u001b[0m     svg: React.forwardRef<SVGSVGElement, any>((props, ref) => <svg ref={ ref } { ...props } />),\n    \u001b[7m  \u001b[0m \u001b[91m                                                                   ~~~\u001b[0m\n    \u001b[96msrc/__mocks__/framer-motion.ts\u001b[0m:\u001b[93m13\u001b[0m:\u001b[93m71\u001b[0m - \u001b[91merror\u001b[0m\u001b[90m TS1005: \u001b[0m',' expected.\n\n    \u001b[7m13\u001b[0m     svg: React.forwardRef<SVGSVGElement, any>((props, ref) => <svg ref={ ref } { ...props } />),\n    \u001b[7m  \u001b[0m \u001b[91m                                                                      ~\u001b[0m\n    \u001b[96msrc/__mocks__/framer-motion.ts\u001b[0m:\u001b[93m13\u001b[0m:\u001b[93m80\u001b[0m - \u001b[91merror\u001b[0m\u001b[90m TS1005: \u001b[0m',' expected.\n\n    \u001b[7m13\u001b[0m     svg: React.forwardRef<SVGSVGElement, any>((props, ref) => <svg ref={ ref } { ...props } />),\n    \u001b[7m  \u001b[0m \u001b[91m                                                                               ~\u001b[0m\n    \u001b[96msrc/__mocks__/framer-motion.ts\u001b[0m:\u001b[93m13\u001b[0m:\u001b[93m94\u001b[0m - \u001b[91merror\u001b[0m\u001b[90m TS1109: \u001b[0mExpression expected.\n\n    \u001b[7m13\u001b[0m     svg: React.forwardRef<SVGSVGElement, any>((props, ref) => <svg ref={ ref } { ...props } />),\n    \u001b[7m  \u001b[0m \u001b[91m                                                                                             ~\u001b[0m\n    \u001b[96msrc/__mocks__/framer-motion.ts\u001b[0m:\u001b[93m13\u001b[0m:\u001b[93m95\u001b[0m - \u001b[91merror\u001b[0m\u001b[90m TS1109: \u001b[0mExpression expected.\n\n    \u001b[7m13\u001b[0m     svg: React.forwardRef<SVGSVGElement, any>((props, ref) => <svg ref={ ref } { ...props } />),\n    \u001b[7m  \u001b[0m \u001b[91m                                                                                              ~\u001b[0m\n    \u001b[96msrc/__mocks__/framer-motion.ts\u001b[0m:\u001b[93m14\u001b[0m:\u001b[93m71\u001b[0m - \u001b[91merror\u001b[0m\u001b[90m TS1005: \u001b[0m'>' expected.\n\n    \u001b[7m14\u001b[0m     path: React.forwardRef<SVGPathElement, any>((props, ref) => <path ref={ ref } { ...props } />),\n    \u001b[7m  \u001b[0m \u001b[91m                                                                      ~~~\u001b[0m\n    \u001b[96msrc/__mocks__/framer-motion.ts\u001b[0m:\u001b[93m14\u001b[0m:\u001b[93m74\u001b[0m - \u001b[91merror\u001b[0m\u001b[90m TS1005: \u001b[0m',' expected.\n\n    \u001b[7m14\u001b[0m     path: React.forwardRef<SVGPathElement, any>((props, ref) => <path ref={ ref } { ...props } />),\n    \u001b[7m  \u001b[0m \u001b[91m                                                                         ~\u001b[0m\n    \u001b[96msrc/__mocks__/framer-motion.ts\u001b[0m:\u001b[93m14\u001b[0m:\u001b[93m83\u001b[0m - \u001b[91merror\u001b[0m\u001b[90m TS1005: \u001b[0m',' expected.\n\n    \u001b[7m14\u001b[0m     path: React.forwardRef<SVGPathElement, any>((props, ref) => <path ref={ ref } { ...props } />),\n    \u001b[7m  \u001b[0m \u001b[91m                                                                                  ~\u001b[0m\n    \u001b[96msrc/__mocks__/framer-motion.ts\u001b[0m:\u001b[93m14\u001b[0m:\u001b[93m97\u001b[0m - \u001b[91merror\u001b[0m\u001b[90m TS1109: \u001b[0mExpression expected.\n\n    \u001b[7m14\u001b[0m     path: React.forwardRef<SVGPathElement, any>((props, ref) => <path ref={ ref } { ...props } />),\n    \u001b[7m  \u001b[0m \u001b[91m                                                                                                ~\u001b[0m\n    \u001b[96msrc/__mocks__/framer-motion.ts\u001b[0m:\u001b[93m14\u001b[0m:\u001b[93m98\u001b[0m - \u001b[91merror\u001b[0m\u001b[90m TS1109: \u001b[0mExpression expected.\n\n    \u001b[7m14\u001b[0m     path: React.forwardRef<SVGPathElement, any>((props, ref) => <path ref={ ref } { ...props } />),\n    \u001b[7m  \u001b[0m \u001b[91m                                                                                                 ~\u001b[0m\n    \u001b[96msrc/__mocks__/framer-motion.ts\u001b[0m:\u001b[93m15\u001b[0m:\u001b[93m62\u001b[0m - \u001b[91merror\u001b[0m\u001b[90m TS1005: \u001b[0m'>' expected.\n\n    \u001b[7m15\u001b[0m     g: React.forwardRef<SVGGElement, any>((props, ref) => <g ref={ ref } { ...props } />),\n    \u001b[7m  \u001b[0m \u001b[91m                                                             ~~~\u001b[0m\n    \u001b[96msrc/__mocks__/framer-motion.ts\u001b[0m:\u001b[93m15\u001b[0m:\u001b[93m65\u001b[0m - \u001b[91merror\u001b[0m\u001b[90m TS1005: \u001b[0m',' expected.\n\n    \u001b[7m15\u001b[0m     g: React.forwardRef<SVGGElement, any>((props, ref) => <g ref={ ref } { ...props } />),\n    \u001b[7m  \u001b[0m \u001b[91m                                                                ~\u001b[0m\n    \u001b[96msrc/__mocks__/framer-motion.ts\u001b[0m:\u001b[93m15\u001b[0m:\u001b[93m74\u001b[0m - \u001b[91merror\u001b[0m\u001b[90m TS1005: \u001b[0m',' expected.\n\n    \u001b[7m15\u001b[0m     g: React.forwardRef<SVGGElement, any>((props, ref) => <g ref={ ref } { ...props } />),\n    \u001b[7m  \u001b[0m \u001b[91m                                                                         ~\u001b[0m\n    \u001b[96msrc/__mocks__/framer-motion.ts\u001b[0m:\u001b[93m15\u001b[0m:\u001b[93m88\u001b[0m - \u001b[91merror\u001b[0m\u001b[90m TS1109: \u001b[0mExpression expected.\n\n    \u001b[7m15\u001b[0m     g: React.forwardRef<SVGGElement, any>((props, ref) => <g ref={ ref } { ...props } />),\n    \u001b[7m  \u001b[0m \u001b[91m                                                                                       ~\u001b[0m\n    \u001b[96msrc/__mocks__/framer-motion.ts\u001b[0m:\u001b[93m15\u001b[0m:\u001b[93m89\u001b[0m - \u001b[91merror\u001b[0m\u001b[90m TS1109: \u001b[0mExpression expected.\n\n    \u001b[7m15\u001b[0m     g: React.forwardRef<SVGGElement, any>((props, ref) => <g ref={ ref } { ...props } />),\n    \u001b[7m  \u001b[0m \u001b[91m                                                                                        ~\u001b[0m\n    \u001b[96msrc/__mocks__/framer-motion.ts\u001b[0m:\u001b[93m16\u001b[0m:\u001b[93m77\u001b[0m - \u001b[91merror\u001b[0m\u001b[90m TS1005: \u001b[0m'>' expected.\n\n    \u001b[7m16\u001b[0m     circle: React.forwardRef<SVGCircleElement, any>((props, ref) => <circle ref={ ref } { ...props } />),\n    \u001b[7m  \u001b[0m \u001b[91m                                                                            ~~~\u001b[0m\n    \u001b[96msrc/__mocks__/framer-motion.ts\u001b[0m:\u001b[93m16\u001b[0m:\u001b[93m80\u001b[0m - \u001b[91merror\u001b[0m\u001b[90m TS1005: \u001b[0m',' expected.\n\n    \u001b[7m16\u001b[0m     circle: React.forwardRef<SVGCircleElement, any>((props, ref) => <circle ref={ ref } { ...props } />),\n    \u001b[7m  \u001b[0m \u001b[91m                                                                               ~\u001b[0m\n    \u001b[96msrc/__mocks__/framer-motion.ts\u001b[0m:\u001b[93m16\u001b[0m:\u001b[93m89\u001b[0m - \u001b[91merror\u001b[0m\u001b[90m TS1005: \u001b[0m',' expected.\n\n    \u001b[7m16\u001b[0m     circle: React.forwardRef<SVGCircleElement, any>((props, ref) => <circle ref={ ref } { ...props } />),\n    \u001b[7m  \u001b[0m \u001b[91m                                                                                        ~\u001b[0m\n    \u001b[96msrc/__mocks__/framer-motion.ts\u001b[0m:\u001b[93m16\u001b[0m:\u001b[93m103\u001b[0m - \u001b[91merror\u001b[0m\u001b[90m TS1109: \u001b[0mExpression expected.\n\n    \u001b[7m16\u001b[0m     circle: React.forwardRef<SVGCircleElement, any>((props, ref) => <circle ref={ ref } { ...props } />),\n    \u001b[7m  \u001b[0m \u001b[91m                                                                                                      ~\u001b[0m\n    \u001b[96msrc/__mocks__/framer-motion.ts\u001b[0m:\u001b[93m16\u001b[0m:\u001b[93m104\u001b[0m - \u001b[91merror\u001b[0m\u001b[90m TS1109: \u001b[0mExpression expected.\n\n    \u001b[7m16\u001b[0m     circle: React.forwardRef<SVGCircleElement, any>((props, ref) => <circle ref={ ref } { ...props } />),\n    \u001b[7m  \u001b[0m \u001b[91m                                                                                                       ~\u001b[0m\n    \u001b[96msrc/__mocks__/framer-motion.ts\u001b[0m:\u001b[93m17\u001b[0m:\u001b[93m71\u001b[0m - \u001b[91merror\u001b[0m\u001b[90m TS1005: \u001b[0m'>' expected.\n\n    \u001b[7m17\u001b[0m     rect: React.forwardRef<SVGRectElement, any>((props, ref) => <rect ref={ ref } { ...props } />),\n    \u001b[7m  \u001b[0m \u001b[91m                                                                      ~~~\u001b[0m\n    \u001b[96msrc/__mocks__/framer-motion.ts\u001b[0m:\u001b[93m17\u001b[0m:\u001b[93m74\u001b[0m - \u001b[91merror\u001b[0m\u001b[90m TS1005: \u001b[0m',' expected.\n\n    \u001b[7m17\u001b[0m     rect: React.forwardRef<SVGRectElement, any>((props, ref) => <rect ref={ ref } { ...props } />),\n    \u001b[7m  \u001b[0m \u001b[91m                                                                         ~\u001b[0m\n    \u001b[96msrc/__mocks__/framer-motion.ts\u001b[0m:\u001b[93m17\u001b[0m:\u001b[93m83\u001b[0m - \u001b[91merror\u001b[0m\u001b[90m TS1005: \u001b[0m',' expected.\n\n    \u001b[7m17\u001b[0m     rect: React.forwardRef<SVGRectElement, any>((props, ref) => <rect ref={ ref } { ...props } />),\n    \u001b[7m  \u001b[0m \u001b[91m                                                                                  ~\u001b[0m\n    \u001b[96msrc/__mocks__/framer-motion.ts\u001b[0m:\u001b[93m17\u001b[0m:\u001b[93m97\u001b[0m - \u001b[91merror\u001b[0m\u001b[90m TS1109: \u001b[0mExpression expected.\n\n    \u001b[7m17\u001b[0m     rect: React.forwardRef<SVGRectElement, any>((props, ref) => <rect ref={ ref } { ...props } />),\n    \u001b[7m  \u001b[0m \u001b[91m                                                                                                ~\u001b[0m\n    \u001b[96msrc/__mocks__/framer-motion.ts\u001b[0m:\u001b[93m17\u001b[0m:\u001b[93m98\u001b[0m - \u001b[91merror\u001b[0m\u001b[90m TS1109: \u001b[0mExpression expected.\n\n    \u001b[7m17\u001b[0m     rect: React.forwardRef<SVGRectElement, any>((props, ref) => <rect ref={ ref } { ...props } />),\n    \u001b[7m  \u001b[0m \u001b[91m                                                                                                 ~\u001b[0m\n    \u001b[96msrc/__mocks__/framer-motion.ts\u001b[0m:\u001b[93m21\u001b[0m:\u001b[93m92\u001b[0m - \u001b[91merror\u001b[0m\u001b[90m TS1110: \u001b[0mType expected.\n\n    \u001b[7m21\u001b[0m export const AnimatePresence: React.FC<{ children: React.ReactNode }> = ({ children }) => <>{ children } </>;\n    \u001b[7m  \u001b[0m \u001b[91m                                                                                           ~\u001b[0m\n    \u001b[96msrc/__mocks__/framer-motion.ts\u001b[0m:\u001b[93m21\u001b[0m:\u001b[93m107\u001b[0m - \u001b[91merror\u001b[0m\u001b[90m TS1161: \u001b[0mUnterminated regular expression literal.\n\n    \u001b[7m21\u001b[0m export const AnimatePresence: React.FC<{ children: React.ReactNode }> = ({ children }) => <>{ children } </>;\n    \u001b[7m  \u001b[0m \u001b[91m                                                                                                          ~~\u001b[0m\n","name":"Z:\\DEV\\cryptoduels\\src\\context\\SafetyContext.test.jsx","startTime":1767814867343,"status":"failed","summary":""}],"wasInterrupted":false}
